168528528	ar	9950164	刚好遇见你	李玉刚	0
1685126	ar	6660691	一次就好-(电影《夏洛特烦恼》暖水曲)	杨宗纬	0
168522572	ar	275082	男人KTV	胡彦斌	0
168528528	ar	3612022	许多年以后	赵鑫	0
168529112	ar	7782827	妈妈说	王铮亮	0
497685	ar	6537941	妈妈	祁隆	0
86883752	ar	4705948	多喜欢你	小贱	0
168522572	ar	80403	十年	陈奕迅	0
168529750	ar	5517668	菊花爆满山	马博	0
1062806	ar	60468	童年	卓依婷	0
168522572	ar	92041	黄昏 (Live)	周传雄	0
168529781	ar	8131487	入梦-(动画片《梦幻西游》主题曲)	SNH48	0
168529701	ar	6577841	What Do You Mean?	Justin Bieber	0
168529700	ar	1003207	Where Them Girls At	David Guetta&Nicki Minaj&Flo Rida	0
168529700	ar	878553	the kids arent alright	The Offspring	0
168529700	ar	4068248	Don't Phunk With My Heart	Black Eyed Peas	0
168529700	ar	87660	It's My Life	Bon Jovi	0
168529700	ar	922557	All I Do Is Win	DJ Khaled&Rick Ross&Snoop Dogg&Ludacris&T-Pain	0
168529700	ar	1099977	Stronger	Kelly Clarkson	0
168529700	ar	5476987	Talking Body	Tove Lo	0
168529700	ar	6854957	House Party(Club Mix)	Mad Mark&B-Case&DJ Antoine	0
168529700	ar	1106776	We Found Love	Rihanna&Calvin Harris	0
168529700	ar	3216960	Let's Go (Radio Edit)	Calvin Harris&Ne-Yo	0
167414225	ar	107478	生命	韩红	0
168529700	ar	6486391	Touchin, Lovin	Trey Songz&Nicki Minaj	0
168529700	ar	6854959	How We Party	Vinai&R3hab	0
168529700	ar	373647	Jump Around	House Of Pain	0
168529700	ar	3674965	Are You Gonna Go My Way	Lenny Kravitz	0
168529700	ar	6491483	Whip My Hair	Willow Smith	0
168529700	ar	255362	Makes Me Wonder	Maroon 5	0
168529700	ar	6854956	A Little Party Never Killed Nobody(All We Got)	Fergie	0
168529700	ar	6854963	Bonfire	Knife Party	0
168529700	ar	3565442	Breakin' Dishes	Rihanna	0
168529700	ar	407721	Out Here Grindin'	DJ Khaled&Trick Daddy&Plies&Boosie Badazz&Rick Ross&Akon&Ace Hood	0
168529700	ar	4068248	Don't Phunk With My Heart	Black Eyed Peas	0
168529700	ar	6855553	Locked & Loaded(Hardwell Edit)	Michael Sparks&Domeno&Hardwell	0
168529700	ar	914233	Yeah 3X	Chris Brown	0
168529700	ar	410600	Church (Featuring Charlie Murphy) (Explicit Album Version)	Fabolous	0
168529700	ar	6105626	Time Of Our Lives	Pitbull&Ne-Yo	0
168529700	ar	6793755	Shots-Album Version(Explicit DJ版)	LMFAO&Lil Jon	0
168529700	ar	1005731	Till The World Ends	Britney Spears	0
168529700	ar	338953	Gettin' Jiggy Wit It	Will Smith	0
168529700	ar	3520543	Don’t Stop The Party	Black Eyed Peas	0
168529700	ar	3748543	Headstrong (Clean Album Version)	Trapt	0
86883752	ar	4135151	偏爱	仙剑奇侠传	0
168528528	ar	7185777	这个年纪	齐一	0
168529585	ar	4990813	听听我的心	DJ小可	0
168529781	ar	9950164	刚好遇见你	李玉刚	0
168529587	ar	4841663	爱你那么多	陈瑞	0
156071082	ar	4669436	来电铃声 主人来电话	网络歌手	0
168529694	ar	6294407	The Monster	Eminem&Rihanna	0
168529694	ar	7203965	You're Gonna Go Far, Kid - Explicit Album Version	The Offspring	0
168529694	ar	889308	You Give Love A Bad Name	Bon Jovi	0
168529694	ar	285284	In The End	Linkin Park	0
168529694	ar	87660	It's My Life	Bon Jovi	0
168529694	ar	1083045	On My Own	Ashes Remain	0
168529694	ar	86890	Time Is Running Out	Muse	0
168529694	ar	476788	Final Countdown	Norther	0
168529694	ar	7130417	Remember(Original Mix) -Remix	Sensitive&Bogdan Bondarenko	0
168529694	ar	900676	Stuttering	Fefe Dobson	0
168529694	ar	5576467	Yeah!	Usher	0
168529694	ar	255783	Perfect Girl	Kim Wilde	0
168529694	ar	446681	Up All Night	Hinder	0
168529585	ar	4343309	月亮对我说	何鹏	0
168529694	ar	1140305	Be Somebody	Thousand Foot Krutch	0
168529694	ar	6843385	Mine(Illenium Remix)	Illenium&Phoebe Ryan	0
168529694	ar	3314627	My Songs Know What You Did In the Dark (Light Em Up)	Fall Out Boy	0
168529694	ar	1112744	I Want My Tears Back	Nightwish	0
168529694	ar	7210246	Running Away[NCS Release]	7obu&Marcus Mouya	0
168529694	ar	6849670	Jagdzeit	Megaherz	0
168529694	ar	452942	Still Waiting	Sum 41	0
168529714	ip	378155			0
168529829	ar	9871374	回忆那么伤-(电视剧《花间提壶方大厨》片尾曲)	孙子涵	0
168529585	ar	4177799	等你我等了那么久	DJ舞曲	0
168529695	ip	2134876			0
168046566	ar	93305	真心至上(完整版)	芭比	0
168529780	ar	506256	Peerless	Darin	0
168529585	ar	7093441	强劲低音摇头曲(DJ版)	承利	0
168529860	ar	23082492	高尚	薛之谦	0
168529860	ar	6468891	演员	薛之谦	0
168529860	ar	4147754	丑八怪-(电视剧《如果我爱你》插曲)	薛之谦	0
168529860	ar	6449273	绅士	薛之谦	0
168529709	ar	17081441	凉凉	张碧晨&杨宗纬	0
168529860	ar	7201080	刚刚好	薛之谦	0
168529860	ar	3620537	你还要我怎样	薛之谦	0
168529860	ar	19812519	小幸运	薛之谦&欧阳娜娜	0
168529860	ar	3620536	意外	薛之谦	0
168529860	ar	625294	认真的雪	薛之谦	0
168529681	ar	6662474	Aliez(中文版)	祈Inory	0
168529798	ar	6692408	虫儿飞-(电影《我是证人》插曲)	鹿晗	0
497685	ar	2242995	一辈子的好兄弟	祁隆&杜常格&马永真	0
168529695	ip	157908			0
1062806	ar	528126	梦醒时分	卓依婷	0
168529646	ar	131012	秋天不回来	王强	0
168529695	ip	99011			0
156071082	ar	4527917	最新版主人来电话了 手机铃声之家	网络歌手	0
168529695	ip	99020			0
168529695	ip	157767			0
156071082	ar	5643880	主人那家伙又来电话了 手机铃声之个性铃声 Mp3	网络歌手	0
168529695	ip	122173			0
168529875	ar	6468891	演员	薛之谦	0
168529928	ar	6245379	Fade	Alan Walker	0
168529874	ar	4965825	好汉歌英文版	群星	0
168529863	ar	99120	长路漫漫伴你闯(国语版)-(电影《武状元苏乞儿》主题曲)	林子祥	0
168529801	ar	14654160	金大人的梦	金大人	0
160238278	ar	4180816	fire(英超主题曲 部分)	Kasabian	0
1062806	ar	509268	擦皮鞋	二人转	0
156071082	ar	4662117	主人那家伙又来电话了	手机铃声	0
168529695	ip	157607			0
168529875	ar	4147754	丑八怪-(电视剧《如果我爱你》插曲)	薛之谦	0
168529695	ip	99018			0
168529885	ar	10309643	How You Get the Girl(Instrumental With Background Vocals)	Taylor Swift	0
168530025	ar	272874	十送红军	二胡	0
168529905	ar	1027398	娃娃脸(Karaoke)	后弦	0
168530088	ar	8131487	入梦-(动画片《梦幻西游》主题曲)	SNH48	0
168529875	ar	6449273	绅士	薛之谦	0
168529719	ar	23487910	7字封神	你们的7妹	0
168522572	ar	123330	宁夏	卓依婷	0
497685	ar	6126702	绝不退缩(29秒铃声版)	宇桐非	0
168529900	ar	5272489	Sugar	Maroon 5	0
168530012	ar	16661017	东北味儿-(电影《东北往事之破马张飞》合家欢版主题曲)	贾乃亮&李小璐	0
168529875	ar	3620537	你还要我怎样	薛之谦	0
168530169	ar	4495876	爱到万年 箫声版	网络歌手	0
168529682	ar	4101913	无情的情书	张杰	0
168529682	ar	7154965	那就这样吧(现场版)	张一山	0
168529682	ar	3213921	方圆几里	薛之谦	0
168529682	ar	1719574	我知道你都知道	薛之谦	0
168529682	ar	5869126	知冷知热的好男人	郭桓宇	0
168529682	ar	8762277	一笑倾城-(电视剧《微微一笑很倾城》片头曲)	汪苏泷	0
168530104	ip	7868605			0
168530011	ar	627103	TTL	T-ara&超新星	0
168529682	ar	625784	钻石	乔任梁	0
83631632	ar	6990840	别问我为什么爱你	陈洁仪	0
168529682	ar	6414906	See You Again	Wiz Khalifa&Charlie Puth	0
168529873	ar	4147754	丑八怪-(电视剧《如果我爱你》插曲)	薛之谦	0
168529682	ar	6468891	演员	薛之谦	0
168529682	ar	7153500	重返十七岁-(综艺《我去上学啦 第2季》节目主题曲)	Ella[陈嘉桦]&张丹峰&大张伟&魏晨&潘玮柏&鹿晗&薛之谦&刘敏涛&张慧雯	0
168529682	ar	6613412	I Don't Give A 屑-(A&B眼镜广告歌曲)	韩庚	0
168529682	ar	9826446	来日方长-(电影《我不是潘金莲》方圆版推广曲)	黄龄&薛之谦	0
168529682	ar	656637	和你在一起	乔任梁	0
168529682	ar	7201087	花儿和少年	薛之谦	0
168529682	ar	7201085	小孩	薛之谦	0
168529682	ar	7201079	下雨了	薛之谦	0
168529682	ar	7201086	Stay Here	薛之谦	0
168529682	ar	7201084	一半	薛之谦	0
168529721	ar	277286	爱在记忆中找你	林峯	0
168529682	ar	7201083	绅士	薛之谦	0
168529682	ar	7201082	演员	薛之谦	0
168529682	ar	7201080	刚刚好	薛之谦	0
1062806	ar	637374	猪八戒背媳妇	二人转	0
168529682	ar	7089537	初学者	薛之谦	0
168529682	ar	9809944	薛之谦	MC林小旭	0
168529682	ar	324927	认真的雪	薛之谦	0
168529682	ar	324925	黄色枫叶	薛之谦	0
168529682	ar	4382202	粱静如	暖暖	0
168529682	ar	235901	暖暖	依桐	0
168529682	ar	170883	气球	许哲佩	0
168529682	ar	7139252	九九八十一	双笙&南久&易言&樊棋	0
168529682	ar	19792681	长生诀	傲娇少年_Vk	0
168529682	ar	6803038	幹物女-(WeiWei)	萧忆情	0
168529682	ar	6752200	蛊梦-(剧情版)	馒头妞	0
168529765	ar	9950164	刚好遇见你	李玉刚	0
168529873	ar	23498554	动物世界	薛之谦	0
83631632	ar	6826343	爱上你是对是错	马云龙&李晓玉	0
168529776	ar	7768527	枫林残忆	林逸超	0
168529681	ar	19463147	失色的天空	劲舞团	0
168530222	ar	4468841	吓人必备恐怖尖叫声	网络歌手	0
168530169	ar	4557718	爱到万年 笛子版	网络歌手	0
168529704	ip	23491875			0
168529848	ar	5901741	服装清仓大甩卖录音(单曲)	网络歌手	0
1062806	ar	636639	路边的野花不要采	二人转	0
168529983	ar	3385963	Baby, Don't Cry(人鱼的眼泪)	EXO	0
168522572	ar	238958	看海	周迅	0
168529765	ar	6468891	演员	薛之谦	0
168529695	ip	158200			0
168528816	ar	23082492	高尚	薛之谦	0
168530261	ar	109324	执迷不悔	王菲	0
168529846	ar	23497644	听回忆说	孙露	0
168529846	ar	23497643	两个朋友	孙露	0
168529846	ar	23497642	痛快人生	孙露	0
168530051	ar	100084	驼铃	刀郎	0
168529846	ar	23497641	怎样遇见你	孙露	0
168530104	ip	21769111			0
168529846	ar	9889570	怎样遇见你	孙露	0
168529846	ar	7101956	爱你在心口难开	孙露	0
168529846	ar	7101953	风吹麦浪	孙露	0
168529846	ar	7101950	味道	孙露	0
168529846	ar	7101952	有个爱你的人不容易	孙露	0
168530134	ar	6883353	刀马旦	信	0
168529846	ar	7101951	烟花易冷	孙露	0
168529846	ar	7101960	我最亲爱的	孙露	0
168528816	ar	625294	认真的雪	薛之谦	0
168529846	ar	7102061	掌声响起来	孙露	0
168529846	ar	7101955	一个人心醉心碎后	孙露	0
168529846	ar	7101957	不将就	孙露	0
168529846	ar	7101954	你走你的路	孙露	0
168530270	ar	9948047	春风十里	鹿先森乐队	0
168529846	ar	7101949	热情的沙漠	孙露	0
168530355	ar	6470612	女孩你知道吗	谢和弦	0
168529900	ar	6749207	Faded	Alan Walker	0
168529846	ar	6586179	漂洋过海来看你	孙露	0
168529900	ar	6340467	See You Again	Wiz Khalifa&Charlie Puth	0
168529900	ar	6245379	Fade	Alan Walker	0
168529846	ar	3973554	伤了心的女人怎么了	孙露	0
168530234	ar	4827642	邂逅	徐良&杨洋[超级女声]	0
168529900	ar	1238464	Good Time	Owl City&Carly Rae Jepsen	0
168529900	ar	21295307	皮皮虾我们走	MC马克	0
168529900	ar	5517668	菊花爆满山	马博	0
168529900	ar	6700608	Love Yourself	Justin Bieber	0
83631632	ar	6832791	隔壁很伤心	蒙面哥	0
168529846	ar	1024632	再度重相逢	孙露	0
168529446	ar	131794	寂寞来袭	马博	0
168529900	ar	77805	青苹果乐园	小虎队	0
168529446	ar	131795	寂寞来袭(DJ版)	马博	0
168529846	ar	934125	离别的秋天	孙露	0
168529846	ar	6892642	酒干倘卖无-(电视剧《搭错车16版》片头曲)	孙露	0
168529900	ar	6989312	三生三世十里桃花	高迪	0
168530376	ar	21763401	追梦赤子心	GALA	0
168529900	ar	6414906	See You Again	Wiz Khalifa&Charlie Puth	0
168529846	ar	2216460	小小的太阳	孙露	0
168530115	ar	450444	红色高跟鞋	蔡健雅	0
168529112	ar	7782827	妈妈说	王铮亮	0
168529900	ar	6462745	Bang Bang Bang	BIGBANG	0
168529846	ar	10589483	愿做菩萨那朵莲	孙露	0
168529846	ar	496844	离别的车站	孙露	0
168529900	ar	10740680	胸是软绵绵的	MC马克	0
168529843	ip	9950164			0
168529846	ar	650931	下辈子也要找到你	孙露	0
168530104	ip	22823290			0
168529846	ar	7163798	光辉岁月	孙露	0
168529846	ar	650934	珍惜	孙露	0
168529900	ar	6336215	Immortals	Fall Out Boy	0
168529846	ar	3973546	等你等了那么久	孙露	0
168530134	ar	4176056	如果还有明天	信	0
168529846	ar	3973547	朋友别哭	孙露	0
153901397	ar	4310520	十一年	秦齐	0
168530057	ar	21762031	爱 (Live)	小虎队	0
168528816	ar	6468891	演员	薛之谦	0
168529846	ar	20862103	痛快人生	孙露	0
168529900	ar	7189892	哦啦啦啦	高梦瑶	0
168530006	ar	1652088	爱的故事(上集)	孙耀威	0
168529900	ar	6576370	Seve (Radio Edit)	Tez cadey	0
168530332	ar	4011958	我的未来不是梦	张杰	0
168529900	ar	6889439	刀山火海(DJ版)	MC九局	0
168529900	ar	1137729	Fantastic Baby	BIGBANG	0
168528816	ar	7089537	初学者	薛之谦	0
168529900	ar	2836161	Diamonds	Rihanna	0
168529900	ar	3363272	醉红颜(DJ版)	冷漠	0
168529900	ar	6185714	曾经的王者	MC天佑	0
168529900	ar	3257334	Counting Stars	OneRepublic	0
168529900	ar	6738457	Fade(DJ版)	Alan Walker	0
168529900	ar	6178603	夜色(Mix)	DJ Candy&艺涛	0
168529900	ar	708741	守候在凌晨两点的伤心酒吧(DJ版)	刀郎	0
168529900	ar	6148308	你牛什么牛(DJ版)	何鹏&唐古	0
168530250	ar	1064745	难道爱一个人有错吗	郑源	0
168529900	ar	4117304	机器铃 砍菜刀(张卫)	张卫	0
168528816	ar	3620537	你还要我怎样	薛之谦	0
168529843	ip	8398792			0
168530104	ip	14545972			0
168530414	ar	316799	想太多	李玖哲	0
168529781	ar	912611	和平分手	徐良	0
168529681	ar	6444802	Aliez(动漫《Aldnoah.Zero》ED)	Mizuki[日本]	0
168530250	ar	487219	不是因为寂寞才想你	郑源	0
168529843	ip	5237384			0
168529829	ar	15216419	分一半的眼泪-(电视剧《寻找前世之旅》主题曲)	付辛博	0
168529781	ar	1119756	两个傻瓜	徐良&庄雨洁	0
147189243	ar	393148	第一次牵你的手	杨雪晴	0
168528816	ar	6663002	一半	薛之谦	0
168529695	ip	57775			0
168530461	ar	16670570	流氓	莫尘	0
1062806	ar	637363	情人迷	二人转	0
168529836	ar	3726860	Numb	Linkin Park	0
168530142	ar	4677755	南方叶子 咔咔	网络歌手	0
168530104	ip	22825436			0
168529862	ar	5886730	初雪(29秒铃声版)
	EXO	0
168530088	ar	298250	See You Again	Miley Cyrus	0
83631632	ar	6703175	一个人-(电影《前任2备胎反击战》主题曲)	张艺兴	0
168530206	ip	6468891			0
168529843	ip	7193440			0
102419119	ar	7116212	三生三世十里桃花	萌萌哒天团	0
102419119	ar	6486903	花千骨	萌萌哒天团	0
168530250	ar	6223665	爱上了你等于爱上了错(30秒铃声版)	郑源	0
168530159	ar	6112291	好汉歌(27秒铃声版)
	刘欢	0
168529849	ar	6537942	妈妈我想你	汤潮	0
168530524	ar	9928974	人走茶凉	高迪	0
168530029	ar	352176	美丽的神话	成龙&金喜善	0
168530414	ar	544474	不,完美	李玖哲	0
168529812	ar	7055488	Tez Cadey Seve热播鬼步舞	DJ7爷	0
168530088	ar	811133	Bye Bye Bye	Lovestoned	0
168529889	ar	20275239	偷情	MC半阳	0
168530250	ar	5889943	痛彻心扉(1分11秒铃声版)	郑源	0
168529836	ar	285284	In The End	Linkin Park	0
168530392	ar	15249349	凉凉-(电视剧《三生三世十里桃花》片尾曲)	张碧晨&杨宗纬	0
168529808	ip	7198511			0
168529808	ip	8209826			0
168529808	ip	7218834			0
168529808	ip	6222215			0
168529808	ip	9898993			0
168529808	ip	6240080			0
168529808	ip	6187331			0
168529808	ip	6933597			0
168529808	ip	6052613			0
168529808	ip	15197998			0
168529808	ip	6105875			0
168529808	ip	6933590			0
168529808	ip	6052614			0
168529808	ip	6052612			0
168529808	ip	6105877			0
168530063	ar	3141459	一万个舍不得	庄心妍&祁隆	0
168530063	ar	3257168	寂寞情歌	李志洲	0
168530063	ar	815886	我的好兄弟	小沈阳&高进	0
168530033	ar	101909	谁值得你去爱	阿杜	0
168530063	ar	1136390	一生无悔	高安&杭娇	0
168530207	ar	1117100	Magnet(Minato)	おさむらいさん	0
168530063	ar	1161336	预谋	许佳慧	0
168530150	ar	1034767	好想再爱你	颜亚涛	0
168530063	ar	1109372	老婆最大	崔子格&老猫	0
168529955	ar	10358279	BREAK DOWN	Super Junior	0
168530063	ar	1019396	伤不起	王麟,老猫	0
168530063	ar	625170	朋友的酒	李晓杰	0
168530554	ip	3213921			0
168530217	ar	1245657	泡沫	G.E.M.邓紫棋	0
168530104	ip	3424351			0
168530063	ar	735003	十一年	邱永传	0
497685	ar	3612101	兄弟我敬你	祁隆&秋裤大叔	0
168530063	ar	3219312	七秒钟的记忆	徐良&孙羽幽	0
168530063	ar	505356	郎的诱惑	凤凰传奇	0
168530063	ar	927422	小三	冷漠	0
168530063	ar	859822	自由飞翔	凤凰传奇	0
168530057	ar	941528	因为爱情{电影《将爱情进行到底》片尾曲 国语版}	陈奕迅&王菲	0
168530271	ar	9374861	歌在飞	苏勒亚其其格	0
1062806	ar	4990278	把我的爱情还给我 - 酒廊情歌	邓丽君	0
168530063	ar	945320	不分手的恋爱	汪苏泷	0
168530063	ar	871878	我从草原来	凤凰传奇	0
168530063	ar	3250992	爱在囧途	司文&丢丢[女]	0
168530063	ar	108887	别说我的眼泪你无所谓	郑源	0
168530063	ar	3259214	不做花心男	王昊	0
168530120	ar	11823221	霜雪千年 - 伴奏	红领巾	0
168530063	ar	3231769	媳妇你真好	王瑛淇	0
168528816	ar	227000	A Thousand Miles	Vanessa Carlton	0
168530110	ar	7855494	莫问今朝	音频怪物	0
168530063	ar	3206952	谁都不要说分手	冷漠&龙梅子	0
168530267	ar	5837998	加德满都的风铃(21秒铃声版)	汪峰	0
168530556	ar	23498554	动物世界	薛之谦	0
168529721	ar	325078	有没有人告诉你	陈楚生	0
168529631	ar	20275342	皮皮虾我们走	MC马克	0
168530483	ar	18373139	欲	MC半阳	0
168530480	ip	2847127			0
168530543	ip	4421576			0
168529836	ar	1075913	Runaway(《变形金刚》电影主题曲)	Linkin Park	0
168530261	ar	7578045	朋友十年	新街口组合&杨进蕾	0
168530392	ar	6468891	演员	薛之谦	0
168529905	ar	443541	棉花糖(CD version)	至上励合	0
168530539	ip	7176392			0
168530388	ar	15249349	凉凉-(电视剧《三生三世十里桃花》片尾曲)	张碧晨&杨宗纬	0
168530388	ar	15807836	三生三世-(电视剧《三生三世十里桃花》主题曲)	张杰	0
168530388	ar	6468891	演员	薛之谦	0
168530388	ar	5237384	逆流成河	金南玲	0
168530388	ar	5114569	没有你陪伴真的好孤单	梦然	0
168530479	ar	4819266	一个人 (年度盛典版)	铃凯&吴青峰	0
168530388	ar	6657692	走着走着就散了	庄心妍	0
168530104	ip	158020			0
168530388	ar	3620537	你还要我怎样	薛之谦	0
168530388	ar	16400733	思慕-(电视剧《三生三世十里桃花》主人公人物曲)	郁可唯	0
168530217	ar	277286	爱在记忆中找你	林峯	0
168529765	ar	3620537	你还要我怎样	薛之谦	0
168529829	ar	7209325	从此以后-(电影《夏有乔木雅望天堂》主题曲)	吴亦凡	0
168529808	ip	22805035			0
168529808	ip	22819370			0
168530388	ar	4147754	丑八怪-(电视剧《如果我爱你》插曲)	薛之谦	0
168530322	ar	21765090	奥利给	MC利哥	0
168530388	ar	6449273	绅士	薛之谦	0
168530388	ar	3971731	以后的以后	庄心妍	0
168530388	ar	6660691	一次就好-(电影《夏洛特烦恼》暖水曲)	杨宗纬	0
168530388	ar	6418102	默-(电影《何以笙箫默》插曲)	那英	0
168530388	ar	1217815	夜空中最亮的星	逃跑计划	0
168530388	ar	4762774	恋人心	魏新雨	0
168530388	ar	625294	认真的雪	薛之谦	0
168530008	ar	3970180	爱的世界只有你	祁隆	0
168530388	ar	20273751	繁花-(电视剧《三生三世十里桃花》插曲)	董贞	0
168530388	ar	5245130	喜欢你 (原唱	G.E.M.邓紫棋	0
168530388	ar	6672344	多幸运	韩安旭	0
168530388	ar	6651913	再见只是陌生人	庄心妍	0
168529695	ip	57758			0
168530483	ar	23288485	肉	MC半阳	0
168530388	ar	8762277	一笑倾城-(电视剧《微微一笑很倾城》片头曲)	汪苏泷	0
168530388	ar	3524422	我的天空	南征北战	0
168530388	ar	4441094	殇雪	云菲菲	0
168530388	ar	3565454	丑八怪	薛之谦	0
168530388	ar	3514083	李白	李荣浩	0
168530388	ar	7922570	微微一笑很倾城-(电视剧《微微一笑很倾城》片尾曲)	杨洋	0
168530388	ar	1149606	逆战	张杰	0
168530388	ar	4860986	平凡之路	朴树	0
168529669	ar	4214501	玩腻(Dj 舞曲)	DJ波仔	0
168530388	ar	1244660	有点甜-(电视剧《借用一下你的爱》插曲)	汪苏泷&By2	0
168530388	ar	1245657	泡沫	G.E.M.邓紫棋	0
168529765	ar	6449273	绅士	薛之谦	0
168530186	ar	6038638	出卖(35秒铃声版)	周传雄	0
168530392	ar	16400733	思慕-(电视剧《三生三世十里桃花》主人公人物曲)	郁可唯	0
168529669	ar	708744	别说我的眼泪你无所谓(DJ版)	东来东往	0
168529669	ar	4199007	兄弟难当(DJ阿圣 Mix)	杜歌	0
168530726	ip	9950164			0
168529765	ar	7201080	刚刚好	薛之谦	0
168530473	ar	83157	情义两心坚	张德兰	0
168530567	ar	6700608	Love Yourself	Justin Bieber	0
168529669	ar	294698	黄昏(DJ版)	DJ舞曲	0
168530190	ar	6469664	大雨还在下	高夫	0
168530410	ar	14568535	麻古	网络歌手	0
168529836	ar	665696	new divide(电影《变形金刚2》主题曲)	Linkin Park	0
168530088	ar	478338	Just Dance	Lady GaGa	0
168530088	ar	893831	S&M	Rihanna	0
168530088	ar	9848594	Starboy	The Weeknd&Daft Punk	0
168530392	ar	7160759	周杰伦
	告白气球(21秒铃声版)	0
168530088	ar	4076644	The Lazy Song	Bruno Mars	0
168530088	ar	6449248	Go Big Or Go Home	American Authors	0
168530088	ar	1146591	Young Homie	Chris Rene	0
168530088	ar	849452	Last Friday Night [T.G.I.F.]	Katy Perry	0
168530088	ar	6210251	Uma Thurman	Fall Out Boy	0
168530088	ar	7190723	Treat You Better	Shawn Mendes	0
168530217	ar	6506486	If You	BIGBANG	0
168528816	ar	7219152	Three Empty Words	Shawn Mendes	0
168046566	ar	22830567	2017社会鼓 (Remix)	MC赵小涣	0
168530392	ar	3620537	你还要我怎样	薛之谦	0
168530480	ip	14964065			0
168530217	ar	2910241	旅客	牛奶@咖啡	0
168530756	ar	8131487	入梦-(动画片《梦幻西游》主题曲)	SNH48	0
168530539	ip	6660691			0
168530555	ar	769653	明朝那些事儿第二部001	孙一[评书]	0
168530555	ar	769654	明朝那些事儿第二部002	孙一[评书]	0
168530555	ar	769655	明朝那些事儿第二部003	孙一[评书]	0
168530555	ar	769656	明朝那些事儿第二部004	孙一[评书]	0
168530555	ar	769657	明朝那些事儿第二部005	孙一[评书]	0
168530543	ip	4541198			0
168529781	ar	6191628	这个夏天	威仔&夏婉安	0
168529905	ar	20276329	左肩	艾辰&艾辰&艾辰&艾辰	0
168529923	ip	7201115			0
168529923	ip	7051854			0
168529923	ip	7153193			0
168529923	ip	407609			0
168529923	ip	1104408			0
168529923	ip	18748650			0
168529923	ip	3620537			0
168529923	ip	4860986			0
168529923	ip	137975			0
168529923	ip	7149583			0
168529923	ip	4992257			0
168529923	ip	7676967			0
168529923	ip	93154			0
168529923	ip	6987249			0
168529923	ip	223518			0
168529923	ip	4860418			0
168529923	ip	8357238			0
168529923	ip	908195			0
168529923	ip	6976836			0
168529923	ip	1244660			0
168529923	ip	7241688			0
168529923	ip	6462745			0
168529923	ip	533393			0
168529923	ip	486411			0
168529923	ip	5960066			0
168529923	ip	543170			0
168529923	ip	1967612			0
168530555	ar	769658	明朝那些事儿第二部006	孙一[评书]	0
168530555	ar	769659	明朝那些事儿第二部007	孙一[评书]	0
168530555	ar	769660	明朝那些事儿第二部008	孙一[评书]	0
168530555	ar	769661	明朝那些事儿第二部009	孙一[评书]	0
168530555	ar	769662	明朝那些事儿第二部010	孙一[评书]	0
168530555	ar	769663	明朝那些事儿第二部011	孙一[评书]	0
168530555	ar	769664	明朝那些事儿第二部012	孙一[评书]	0
168530555	ar	769665	明朝那些事儿第二部013	孙一[评书]	0
168530590	ar	5299893	最大的尖叫声	幕小柒	0
168529595	ar	121923	谢谢你让我这么爱你	柯以敏	0
168529836	ar	285399	Somewhere I Belong	Linkin Park	0
168530555	ar	769666	明朝那些事儿第二部014	孙一[评书]	0
168530555	ar	769667	明朝那些事儿第二部015	孙一[评书]	0
168530555	ar	769668	明朝那些事儿第二部016	孙一[评书]	0
168530555	ar	769669	明朝那些事儿第二部017	孙一[评书]	0
168530555	ar	769670	明朝那些事儿第二部018	孙一[评书]	0
168530555	ar	769671	明朝那些事儿第二部019	孙一[评书]	0
153901397	ar	4262359	十一年(欧沙 劲爆嗨曲 有点伤感哦)	DJ舞曲	0
168530555	ar	769672	明朝那些事儿第二部020	孙一[评书]	0
168530555	ar	769673	明朝那些事儿第二部021	孙一[评书]	0
168530555	ar	769674	明朝那些事儿第二部022	孙一[评书]	0
168530276	ar	227526	信仰(Live)	张信哲	0
168530555	ar	769675	明朝那些事儿第二部023	孙一[评书]	0
168530555	ar	769676	明朝那些事儿第二部024	孙一[评书]	0
168530555	ar	769677	明朝那些事儿第二部025	孙一[评书]	0
168530555	ar	769678	明朝那些事儿第二部026	孙一[评书]	0
168530712	ar	6651913	再见只是陌生人	庄心妍	0
168530555	ar	769679	明朝那些事儿第二部027	孙一[评书]	0
168530216	ar	7177329	想着你的感觉	容祖儿	0
168530555	ar	769680	明朝那些事儿第二部028	孙一[评书]	0
168529955	ar	3426750	Mr.Simple	Super Junior	0
168530555	ar	769681	明朝那些事儿第二部029	孙一[评书]	0
168530555	ar	769682	明朝那些事儿第二部030	孙一[评书]	0
168530483	ar	23489619	火	MC半阳	0
168529857	ar	152168	讲不出再见	谭咏麟	0
168530392	ar	6749207	Faded	Alan Walker	0
168530480	ip	11923123			0
168530225	ip	7201080			0
168530217	ar	3443737	明天以后 (粤)	林峯&泳儿	0
168530483	ar	15181334	酒	MC半阳	0
168530726	ip	5237384			0
168530029	ar	129609	无尽的爱	成龙	0
168530392	ar	6672344	多幸运	韩安旭	0
168521531	ar	3115394	枭臣第021集	宏宇	0
168530025	ar	4397153	十送红军(至高顶峰特制铃声)	纯音乐	0
168529900	ar	23314223	Shackle(Original Mix)	Drabby	0
168529900	ar	23314225	肥宅之歌	M And K	0
168528816	ar	13762228	We Dont Talk Anymore (OutaMatic Remix)	OutaMatic&Charlie Puth&Selena Gomez&Jonah Baker	0
168529900	ar	23314226	L(Radio Edit)	IPeiqi	0
168529900	ar	23314227	No More Darkness	deejayyeon&H-Cyanide	0
168529900	ar	23314228	The Fingers(Original Mix)	Monjigo	0
168530483	ar	14320623	词	MC半阳	0
168529900	ar	23314229	N.G.U(Never Give Up)(Cantonese Ver.)	SWED谢尔盖&罗隽永	0
168529900	ar	23314230	Rexero & SaMZIng-Veris(FritzPhoris Remix)	FritzPhoris	0
168529900	ar	23314231	Nothing Without You(Original Mix)	Anchord	0
168529900	ar	23314232	Teeny	Lindburgeon	0
168529900	ar	22399911	Claux-水之畔(Stancovich Remix)	陶心瑶&Stancovich&Claux	0
168521531	ar	3115226	枭臣第022集	宏宇	0
168529900	ar	22399913	Veris VIP	SaMZIng&Rexero	0
168529900	ar	22399914	44	Tsar	0
168529900	ar	22399915	Lint(Original Mix)	董子龙	0
168529900	ar	22399916	Paradiso-Honor(3ASiC Remix)	3ASiC	0
168529900	ar	22399917	T1Ri	T!Ri	0
168529900	ar	23314219	Galactic Dust(Extended Mix)	VESK GREEN	0
168529900	ar	22399919	幻	仰夏旬	0
168529900	ar	22399920	Together(Extended Mix)	Kastiglione	0
168529900	ar	21587204	All Good	N2V&April L	0
168529900	ar	22399918	Agent 007(Original Mix)	IPeiqi	0
168530217	ar	80403	十年	陈奕迅	0
168521531	ar	3115495	枭臣第023集	宏宇	0
168530250	ar	2288008	包容	群星	0
168521531	ar	3115323	枭臣第024集	宏宇	0
168530726	ip	6468891			0
168521531	ar	3115718	枭臣第025集	宏宇	0
168529669	ar	4748812	潇洒走一回(热门 dj,dj)	叶倩文	0
168521531	ar	3115526	枭臣第026集	宏宇	0
168529955	ar	1875598	迷Me	Super Junior	0
168521531	ar	3115225	枭臣第027集	宏宇	0
168530414	ar	400790	别说	李玖哲	0
168530843	ip	323611			0
168530489	ar	6324278	水手(伴奏版)	郑智化	0
168521531	ar	3115313	枭臣第028集	宏宇	0
168530547	ar	625391	背对背拥抱	林俊杰	0
168530480	ip	22811955			0
168521531	ar	3115272	枭臣第029集	宏宇	0
168530710	ar	908636	Stay Here Forever	Jewel	0
168530710	ar	14628253	漫动作	关晓彤&潘玮柏	0
168530689	ar	905538	Your Song	Ellie Goulding	0
168530710	ar	20584179	爱又爱	By2	0
168521531	ar	3115329	枭臣第030集	宏宇	0
168530710	ar	8357238	下一秒-(电视剧《微微一笑很倾城》插曲)	张碧晨	0
168530710	ar	118984	麦芽糖	周杰伦	0
168530710	ar	1165266	Whistle	Flo Rida	0
168530225	ip	3620537			0
168529631	ar	23496061	小泥鳅我们走	MC王泽	0
168530258	ar	13211125	天神赐粮	群星	0
168530091	ar	6110662	Break Free	Ariana Grande	0
168530710	ar	9820714	小精灵	TFBOYS	0
168530710	ar	1244660	有点甜-(电视剧《借用一下你的爱》插曲)	汪苏泷&By2	0
168530710	ar	408646	The Show	Lenka	0
168530710	ar	440613	稻香	周杰伦	0
168529585	ar	158753	我的心好乱	赵传	0
168530710	ar	6623026	致爱 Your Song	鹿晗	0
168530710	ar	1228618	As Long As You Love Me	Justin Bieber&Big Sean	0
168530710	ar	15193825	开往早晨的午夜	张碧晨	0
168530392	ar	4970221	平凡之路(23秒铃声版)
	朴树	0
168530710	ar	6125800	我们的明天(Single Version 电影《重返20岁》主题曲)	鹿晗	0
168529808	ip	2294360			0
168530698	ar	3372383	时间煮雨-(电影《小时代》主题曲)	郁可唯	0
168530710	ar	6413421	Fly	Avril Lavigne	0
168530710	ar	722127	一首想念的歌	苏醒	0
168530379	ar	703766	虫儿飞	儿童歌曲	0
168530710	ar	22797709	简单的温热-(电视剧《不一样的美男子2》插曲)	徐良	0
168530710	ar	451678	Booty Music	Deep Side	0
168530710	ar	23379042	美女与野兽	田馥甄&井柏然	0
168530697	ar	9559531	你的过去我不介意	唐古	0
168530747	ar	16984500	逃不出爱情的牢	江游&MC王佳	0
168530710	ar	7149583	告白气球	周杰伦	0
168530710	ar	465787	春风吹	方大同	0
168530710	ar	7165010	造物者	华晨宇	0
168530710	ar	23250909	我要你	张杰	0
168530710	ar	5272489	Sugar	Maroon 5	0
168530710	ar	453512	花开的声音	张靓颖	0
168530710	ar	6649133	小孩	薛之谦	0
168530710	ar	1238464	Good Time	Owl City&Carly Rae Jepsen	0
168530710	ar	99723	北斗星的爱	张杰	0
168530710	ar	9961553	我在人民广场吃炸鸡	萧敬腾	0
168530261	ar	6855432	后来(CCTV音乐频道)	刘若英	0
168530710	ar	1571445	What Are Words	Chris Medina	0
168530180	ar	547986	子龙颂	影视原声	0
168530296	ar	7219153	Closer	The Chainsmokers&Halsey	0
168528816	ar	5963595	Home To Mama	Justin Bieber&Cody Simpson	0
168529875	ar	109326	暧昧	王菲	0
168530548	ar	21768904	小半 (Live)	陈粒	0
168530206	ip	10671490			0
168522572	ar	75642	我可以抱你吗	张惠妹	0
168530726	ip	6657692			0
168530225	ip	625294			0
168530586	ar	4631678	苹果手机 iphone 内置铃声	网络歌手	0
147189243	ar	6231761	第一次牵你的手(25秒铃声版)	杨雪晴	0
168530392	ar	3514083	李白	李荣浩	0
168530480	ip	6468891			0
168530555	ar	769695	明朝那些事儿第三部001	孙一[评书]	0
168529836	ar	1076332	Foreword(《变形金刚》电影主题曲)	Linkin Park	0
168530555	ar	769696	明朝那些事儿第三部002	孙一[评书]	0
168530547	ar	6322155	背对背拥抱(伴奏版)	林俊杰	0
168530697	ar	19535291	逆流成河	宇桐非	0
168530555	ar	769697	明朝那些事儿第三部003	孙一[评书]	0
168530555	ar	769698	明朝那些事儿第三部004	孙一[评书]	0
168530747	ar	13797317	不舍	江游&MC王佳	0
168530555	ar	769699	明朝那些事儿第三部005	孙一[评书]	0
168530726	ip	13273544			0
168530364	ar	6206365	数鸭子	儿童歌曲	0
168530573	ar	4954864	停止爱情	宋孟君	0
168530555	ar	769700	明朝那些事儿第三部006	孙一[评书]	0
168530555	ar	769701	明朝那些事儿第三部007	孙一[评书]	0
168530555	ar	769702	明朝那些事儿第三部008	孙一[评书]	0
168530555	ar	769703	明朝那些事儿第三部009	孙一[评书]	0
168530555	ar	769704	明朝那些事儿第三部010	孙一[评书]	0
168530555	ar	769705	明朝那些事儿第三部011	孙一[评书]	0
168530555	ar	769706	明朝那些事儿第三部012	孙一[评书]	0
168530555	ar	769707	明朝那些事儿第三部013	孙一[评书]	0
168530415	ar	6468891	演员	薛之谦	0
168530555	ar	769708	明朝那些事儿第三部014	孙一[评书]	0
168530555	ar	769709	明朝那些事儿第三部015	孙一[评书]	0
168530555	ar	769710	明朝那些事儿第三部016	孙一[评书]	0
168530639	ar	22838911	成都 (Live)	赵雷	0
168529776	ar	9559531	你的过去我不介意	唐古	0
168530747	ar	20876490	提笔再画西游	MC江妤	0
168529955	ar	13534170	SUPER GIRL	Super Junior	0
168530480	ip	6449273			0
168530555	ar	769711	明朝那些事儿第三部017	孙一[评书]	0
168530555	ar	769712	明朝那些事儿第三部018	孙一[评书]	0
168530555	ar	769713	明朝那些事儿第三部019	孙一[评书]	0
168530819	ar	500992	不怕(《神兵小将》动漫主题曲)	赵蓓 赵蕾	0
168530555	ar	769714	明朝那些事儿第三部020	孙一[评书]	0
168530566	ar	23489652	Lose My Number	James Blunt	0
168530555	ar	769715	明朝那些事儿第三部021	孙一[评书]	0
168530086	ar	4183017	叼嘿真快乐	网络歌手	0
168530566	ar	23497721	The One	The Chainsmokers	0
168530555	ar	769716	明朝那些事儿第三部022	孙一[评书]	0
168530736	ip	4641882			0
168530555	ar	769717	明朝那些事儿第三部023	孙一[评书]	0
168530555	ar	769718	明朝那些事儿第三部024	孙一[评书]	0
168530566	ar	22398847	Love Me Better	James Blunt	0
168530566	ar	23344723	Scared To Be Lonely(Alpharock Remix)	Martin Garrix&Dua Lipa	0
168530566	ar	23489656	Heartbeat	James Blunt	0
168530566	ar	23489426	Light My Body Up	David Guetta	0
168530555	ar	769719	明朝那些事儿第三部025	孙一[评书]	0
168529585	ar	158864	我是一只小小鸟	赵传	0
168530566	ar	23491315	Gang Up(Explicit)	Young Thug	0
168530555	ar	769720	明朝那些事儿第三部026	孙一[评书]	0
168530566	ar	23488546	I Want You	Chris Lake	0
168530555	ar	769721	明朝那些事儿第三部027	孙一[评书]	0
168530555	ar	769722	明朝那些事儿第三部028	孙一[评书]	0
168530555	ar	769723	明朝那些事儿第三部029	孙一[评书]	0
168530555	ar	769724	明朝那些事儿第三部030	孙一[评书]	0
168530566	ar	20675451	Time Of Our Lives	James Blunt	0
168530726	ip	3620537			0
168530364	ar	6206228	上学歌	儿童歌曲	0
168530480	ip	3620535			0
168530566	ar	23486402	Talk	Salvatore Ganacci	0
168529900	ar	23490079	Domino(Matador Remix)	Matador&Oxia	0
168530566	ar	23379039	Beauty And The Beast	Ariana Grande&John Legend	0
168529900	ar	23490090	Call You Back(Original Mix)	Bontan&Josh Butler	0
168529900	ar	23490099	Live Stream(Original Mix)	Green Velvet&Rene Amesz&Mark Knight&René Amesz	0
168529900	ar	23490110	Egyptian Lover(Latmun Remix)	The Golden Boy	0
168530008	ar	1149062	唱着情歌流着泪	祁隆	0
168530566	ar	9927957	Under Our Feet	Frances	0
168529900	ar	23490121	Music Is The Answer(Hot Since 82 Remix)	Hot Since 82&Joe Goddard	0
168529776	ar	7768527	枫林残忆	林逸超	0
168529900	ar	23490131	Hangin Out With Charlie(Original Mix)	CamelPhat	0
168529900	ar	23490142	The Drums(Din Daa Daa)	George Kranz&Claptone	0
168529900	ar	23490150	Everybody's Dancin'(Original Mix)	Latmun	0
168530566	ar	23220239	Sexy Body	Jennifer Lopez&Pitbull	0
168529682	ar	242615	有一种爱叫做放手	阿木	0
168529900	ar	23490160	Ride(Solomun Remix)	Miss Kittin&Solomun	0
168529682	ar	6817428	不说再见-(电影《谁的青春不迷茫》毕业季主题曲)	好妹妹乐队	0
168529900	ar	23490070	Down With Tha(Original Mix)	Waze and Odyssey	0
168529682	ar	4211088	flo rida(开头口哨铃音)	Whistle	0
168529900	ar	23491323	Back To Me(Extended Mix)	KSHMR&Crossnaders&Micky Blue	0
168530566	ar	23344720	Scared To Be Lonely(Brooks Remix)	Martin Garrix&Dua Lipa	0
168529900	ar	23490072	Hit The Road Jack(Extended Mix)	Throttle	0
168529682	ar	9950164	刚好遇见你	李玉刚	0
168529682	ar	3355868	你曾是少年	好妹妹乐队	0
168529900	ar	23491324	Aba	Kidnap Kid&Lane 8	0
168529900	ar	23490074	Hear Me Now(EDX & Nora En Pure Remix)	EDX&Nora En Pure&Alok	0
168529682	ar	5237384	逆流成河	金南玲	0
168530566	ar	23396971	Good Life-(电影《速度与激情8》插曲)	G-Eazy&Kehlani	0
168529900	ar	23490075	Pause(Oliver Koletzki & Reinier Zonneveld Remix)	Reinier Zonneveld&Sian&Oliver Koletzki	0
168529900	ar	23490076	Go(Victor Ruiz Warehouse Mix)	Moby&Victor Ruiz	0
168529682	ar	154113	你是我的眼	萧煌奇	0
168529900	ar	23490077	Me Babe(Me & My Toothbrush Remix)	Me And My Toothbrush&Alex Kenji	0
168530426	ip	7249668			0
168529682	ar	510410	瞬间	张一山	0
168529900	ar	23490078	Go(Victor Ruiz Remix)	Moby&Victor Ruiz	0
168529951	ar	7136184	逃	侯旭	0
168529900	ar	23490080	Funk Phenomena(Extended Mix)	ANOTR&Armand Van Helden	0
168529682	ar	5069211	思念是一种病	纵贯线	0
168530566	ar	23211066	We Are Strong	Kiesza&Pitbull	0
168529900	ar	23491325	Where It Begins	Layton Giordani	0
168529682	ar	6635281	Sugar	Maroon 5	0
168529900	ar	23490082	Back To The Music(Route 94 Remix)	Sooney	0
168529900	ar	23490083	Uplift	Rafael Cerato&ARTBAT	0
168529682	ar	6221722	Sugar(31秒铃声版)	Maroon 5	0
168529900	ar	23490084	Shakti Pan(Original Mix)	Sven&Kellerkind	0
168529900	ar	23490085	Another Club(Original Mix)	Radio Slave	0
168529682	ar	4390529	突然的自我	伍佰	0
168530566	ar	22399496	How Does A Moment Last Forever	Celine Dion	0
168529900	ar	23490086	Porcelain(Julian Jeweil Remix)	Moby&Julian Jeweil	0
168529682	ar	20870989	Writing's on the wall	林志炫	0
168530566	ar	23375909	Animal	Trey Songz	0
168529682	ar	5602979	往事只能回味	好妹妹乐队	0
168530110	ar	487276	枉凝眉	陈力	0
168529900	ar	23490087	Wega	Sandrino	0
168529900	ar	23490088	Uncompromising	Adana Twins	0
168529682	ar	324928	王子归来	薛之谦	0
168529900	ar	23490089	New Path(Original Mix)	Mark Reeve	0
168530566	ar	23211068	Greenlight	Flo Rida&Lunchmoney Lewis&Pitbull	0
168529900	ar	23490091	Lizard King	CamelPhat	0
168529682	ar	6559792	相依为命(岁月友情演唱会现场版)	陈小春	0
168529900	ar	23490092	Tunnel Vision(Don Diablo Extended Edit)	Zonderling	0
168529682	ar	223518	丫头	王童语	0
168529682	ar	7070091	灰姑娘-(电视剧《欢乐颂》插曲)	蒋欣	0
168530566	ar	23220238	Bad Man	Robin Thicke&Travis Barker&Pitbull&Joe Perry	0
168530726	ip	3971731			0
168529682	ar	8964981	痞夫之勇(现场版)	韩庚	0
168529682	ar	255218	痒	黄龄	0
168529682	ar	8357238	下一秒-(电视剧《微微一笑很倾城》插曲)	张碧晨	0
168529682	ar	389788	特别的爱给特别的你	伍思凯	0
168529585	ar	6848605	爱要怎么说出口	赵传	0
168530566	ar	23242186	What They Say	Zara Larsson	0
168529682	ar	3223982	洋葱+离人+新不了情	杨宗纬&孙伯纶&霍尊&郭一凡	0
168529682	ar	7024394	王妃	黄致列	0
168529682	ar	6985905	改变自己	黄致列	0
168530364	ar	6206360	拔萝卜	儿童歌曲	0
168530566	ar	22797775	Imagine	Pentatonix	0
168529682	ar	7010721	耿耿于怀(TV Version)-(网络剧《最好的我们》主题曲)	王笑文	0
168529682	ar	4148191	阴天快乐	陈奕迅	0
168530566	ar	23110924	Battle Symphony	Linkin Park	0
168529682	ar	7101951	烟花易冷	孙露	0
168530566	ar	23037912	Paradise	ANOHNI	0
168529682	ar	7922570	微微一笑很倾城-(电视剧《微微一笑很倾城》片尾曲)	杨洋	0
168529682	ar	1034881	找自己	张一山	0
168530566	ar	23037918	Hot Thoughts	SPOON	0
168530566	ar	22847139	Golden Youth	Leroy Styles&Anjulie	0
168529682	ar	7106702	想遇见一个人-(电视剧《微微一笑很倾城》插曲)	曾咏熙	0
168530566	ar	22645237	When I Was a Boy	A Great Big World	0
168529682	ar	7026739	我的时代-(电视剧《旋风十一人》主题曲)	王艺霖&牛骏峰	0
168530555	ar	769728	明朝那些事儿第四部001	孙一[评书]	0
168529682	ar	8964980	逝去的爱(现场版)	华晨宇&陈学冬	0
168530555	ar	769729	明朝那些事儿第四部002	孙一[评书]	0
168529682	ar	5421585	我不愿让你一个人(live版)	品冠	0
168530555	ar	769730	明朝那些事儿第四部003	孙一[评书]	0
168530566	ar	22189312	Dreamer	Charli XCX&Starrah&Raye	0
168530555	ar	769731	明朝那些事儿第四部004	孙一[评书]	0
168530555	ar	769732	明朝那些事儿第四部005	孙一[评书]	0
168530217	ar	9944843	让我留在你身边-(电影《摆渡人》爱情版主题曲)	陈奕迅	0
168530555	ar	769733	明朝那些事儿第四部006	孙一[评书]	0
168530555	ar	769734	明朝那些事儿第四部007	孙一[评书]	0
168530555	ar	769735	明朝那些事儿第四部008	孙一[评书]	0
168530555	ar	769736	明朝那些事儿第四部009	孙一[评书]	0
168530555	ar	769737	明朝那些事儿第四部010	孙一[评书]	0
168530566	ar	22522866	Hey Ma(Spanish Version)	Pitbull&J Balvin&Camila Cabello	0
168530555	ar	769738	明朝那些事儿第四部011	孙一[评书]	0
168530555	ar	769739	明朝那些事儿第四部012	孙一[评书]	0
168530555	ar	769740	明朝那些事儿第四部013	孙一[评书]	0
168530555	ar	769741	明朝那些事儿第四部014	孙一[评书]	0
168530555	ar	769742	明朝那些事儿第四部015	孙一[评书]	0
168530555	ar	769743	明朝那些事儿第四部016	孙一[评书]	0
168530555	ar	769744	明朝那些事儿第四部017	孙一[评书]	0
168530555	ar	769745	明朝那些事儿第四部018	孙一[评书]	0
168530555	ar	769746	明朝那些事儿第四部019	孙一[评书]	0
168530555	ar	769747	明朝那些事儿第四部020	孙一[评书]	0
168530555	ar	769748	明朝那些事儿第四部021	孙一[评书]	0
168530726	ip	4147754			0
168530747	ar	12411412	三世情缘	MC王佳&江游	0
168530364	ar	6206383	小手拍拍	儿童歌曲	0
168530503	ar	7373618	煎熬	李佳薇	0
168530250	ar	23492631	只想做你的男人(DJ版)	DJ阿圣&欢子	0
168530555	ar	769749	明朝那些事儿第四部022	孙一[评书]	0
168530555	ar	769750	明朝那些事儿第四部023	孙一[评书]	0
168530555	ar	769751	明朝那些事儿第四部024	孙一[评书]	0
168529585	ar	7185503	我很丑可是我很温柔	赵传	0
168530555	ar	769752	明朝那些事儿第四部025	孙一[评书]	0
168530555	ar	769753	明朝那些事儿第四部026	孙一[评书]	0
168530555	ar	769754	明朝那些事儿第四部027	孙一[评书]	0
168530555	ar	769755	明朝那些事儿第四部028	孙一[评书]	0
168530555	ar	769756	明朝那些事儿第四部029	孙一[评书]	0
168530555	ar	769757	明朝那些事儿第四部030	孙一[评书]	0
168530548	ar	11950502	说散就散	JC	0
168530217	ar	7131129	在这个世界相遇-(电影《大鱼海棠》主题曲)	陈奕迅	0
168530726	ip	6418102			0
168530364	ar	6206370	小毛驴	儿童歌曲	0
168530649	ar	22809375	最浪漫的事	赵咏华	0
168530697	ar	15040052	美丽的神话-(电影《功夫瑜伽》主题曲)	成龙&MIC男团	0
168530566	ar	220535	Pieces	Sum 41	0
168530566	ar	1150553	Is Anyone Up	Eskimo Callboy	0
168530566	ar	824570	That's What You Get	Paramore	0
168529701	ar	3378911	为情所伤	庄心妍	0
168530566	ar	847363	Holiday	Boys Like Girls	0
168530008	ar	3248345	又见山里红	祁隆	0
168529836	ar	388765	Given Up	Linkin Park	0
168530566	ar	230548	Crazy	Simple Plan	0
168530566	ar	112087	Welcome To My Life	Simple Plan	0
168530586	ar	4328157	铃声(冲锋号赛场背景音乐)	nba	0
168530566	ar	220533	Over My Head (Better Off Dead)	Sum 41	0
168530566	ar	1335307	Tell Me I'm A Wreck	Every Avenue	0
168530566	ar	387528	The Great Escape	Boys Like Girls	0
168529829	ar	5114569	没有你陪伴真的好孤单	梦然	0
168530364	ar	6206377	两只老虎	儿童歌曲	0
168530566	ar	824559	Crushcrushcrush	Paramore	0
168530566	ar	200714	Wake Me Up When September Ends(Album Version)	Green Day	0
168530566	ar	459953	Party In Your Bedroom	Cash Cash	0
168530726	ip	4441094			0
168530190	ar	6657692	走着走着就散了	庄心妍	0
168530566	ar	464732	hello hello	Aloha From Hell	0
168530217	ar	6655007	陪你度过漫长岁月-(电影《陪安东尼度过漫长岁月》主题曲)	陈奕迅	0
168530566	ar	1023701	Monster	Paramore	0
168530555	ar	769767	明朝那些事儿第五部001	孙一[评书]	0
168530566	ar	446855	Thunder	Boys Like Girls	0
168530761	ar	12886139	七月上	Jam	0
168530555	ar	769768	明朝那些事儿第五部002	孙一[评书]	0
168530566	ar	220537	Still Waiting	Sum 41	0
168530555	ar	769769	明朝那些事儿第五部003	孙一[评书]	0
168530555	ar	769770	明朝那些事儿第五部004	孙一[评书]	0
168530555	ar	769771	明朝那些事儿第五部005	孙一[评书]	0
168530566	ar	642825	Guns	Green Day	0
168530555	ar	769772	明朝那些事儿第五部006	孙一[评书]	0
168530555	ar	769773	明朝那些事儿第五部007	孙一[评书]	0
168530555	ar	769774	明朝那些事儿第五部008	孙一[评书]	0
168530555	ar	769775	明朝那些事儿第五部009	孙一[评书]	0
168530566	ar	572656	Misery Business	Paramore	0
168530555	ar	769776	明朝那些事儿第五部010	孙一[评书]	0
168530555	ar	769777	明朝那些事儿第五部011	孙一[评书]	0
168530555	ar	769778	明朝那些事儿第五部012	孙一[评书]	0
168530566	ar	3291620	The Phoenix	Fall Out Boy	0
168530555	ar	769779	明朝那些事儿第五部013	孙一[评书]	0
168530555	ar	769780	明朝那些事儿第五部014	孙一[评书]	0
168530566	ar	365492	Take My Hand	Simple Plan	0
168530555	ar	769781	明朝那些事儿第五部015	孙一[评书]	0
168530555	ar	769782	明朝那些事儿第五部016	孙一[评书]	0
168530566	ar	454179	what a catch, donnie	Fall Out Boy	0
168530555	ar	769783	明朝那些事儿第五部017	孙一[评书]	0
168530498	ar	6762452	苹果默认铃声(7秒铃声版)	手机铃声	0
168530555	ar	769784	明朝那些事儿第五部018	孙一[评书]	0
168530566	ar	440236	Homecoming	Hey Monday	0
168530555	ar	769785	明朝那些事儿第五部019	孙一[评书]	0
168530555	ar	769786	明朝那些事儿第五部020	孙一[评书]	0
168530555	ar	769787	明朝那些事儿第五部021	孙一[评书]	0
168530566	ar	3414383	Burn	The Pretty Reckless	0
168530555	ar	769788	明朝那些事儿第五部022	孙一[评书]	0
168530555	ar	769789	明朝那些事儿第五部023	孙一[评书]	0
168530555	ar	769790	明朝那些事儿第五部024	孙一[评书]	0
168530566	ar	1005778	Just Tonight	The Pretty Reckless	0
168530555	ar	769791	明朝那些事儿第五部025	孙一[评书]	0
168530555	ar	769792	明朝那些事儿第五部026	孙一[评书]	0
168530555	ar	769793	明朝那些事儿第五部027	孙一[评书]	0
168530566	ar	345883	The Kill	30 Seconds To Mars	0
168530555	ar	769794	明朝那些事儿第五部028	孙一[评书]	0
168530679	ip	6732762			0
168530555	ar	769795	明朝那些事儿第五部029	孙一[评书]	0
168530555	ar	769796	明朝那些事儿第五部030	孙一[评书]	0
168530566	ar	623453	Hurricane	30 Seconds To Mars&Kanye West&Brandon Flowers	0
168530480	ip	3620537			0
168530414	ar	316798	围墙	李玖哲	0
168530566	ar	242997	Basket Case(Live)	Green Day	0
168528528	ar	21770895	Faded	Alan Walker&Iselin Solheim	0
168530566	ar	877925	Monsieur Moustache vs. Clitcat	Eskimo Callboy	0
168529665	ar	849846	钢琴名曲初恋的地方	铃声	0
168530364	ar	6206401	我的好妈妈	儿童歌曲	0
168530566	ar	576397	You Do, You Don't	The Friday Night Boys	0
168529656	ar	210831	Every Time	Janet Jackson	0
168529656	ar	706110	30 Minutes	T.A.T.u.	0
168529656	ar	870848	Riverside	Agnes Obel	0
168530190	ar	3971731	以后的以后	庄心妍	0
168529656	ar	6792401	Dream It Possible	Delacey	0
168529656	ar	6758935	Monody	TheFatRat&Laura Brehm	0
168529656	ar	3332155	Moonsea	Phildel	0
168529656	ar	193151	The Gift	Aselin Debison	0
168529656	ar	2463008	Guinevere	Lucy Kaplansky	0
168529656	ar	6402020	The Song	Lisa Hannigan	0
168529656	ar	6864116	Feels	Kiiara	0
168522572	ar	1026357	至少还有你	林忆莲	0
168529656	ar	12557106	Dusty Groove	Kelly Hogan	0
168529656	ar	9862752	No Lie	Wet	0
168529656	ar	912595	Dust it Off	The Do	0
168529656	ar	14231994	1517	Hamlet	0
168529923	ip	6462745			0
168529923	ip	7149583			0
168529923	ip	9950164			0
168529923	ip	533393			0
168529923	ip	9923089			0
168529923	ip	5841575			0
168529923	ip	10740680			0
168529923	ip	5960066			0
168529923	ip	6987249			0
168529656	ar	1128929	Sailing	Celtic Woman	0
168529937	ar	20671171	Shape Of You	Ed Sheeran	0
168530226	ar	4280214	青狐媚	苏仨	0
168530364	ar	6206398	生日快乐	儿童歌曲	0
168529656	ar	3332158	Afraid of the Dark	Phildel	0
168529656	ar	454554	Toxic	CALLmeKAT	0
168530250	ar	1004259	我的好兄弟	高进&小沈阳	0
168529656	ar	337179	Just One Last Dance	Sarah Connor	0
168529656	ar	194953	Silent Night	Billy Gilman	0
168530453	ar	22800590	Try	Asher Book	0
168529656	ar	1105813	1901	Birdy	0
168530480	ip	1240706			0
168529656	ar	5826011	Escape	Megan Nicole	0
497685	ar	77841	原谅	张玉华	0
168530063	ar	1111158	爱的血泪史	冷漠	0
168529656	ar	4152833	Angel	Sarah McLachlan	0
168529656	ar	1363450	Oxygen	Marie Serneholt	0
168529656	ar	440181	How Long Must I Wait	Catbird	0
168529656	ar	12648567	Under Stars	Aurora	0
37025504	ar	4147754	丑八怪-(电视剧《如果我爱你》插曲)	薛之谦	0
168530555	ar	6234844	明朝那些事儿第六部001	孙一[评书]	0
168529656	ar	420865	Les Choristes	Petits Chanteurs De Saint Marc	0
168529808	ip	1835073			0
168530679	ip	6732762			0
168529656	ar	5262518	Killing You	Broods	0
168529656	ar	5907267	Let It Go-(电影《冰雪奇缘》主题曲)	Idina Menzel	0
168530555	ar	6234855	明朝那些事儿第六部002	孙一[评书]	0
168530367	ar	20063568	Shape Of You(翻唱)	J.Fla	0
168530555	ar	6234866	明朝那些事儿第六部003	孙一[评书]	0
168529656	ar	9824669	Geez	Petite Meller	0
168530445	ar	2508411	KING KONG (TV MIX)	HINOIteam	0
168530555	ar	6234875	明朝那些事儿第六部004	孙一[评书]	0
168529656	ar	6210769	Suo Gan	John Williams	0
168530555	ar	6234876	明朝那些事儿第六部005	孙一[评书]	0
168530555	ar	6234877	明朝那些事儿第六部006	孙一[评书]	0
168530555	ar	6234878	明朝那些事儿第六部007	孙一[评书]	0
168530555	ar	6234879	明朝那些事儿第六部008	孙一[评书]	0
168530637	ar	8131487	入梦-(动画片《梦幻西游》主题曲)	SNH48	0
168530008	ar	3375096	今生爱的就是你	祁隆	0
168530555	ar	6234880	明朝那些事儿第六部009	孙一[评书]	0
168530555	ar	6234834	明朝那些事儿第六部010	孙一[评书]	0
168530555	ar	6234835	明朝那些事儿第六部011	孙一[评书]	0
168530555	ar	6234836	明朝那些事儿第六部012	孙一[评书]	0
168530555	ar	6234837	明朝那些事儿第六部013	孙一[评书]	0
168530555	ar	6234838	明朝那些事儿第六部014	孙一[评书]	0
168530364	ar	6206237	读书郎	儿童歌曲	0
168530555	ar	6234839	明朝那些事儿第六部015	孙一[评书]	0
168530555	ar	6234840	明朝那些事儿第六部016	孙一[评书]	0
168530555	ar	6234841	明朝那些事儿第六部017	孙一[评书]	0
168530555	ar	6234842	明朝那些事儿第六部018	孙一[评书]	0
168530297	ar	927096	只是太爱你(国语)	张敬轩	0
168529892	ar	451678	Booty Music	Deep Side	0
168530555	ar	6234843	明朝那些事儿第六部019	孙一[评书]	0
168530555	ar	6234845	明朝那些事儿第六部020	孙一[评书]	0
168530555	ar	6234846	明朝那些事儿第六部021	孙一[评书]	0
168530555	ar	6234847	明朝那些事儿第六部022	孙一[评书]	0
168530555	ar	6234848	明朝那些事儿第六部023	孙一[评书]	0
168530555	ar	6234849	明朝那些事儿第六部024	孙一[评书]	0
168530555	ar	6234850	明朝那些事儿第六部025	孙一[评书]	0
168530555	ar	6234851	明朝那些事儿第六部026	孙一[评书]	0
168530555	ar	6234852	明朝那些事儿第六部027	孙一[评书]	0
168530555	ar	6234853	明朝那些事儿第六部028	孙一[评书]	0
168530217	ar	320058	单车	陈奕迅	0
168530555	ar	6234854	明朝那些事儿第六部029	孙一[评书]	0
153901397	ar	5757150	十一年(dj版3)	邱永传	0
168530555	ar	6234856	明朝那些事儿第六部030	孙一[评书]	0
168530709	ar	204668	01_5号交响曲「命运」	古典音乐	0
168530697	ar	20866246	红尘情歌	蒋姗倍、郑源	0
168530709	ar	204667	02_5号交响曲「命运」	古典音乐	0
168530709	ar	204666	03_5号交响曲「命运」	古典音乐	0
168530709	ar	204661	04_5号交响曲「命运」	古典音乐	0
168530709	ar	204669	06_6号交响曲「田园」	古典音乐	0
168530709	ar	204665	05_6号交响曲「田园」	古典音乐	0
168530709	ar	204664	07_6号交响曲「田园」	古典音乐	0
168530709	ar	204663	08_6号交响曲「田园」	古典音乐	0
168530709	ar	204662	09_6号交响曲「田园」	古典音乐	0
168530368	ip	9559531			0
168530368	ip	20674110			0
168530368	ip	5835277			0
168530368	ip	20866246			0
168530368	ip	17092842			0
168530368	ip	3439089			0
168530368	ip	3192446			0
168530368	ip	3263989			0
168530368	ip	20870993			0
168530368	ip	20862104			0
168530368	ip	4301123			0
168530364	ar	6206378	捉泥鳅	儿童歌曲	0
168530368	ip	3972100			0
168530368	ip	21141308			0
168530368	ip	3973152			0
168530368	ip	6441966			0
168530368	ip	795430			0
168530368	ip	6954728			0
168530368	ip	4844900			0
168530368	ip	7155849			0
168530368	ip	516317			0
