168550892	ar	23491655	0	裂心	林志炫	254	254	0
168540455	ar	298250	0	See You Again	Miley Cyrus	189	190	0
168551247	ar	11881432	0	一梦浮生	颜淡妖妖	78	149	0
168549788	ip	295469	0	凡人歌	高胜美	16	242	0
168551248	ip	21393368	0	重生（Intro）	幼稚园杀手	87	87	0
168550496	ar	12495422	0	收好，你们要的高中数学课	3D奇妙听觉馆	369	2747	0
168551331	ar	20671171	0	Shape Of You	Ed Sheeran	231	231	0
168535490	ar	6616004	0	大雨还在下(DJ版)	DJ舞曲	283	283	0
168539760	ar	4732048	0	哦想(舞曲版 Dj Pw Remix)	安与骑兵	197	198	0
168551373	ar	3378911	0	为情所伤	庄心妍	14	212	0
168544926	ar	4403788	0	只在心里《继承者们》插曲	铃声	6	28	0
168551042	ar	505355	0	高山槐花开	凤凰传奇	106	277	0
168551026	ar	19477157	0	月亮之上凤凰传奇版	手机铃声	2	31	0
168532580	ar	21762903	0	电台情歌 (Live)	莫文蔚	67	137	0
168551417	ar	727161	0	A.I.N.Y. (爱你)	G.E.M.邓紫棋	27	226	0
168551430	ar	1179220	0	Outlaws Of Love	Adam Lambert	231	231	0
168540348	ar	77260	0	美酒加咖啡-(电影《路边野餐》插曲)	邓丽君	64528	0	0
168550728	ar	285233	0	Pretty Boy	M2M	282	282	0
168551156	ar	313037	0	有多少爱可以重来	黄仲昆	0	274	0
168530895	ar	0	1	Crave(Alex Preston Remix)	Dia Frampton	264	265	0
168543026	ar	6623026	0	致爱 Your Song	鹿晗	0	0	0
168551310	ar	7149583	0	告白气球	周杰伦	29	215	0
168551408	ar	15750838	2	惊雷	MC王小五	7>(123.138.230.80)TM	0	0
168551179	ar	23485496	0	非凡时代-(电影《非凡任务》片尾曲)	南征北战	26	212	0
168550572	ar	4297299	0	你的样子	女生版	11	272	0
168548493	ip	6661513	0	干物女	囧菌	63	243	0
168532580	ar	21762903	0	电台情歌 (Live)	莫文蔚	67	137	0
168551548	ar	1474915	0	眼泪太年轻	洪辰	5	243	0
168549867	ar	5333750	0	誰か、海を。	Aimer	15	294	0
168550571	ar	0	1	爱的狂怒	凤凰传奇	24	251	0
168551323	ar	16889394	0	一人饮酒醉唯美翻唱	沈雨萱	93	93	0
168530479	ar	1676759	0	Variations on the Kanon By Pachelbel	George Winston	338	338	0
168551546	ar	1474915	0	眼泪太年轻	洪辰	0	243	0
168551509	ar	6329735	0	没有你陪伴真的好孤单	冷漠	289	289	0
168551221	ar	5914258	0	17、30分钟福建水师覆没-清廷这么痛才领悟	真实甲午	2	276	0
168551607	ar	5517668	0	菊花爆满山	马博	231	245	0
168551532	ar	157767	0	等你等到我心痛	张学友	5	253	0
168537509	ar	21237294	0	每次和你走在路上都会看见一只喵(Acoustic)	刘瑞琦	262	262	0
168547857	ar	4356304	0	铃声多多	哆拉A梦	3	0	0
168548223	ar	908636	0	Stay Here Forever	Jewel	1	179	0
168548101	ip	6913185	0	Visions	Acreix	40	198	0
168551626	ar	8131487	0	入梦-(动画片《梦幻西游》主题曲)	SNH48	247	271	0
168542680	ar	0	1	心中的一道彩虹	何祺	284	285	0
168548714	ar	23492572	0	最后一次(DJ版)	DJ阿圣&薛晓枫	2	359	0
168550237	ar	6511070	0	小苹果(马来西亚版)	华语群星	144	237	0
168551397	ar	7149583	0	告白气球	周杰伦	215	215	0
168551487	ar	811133	0	Bye Bye Bye	Lovestoned	200	200	0
168551166	ar	1244660	0	有点甜-(电视剧《借用一下你的爱》插曲)	汪苏泷&By2	235	235	0
168550890	ar	23491657	0	最后的请求	狮子合唱团	330	331	0
168519439	ar	0	1	一人有一个梦想	黎瑞恩	227	228	0
168549867	ar	4253571	0	Ur(Style 歌わせて顶きましたっ)	AILI	0	234	0
168535909	ar	7145935	0	动了情的痞子	MC魏小然	130	130	0
168551166	ar	945320	0	不分手的恋爱	汪苏泷	205	205	0
168551087	ar	912615	0	天真	徐良	226	225	0
168550571	ar	0	1	你不来我不老	高安	4	287	0
168551156	ar	237508	0	日光倾城	卡奇社	0	304	0
168548942	ip	4112522	0	一个士兵的爱情	黄文武	26	331	0
168551542	ar	8762277	0	一笑倾城-(电视剧《微微一笑很倾城》片头曲)	汪苏泷	120	232	0
168532776	ip	20674091	0	夜华的爱	纯音乐	172	172	0
168542959	ar	6124109	0	我是不是你最疼爱的人(Extended Mix)	DJ小鱼儿&葛林	335	336	0
168548493	ip	19586155	0	铃音	艾薇儿婚礼背景音乐	1	28	0
168534518	ar	23492124	0	爱的魔法	First Girl	67	167	0
168551579	ar	8762277	0	一笑倾城-(电视剧《微微一笑很倾城》片头曲)	汪苏泷	213	232	0
168542653	ar	133095	0	逆风	Sister Garden	256	257	0
168551495	ar	22797719	0	深夜书店	洛天依&许嵩	260	260	0
168538990	ar	6369563	0	The Wolf (FRATERS Extented Edit)	Ummet Ozcan&Dimitri Vegas And Like Mike	0	281	0
168549013	ip	5256343	0	荷尔蒙战争	防弹少年团(BTS)	130	265	0
168548032	ip	896579	0	Hello	SHINee	8	184	0
168551008	ar	58391	0	怎样	戴佩妮	89	273	0
168551086	ar	23491655	0	裂心	林志炫	253	254	0
168548099	ar	4984002	0	坏男孩	小凌	210	210	0
168551085	ar	23491653	0	男孩	梁博	312	312	0
168548924	ar	6610601	0	Go  黑喂 老曲新变	7妹	160	190	0
168550564	ar	708741	0	守候在凌晨两点的伤心酒吧(DJ版)	刀郎	258	320	0
168549973	ip	3194852	0	大悲咒	印能法师	3	644	0
168551414	ar	727162	1	All About U	G.E.M.邓紫棋	241070	242	0
168543049	ar	347730	0	路人	彭佳慧	223	224	0
168551357	ar	23497506	0	画心(Live)	张靓颖	364	365	0
168551524	ar	6635279	0	Animals	Maroon 5	1	231	0
168551453	ip	19759248	0	おとなの掟-(日剧《四重奏》主题曲)	Doughnuts Hole	0	0	0
751824	ar	4395055	1	舞曲(妹妹的红腰带 Dj)	电子琴	233593	233	0
168550576	ar	324249	0	最长的电影	周杰伦	235	235	0
168550571	ar	0	1	你不来我不老	高安;西单女孩	55	287	0
168551383	ar	7149583	0	告白气球	周杰伦	214	215	0
168551235	ar	956342	0	Latin Girl	Justin Bieber	5	207	0
168551539	ar	1217815	0	夜空中最亮的星	逃跑计划	138	252	0
168543348	ar	0	1	铃声多多_一壶老酒-陆树铭_开心龙	未知歌手	27	63	0
168545257	ar	5143875	0	挿入歌「Il Cielo」	花澤香菜	2	232	0
168548239	ar	6673573	0	What Do You Mean？	Justin Bieber	205	205	0
168548682	ar	6751795	0	一万个不愿意 我是真的很爱你 伤感情歌(Remix)	DJ勇强	14	3639	0
168551113	ar	6491838	0	红颜旧-(电视剧《琅琊榜》插曲)	刘涛	7	218	0
168549840	ar	6217566	0	小红帽	儿童歌曲	17	115	0
168550382	ar	3971726	0	他说的谎	庄心妍	251	252	0
168551453	ip	19759248	0	おとなの掟-(日剧《四重奏》主题曲)	Doughnuts Hole	0	0	0
168550412	ip	22823290	0	其实,我就在你方圆几里	Amy Chanrich	241	241	0
168548493	ip	20671123	0	艾薇儿结婚背景音乐 Couldthisbelove		1	176	0
497685	ar	16640857	0	功夫瑜伽-(电影《功夫瑜伽》同名片头曲)	张一山&杨紫&成龙	199	199	0
168550352	ar	0	1	1490778159494	未知歌手	68	259	0
168551182	ar	23491653	0	男孩	梁博	311	312	0
168551186	ar	3045674	0	天蓝蓝(结尾高潮部分)_凤凰传奇(铃声)	铃声	41	42	0
168551189	ar	942999	0	VIII. Menuet(Suitte en fa majeur)	Jordi Savall	92	92	0
168550571	ar	0	1	爱的狂怒	凤凰传奇	58	251	0
168550845	ar	7183671	0	来生愿做一朵莲	魏新雨	25	303	0
168543049	ar	126344	0	什么东东	安又琪	0	227	0
168550970	ar	277286	0	爱在记忆中找你	林峯	254	254	0
168550948	ar	277286	0	爱在记忆中找你	林峯	254	254	0
168543026	ar	6623026	0	致爱 Your Song	鹿晗	2	191	0
168533577	ar	1074029	0	哪里的风 (配乐)	电视原声	205	205	0
168551532	ar	122173	0	一千个伤心的理由	张学友	2	276	0
168550945	ar	23250909	0	我要你	张杰	311	311	0
168547320	ar	0	1	铃声多多_领音车载 Dj音少-够叼够嗨《2015最新MC小洲经典语录》劲爆喊麦电音大碟独家_萧阳	未知歌手	52	343	0
168548223	ar	6210250	0	Centuries	Fall Out Boy	1	228	0
168548945	ar	20429929	0	沧海一声笑	经典老歌	58	178	0
168550086	ip	7172624	0	惊雷	MC王佳	23	95	0
168550571	ar	0	1	爱情里没有谁对谁错	郑源	2	285	0
168550949	ar	360750	0	Livin' On A Prayer	Bon Jovi	249	249	0
168539955	ar	12913682	0	悲怆奏鸣曲	贝多芬	335	335	0
168551016	ar	5642585	0	27秒的吉他来电铃声	网络歌手	14	28	0
168544263	ip	3378911	0	为情所伤	庄心妍	212	212	0
168545975	ip	3213069	0	天才白痴梦	许冠杰	147	148	0
168550838	ar	99018	0	忘记你我做不到	张学友	22	296	0
168551166	ar	169744	0	红豆	王菲	255	256	0
168551090	ar	580689	0	Amisdt the cherry blossoms	Dan Gibson	20	416	0
168540348	ar	6437996	0	清平调	王菲&邓丽君	4482	0	0
168551197	ar	7078121	0	The Fighter	Keith Urban&Carrie Underwood	8	184	0
168551522	ar	150918	0	无情的雨无情的你	齐秦	3	247	0
168550571	ar	0	1	爱上你等于爱上错	群星	91	254	0
168550532	ar	79479	0	东风破	周杰伦	314	315	0
168548246	ip	23314223	0	Shackle(Original Mix)	Drabby	43	224	0
168548840	ip	20066194	0	The Truth That You Leave	纯音乐	40	223	0
168546993	ar	1024747	0	今夜你会不会来	黎明	251	251	0
168549948	ar	23082492	0	高尚	薛之谦	205	318	0
168548493	ip	4371507	0	结婚(韩剧婚礼 音乐时空)	背景音乐	1	262	0
168550716	ar	1873326	0	Hi	Psapp	24	234	0
168551351	ar	23490236	0	Late Night 深夜	Hanch兄弟	11	204	0
168547123	ar	0	1	包师语 - 彩虹	未知歌手	9	243	0
168547258	ar	16400733	0	思慕-(电视剧《三生三世十里桃花》主人公人物曲)	郁可唯	280	307	0
168551120	ar	22858485	0	像梦一样自由 (Live)	汪峰	119	233	0
168549973	ip	6461995	0	大悲咒(清香梵唱)	佛教音乐	2	289	0
168547035	ar	317526	0	爸爸	Psy	36	0	0
168551442	ar	1474915	0	眼泪太年轻	洪辰	243	243	0
168541600	ar	0	1	铃声多多_想着你亲爱的 铃声_672914871	未知歌手	62	62	0
168548972	ar	22923154	0	剃刀边缘-(电视剧《剃刀边缘》主题曲)	胡彦斌	30	231	0
168543348	ar	0	1	铃声多多_拥抱到最后 - Dj加快版_好听	未知歌手	1	184	0
168550869	ar	91623	0	我们的爱	F.I.R.	26	287	0
168541857	ip	295529	0	西海情歌	刀郎	159	344	0
168550571	ar	0	1	白头到老	张羽奇	62	218	0
168551585	ar	8131487	0	入梦-(动画片《梦幻西游》主题曲)	SNH48	0	0	0
168548714	ar	23490801	0	情是世上最毒的药(DJ版)	DJ阿圣&门丽	3	395	0
168550907	ar	6477086	0	小水果	筷子兄弟	197	197	0
168551181	ar	23491654	0	想你想疯了	彭佳慧	33	301	0
168551311	ar	7149583	0	告白气球	周杰伦	214	215	0
168547226	ar	563716	0	Beatiful	Akon&BoA	43	240	0
168537049	ar	294622	1	劲爆的士高	DJ舞曲	349600	0	0
168551311	ar	6359029	0	宠爱	TFBOYS	0	266	0
168551398	ar	6359029	0	宠爱	TFBOYS	265	266	0
168550937	ar	930655	0	万水千山总是情	汪明荃	178	178	0
168551599	ar	8131487	0	入梦-(动画片《梦幻西游》主题曲)	SNH48	190	271	0
168550606	ar	15807836	0	三生三世-(电视剧《三生三世十里桃花》主题曲)	张杰	256	257	0
168546393	ar	242615	0	有一种爱叫做放手	阿木	0	0	0
168549867	ar	3139208	0	I&apos;m Yours	AILI	4	307	0
168550606	ar	15807836	0	三生三世-(电视剧《三生三世十里桃花》主题曲)	张杰	0	0	0
168551131	ar	231534	1	玫瑰花的葬礼	许嵩	258392	258	0
168550571	ar	0	1	不可说	霍建华;赵丽颖	1	222	0
168550965	ar	255912	0	风飞沙	迪克牛仔	260	259	0
168551311	ar	6660691	0	一次就好-(电影《夏洛特烦恼》暖水曲)	杨宗纬	14	266	0
168548426	ar	1012999	0	Born	Hugo	191	191	0
168550606	ar	15807836	0	三生三世-(电视剧《三生三世十里桃花》主题曲)	张杰	0	0	0
168550606	ar	15807836	0	三生三世-(电视剧《三生三世十里桃花》主题曲)	张杰	0	0	0
168550351	ip	3442391	0	趁早	张宇	295	300	0
168550086	ip	9843105	0	红颜墓(特别版)	MC吴迪	2	109	0
168548211	ar	4425123	0	经典铃声适合手机来电铃声 李先锋	网络歌手	9	127	0
168547258	ar	15807836	0	三生三世-(电视剧《三生三世十里桃花》主题曲)	张杰	256	257	0
1685126	ar	594826	0	美丽的草原我的家	降央卓玛	238	0	0
168551097	ar	23491653	0	男孩	梁博	311	312	0
168550597	ip	126530	0	约定	光良	0	0	0
168548493	ip	4646566	0	特色音乐 2010青梅竹马的恋人结婚用的背景音乐	网络歌手	1	194	0
168551101	ar	238435	0	同一种调调	周杰伦	17	231	0
168551401	ar	7149583	0	告白气球	周杰伦	215	215	0
168535745	ar	3341158	0	你给我一片天	孙露	253	253	0
168545257	ar	1113384	0	“HELLO!!” (M@STER VERSION)	花澤香菜	2	251	0
168550208	ar	3429202	0	心要让你听见 (DJ曲)	DJ舞曲	7	302	0
168550141	ip	158454	0	天天想你	张雨生	186	252	0
168543892	ar	10995435	0	电影《海上钢琴师》	随风入梦	266	266	0
168547258	ar	6509123	0	十三月{电视剧《华胥引十三月篇》主题曲}	胡莎莎	4	292	0
168551458	ar	6577297	0	剩下的盛夏	TFBOYS&嘻游记	9	254	0
168543026	ar	4033794	0	像孩子一样(SBS-R 2点出逃 Cultwo Show)(03秒铃声版)	鹿晗	2	2	0
168551160	ar	23155908	0	5D唯美360°环绕-纯电音嗨炸你的双耳(Remix)	一人众天	49	202	0
168551221	ar	23038272	0	前方高能!同时交往多人,理直气壮不是小三!【二次元coser】	二次元coser	1	398	0
168550998	ar	6562353	0	英雄出少年	玖月奇迹	42	258	0
168548223	ar	135368	0	Big Big World	Emilia	2	206	0
168550943	ar	23491660	0	自己	张杰	301	301	0
168536495	ar	9856762	0	我真的一点都不孤单	阿悄	242	243	0
168550279	ar	20676180	0	这就是爱	MC浪子宇	96	96	0
168547258	ar	15807836	0	三生三世-(电视剧《三生三世十里桃花》主题曲)	张杰	0	257	0
168544253	ar	1190655	0	我们结婚吧	金莎&刘佳	135	211	0
168550329	ar	3514083	0	李白	李荣浩	274	273	0
168551612	ip	6662434	0	回不去了	吉佑社	0	0	0
37025504	ar	7201080	0	刚刚好	薛之谦	250	250	0
168546522	ar	5820473	2	Out Of The Woods	Taylor Swift	23>(113.68.113.130)TM	256	0
168551451	ar	7149583	0	告白气球	周杰伦	215	215	0
168551235	ar	988669	0	The Power Of Love	Celine Dion	4	288	0
168543348	ar	0	1	铃声多多_愿做菩萨那朵莲_路勇_孟婆的碗	未知歌手	1	234	0
168551016	ar	6216256	0	卡农(52秒铃声版)	吉他	2	52	0
168551417	ar	6686174	0	一路逆风	G.E.M.邓紫棋	8	225	0
168531864	ar	23491660	0	自己	张杰	301	301	0
168547258	ar	16400733	0	思慕-(电视剧《三生三世十里桃花》主人公人物曲)	郁可唯	0	307	0
168551576	ar	3971731	0	以后的以后	庄心妍	9	300	0
168549715	ar	6822825	0	让我欢喜让我忧	李宗盛	66	326	0
168548180	ip	708665	0	最新劲爆舞曲	DJ舞曲	12	217	0
168551524	ar	6635281	0	Sugar	Maroon 5	3	235	0
24051972	ar	6684200	0	真心喜欢你	邱永传	250	250	0
168551118	ar	197705	0	Love Lost...Love Found	David Lanz	33	247	0
168550226	ar	15196980	0	西海情歌	降央卓玛	44	292	0
168541064	ar	6120222	0	老婆你听我说(36秒铃声版)	勾辉	31	36	0
168547258	ar	20273751	0	繁花-(电视剧《三生三世十里桃花》插曲)	董贞	0	225	0
168535599	ar	6846788	0	甜蜜爱情	陈玉建&王语心	45	209	0
168548032	ip	6684886	0	Ring Ding Dong(Dj.A-Bin Remix)	SHINee	6	320	0
168551084	ar	6414906	0	See You Again	Wiz Khalifa&Charlie Puth	18	229	0
168551589	ar	1179220	0	Outlaws Of Love	Adam Lambert	217	231	0
168547258	ar	15249349	0	凉凉-(电视剧《三生三世十里桃花》片尾曲)	张碧晨&杨宗纬	333	333	0
168548493	ip	4221116	0	precious one(英文求婚 背景音乐)	MC Jin	1	8	0
168535381	ar	75277	0	时光倒流七十年-似曾相识	电影原声	174	174	0
168551084	ar	1804253	0	Clouds	Various Artists	219	219	0
168549643	ar	848918	0	非主流高潮手机铃声(DJ版)	铃声	17	46	0
751824	ar	3569565	1	走在冷风中(Bonus Track)	刘思涵	217563	-1	0
168534687	ar	13273545	0	勉为其难(伴奏版)	王冕	3	249	0
751824	ar	20874326	0	蝴蝶泉边(MV版)-(2015 F-Plus乐范52 我爱 Mini Concert 第七场 黄雅莉演唱会	黄雅莉	7105	0	0
168537313	ip	23500343	0	幼儿园之歌(搞笑版)	MC薄情女王	91	0	0
751824	ar	945320	0	不分手的恋爱	汪苏泷	205	0	0
168551406	ar	478338	0	Just Dance	Lady GaGa	241	242	0
168550086	ip	9812242	0	黑暗萝莉2	高迪	2	113	0
168547258	ar	20273751	0	繁花-(电视剧《三生三世十里桃花》插曲)	董贞	9	225	0
168544926	ar	852905	0	少女时代 honey	铃声	4	20	0
168549973	ip	252181	0	大悲咒	邝美云	3	228	0
168551233	ar	23491654	0	想你想疯了	彭佳慧	30	301	0
168530975	ip	6237732	0	时间都去哪儿了	姚贝娜	233	233	0
168551336	ar	7149583	0	告白气球	周杰伦	20	215	0
168548752	ar	2053372	0	髪をなびかせて	日本ACG	101	136	0
168531125	ip	12572525	0	慢摇外文歌曲流行节奏动感音乐 - 2014年10月收录	DJ	186	186	0
168548223	ar	6427523	0	Victory	Two Steps From Hell	0	320	0
168550716	ar	248323	0	Dilemma	Nelly&Kelly Rowland	3	237	0
168551311	ar	14613817	0	一人饮酒醉	MC天佑	88	89	0
168544206	ar	23134997	2	从嘲笑到震撼!不能更赞!有梦想就要坚持		71>=(223.104.12.211)TM	157	0
168547258	ar	15249349	0	凉凉-(电视剧《三生三世十里桃花》片尾曲)	张碧晨&杨宗纬	2	333	0
168551522	ar	54993	0	我	张国荣	0	0	0
168546317	ar	7186129	0	这就是爱	张杰&周一豪	67	238	0
168551201	ar	945320	0	不分手的恋爱	汪苏泷	205	205	0
168551450	ar	3192572	0	Crazy Kids	Ke$ha	230	230	0
168545430	ar	1474915	0	眼泪太年轻	洪辰	33	243	0
168548714	ar	23490755	0	最美丽的花(DJ版)	DJ阿圣&王绎龙	3	430	0
168551235	ar	865435	0	Trouble Is A Friend	Lenka	0	215	0
168551158	ar	23489299	0	当爱已成往事	宋茜&张丰毅	181	181	0
168550245	ar	203174	0	手心里的温柔	刀郎	80	296	0
168551107	ar	23492688	0	小精灵(Live)	TFBOYS	240	240	0
168549867	ar	10966448	0	Memories Again	AILI	2	322	0
168551234	ar	90100	1	倩女幽魂-(电影《倩女幽魂》主题曲)	张国荣	37802	218	0
168543348	ar	0	1	铃声多多_于魁智-于魁智老生唱腔专辑(二)-空城计-诸葛亮 我正在城楼观山景_另类	未知歌手	1	195	0
168539745	ar	20676496	0	好久不见	好久不见	246	247	0
168535599	ar	383250	0	多情的我遇上绝情的你	基地小虎	0	0	0
168550491	ar	1137729	0	Fantastic Baby	BIGBANG	77	232	0
168551154	ar	23489299	0	当爱已成往事	宋茜&张丰毅	181	181	0
168550997	ar	9559531	0	你的过去我不介意	唐古	73	244	0
168551230	ar	20674107	0	就算没有如果(伴奏版)	香香	305	305	0
168539391	ar	22809552	0	我可以忘记你 (Live)	张碧晨	20	232	0
168551286	ar	625170	0	朋友的酒	李晓杰	262	261	0
168543083	ar	4403610	0	巴黎夜雨	孙子涵	65	261	0
168544328	ip	7183005	0	爱上火柴的香烟	龙雨	321	322	0
168551233	ar	6749207	0	Faded	Alan Walker	0	212	0
168542956	ar	6459954	0	大悲咒(男声版)	佛教音乐	59	59	0
168551461	ar	15807836	0	三生三世-(电视剧《三生三世十里桃花》主题曲)	张杰	257	257	0
168548099	ar	720366	0	最后的天使	雷诺儿	8	255	0
168551479	ar	20674106	0	繁花(伴奏版)	董贞	30	225	0
168548211	ar	4518566	0	索尼手机来电铃声	网络歌手	3	9	0
155819557	ar	7097037	0	热血燃-(动漫《神明之胄 第2季》片头曲)	大张伟	189	189	0
168547035	ar	6738303	0	Dance Jockey	Psy	13	0	0
168530456	ar	21473233	0	异乡人	李健	291	291	0
168551258	ar	23495222	0	让爱复烧	韩磊	24	320	0
168551308	ar	14613817	0	一人饮酒醉	MC天佑	0	89	0
168542762	ip	6920046	0	势力磁锯(Remix)	妖姬	39	164	0
168548223	ar	792826	0	Take A Bow	Rihanna	0	225	0
168548180	ip	23490079	0	Domino(Matador Remix)	Matador&Oxia	2	411	0
168538321	ip	794067	0	假如	信乐团	264	264	0
168551245	ar	1108426	0	我很忙	A-Lin	17	277	0
168551009	ar	865796	0	你是我的风景	何洁	27	249	0
168537371	ar	7661708	0	我们曾经的爱	安羽熙	92	263	0
168545880	ar	18373139	0	欲	MC半阳	121	121	0
168551511	ar	1179220	0	Outlaws Of Love	Adam Lambert	231	231	0
168545075	ar	240306	0	Innocence	Avril Lavigne	232	233	0
168549829	ar	9831458	0	那么好	Lao方丈	64	151	0
168534574	ar	6987249	0	这个年纪	齐一	284	284	0
168551344	ar	7149583	0	告白气球	周杰伦	38	215	0
168550654	ar	20245362	0	一人我饮酒醉(伴奏版)	龙奔	55	237	0
168551235	ar	6823127	0	You	Nathaniel	0	201	0
168538491	ar	2775087	0	Proschanie Slavyanki 一个斯拉夫女人的告别	中国人民解放军军乐团	160	160	0
168551197	ar	9808775	0	Location	Khalid	6	218	0
168551306	ar	23495222	0	让爱复烧	韩磊	320	320	0
168547366	ar	5114569	0	没有你陪伴真的好孤单	梦然	155	283	0
168548924	ar	13142181	0	Twenty 4 Seven Trance Mix	Various Artists	15	37	0
168547366	ar	5114569	0	没有你陪伴真的好孤单	梦然	155	283	0
168529823	ip	6842428	0	全世界我只贪一个他	金莎	264	266	0
168547675	ip	1106950	0	Mallow Flower	Taka a.k.a Otokaze	259	260	0
168551372	ar	20671171	0	Shape Of You	Ed Sheeran	231	231	0
168551460	ar	7149583	0	告白气球	周杰伦	214	215	0
168548714	ar	23491072	0	最后一次宿醉(DJ版)	DJ阿圣&熊大	1	367	0
168536737	ar	380812	0	舍不得	弦子	110	288	0
168548044	ip	7203846	0	Let Me Love You	Justin Bieber&DJ Snake	68	205	0
37025504	ar	982897	0	忽然	杜德伟	33	0	0
168551569	ip	298250	0	See You Again	Miley Cyrus	0	190	0
168544926	ar	858100	0	最近流行铃声精选8(17秒铃声版)	铃声	2	16	0
168543026	ar	6840158	0	有点儿意思(CCTV音乐频道)	鹿晗	4	203	0
168539087	ar	203339	0	雨天	孙燕姿	241	241	0
168551524	ar	1128081	0	Moves Like Jagger	Maroon 5	1	201	0
168548493	ip	285796	0	梦中的婚礼(Mariage D'Amour)	纯音乐	3	163	0
168548223	ar	811133	0	Bye Bye Bye	Lovestoned	0	200	0
168547320	ar	0	1	铃声多多_六月枫宇辰寐加岛 - 不气盛叫年轻人吗 (DJ版)_社会摇中万人迷赵逸轩	未知歌手	8	84	0
168551256	ar	9452922	0	那么好	MC吴迪	62	144	0
168541064	ar	849853	0	卡农(钢琴版)(45秒铃声版)	铃声	3	44	0
37025504	ar	1119872	0	找朋友	儿童歌曲	20	34	0
168551303	ar	23485496	1	非凡时代-(电影《非凡任务》片尾曲)	南征北战	31951	212	0
168546416	ip	122560	0	怒放的生命	汪峰	267	274	0
168538134	ar	121529	0	让泪化作相思雨	南合文斗	290	0	0
168551603	ar	1179220	0	Outlaws Of Love	Adam Lambert	0	231	0
168550961	ip	21473237	0	三生三世十里桃花	MC天佑	47	99	0
168551392	ar	23497506	0	画心(Live)	张靓颖	365	365	0
168551256	ar	16679051	0	顶级慢摇(Remix)	DJ阿金	63	246	0
168533721	ar	6541187	0	我的心在海对面	夏婉安&杨栋梁	117034	0	0
168551497	ar	811133	0	Bye Bye Bye	Lovestoned	200	200	0
168551579	ar	1474915	0	眼泪太年轻	洪辰	4	243	0
168551066	ar	494556	0	大悲咒	龚玥	107	479	0
168536468	ar	1037907	0	我不做英雄	胡歌	215	240	0
168548032	ip	3243689	0	Dynamite	SHINee	5	219	0
168550571	ar	0	1	不完美小孩 (Live)	金雯昕	4	175	0
168548493	ip	1013317	0	It's A Dream(香奈儿店铺专业背景音乐)	纯音乐	0	234	0
168547720	ar	6999248	0	如果我说拔刀干(KTV版伴奏版)	MC何金玉	30	211	0
168538192	ip	3160775	0	走!	周笔畅	228	228	0
168550716	ar	356657	0	Pocketful Of Sunshine	Natasha Bedingfield	3	203	0
168548246	ip	23314225	0	肥宅之歌	M And K	111	111	0
1685126	ar	22399767	0	父亲写的散文诗	李健	251	318	0
168550980	ar	255912	0	风飞沙	迪克牛仔	259	259	0
168545973	ar	90134	0	左右手	张国荣	257	257	0
168551414	ar	1106172	1	光辉岁月	Beyond	296565	298	0
168545893	ar	7196022	0	时光笔墨-(电视剧《青云志》片尾曲)	张碧晨	155	301	0
168550933	ar	6660691	0	一次就好-(电影《夏洛特烦恼》暖水曲)	杨宗纬	20	266	0
168536737	ar	492830	0	二缺一[粤语]	蔡卓妍	0	215	0
168548099	ar	6334322	0	不想做决定	庄心妍	2	253	0
168551162	ar	161611	0	我只在乎你	邓丽君	254	255	0
168550933	ar	14613817	0	一人饮酒醉	MC天佑	89	89	0
168551235	ar	5356745	0	Dear Future Husband	Meghan Trainor	0	184	0
168548924	ar	4170546	0	驼铃(现混)	降央卓玛	1	120	0
168537410	ar	5762918	0	吹风机声音	网络歌手	62	62	0
8853855	ar	61226	0	雨一直下	张宇	294	293	0
168551364	ar	23491658	0	红豆曲＋一生所爱	李健	308	309	0
751824	ar	6989312	1	三生三世十里桃花	高迪	5155	0	0
168550728	ar	1511789	0	He Said	Group 1 Crew&Chris August	168	168	0
168550933	ar	7010204	0	一人饮酒醉	MC九局	65	65	0
168534094	ar	3678105	0	连续剧	容祖儿	232	232	0
168550933	ar	71467	0	甜蜜蜜	邓丽君	210	211	0
168540505	ar	2836161	0	Diamonds	Rihanna	225	225	0
168551357	ar	23495106	0	以人民的名义-(电视剧《人民的名义》片尾主题曲)	江映蓉&韩磊	11	268	0
168550933	ar	161611	0	我只在乎你	邓丽君	0	254	0
168551299	ar	625170	0	朋友的酒	李晓杰	261	261	0
168551589	ar	8762277	0	一笑倾城-(电视剧《微微一笑很倾城》片头曲)	汪苏泷	4	232	0
168547874	ar	0	1	7e3a56ec5874988759f915eaf9272a40_	未知歌手	0	0	0
168551475	ip	3228339	0	北京 北京	汪峰	358	358	0
168547599	ip	87647	0	海阔天空	信乐团	24	279	0
168543348	ar	0	1	铃声多多_雨柔望海高歌 - 爱在2017_君	未知歌手	4	60	0
168551071	ar	586806	0	一人有一个梦想	黎瑞恩	26	228	0
168546695	ar	832448	0	醉红颜	冷漠	24	237	0
168548528	ar	309699	0	吹眼睛	庞龙	271	278	0
168550892	ar	23491653	0	男孩	梁博	311	312	0
168549505	ip	6010336	0	Superstar	Jamelia	124	224	0
168548745	ar	79376	0	无尽空虚	Beyond	6	275	0
168551417	ar	442266	0	睡公主	G.E.M.邓紫棋	6	283	0
168551331	ar	893831	0	S&M	Rihanna	243	243	0
168548528	ar	3228339	0	北京 北京	汪峰	0	0	0
168550967	ar	5838906	0	我要醉在草原上	孟文豪	250	250	0
168551026	ar	1035000	0	手机里放的歌代表的痛	孙子涵	16	275	0
168550793	ar	21740296	0	什么样的爱情	张阳阳	208	257	0
168549700	ar	80403	0	十年	陈奕迅	39	204	0
168550046	ar	7175354	0	如果没遇见你	龙梅子	20	261	0
168551197	ar	7203846	0	Let Me Love You	Justin Bieber&DJ Snake	3	205	0
168551585	ar	6176524	0	Fantastic Baby(2014MAMA In HK)	G-Dragon&太阳	9	54	0
168548223	ar	87673	0	One Love	Blue	2	209	0
168547668	ar	20861481	0	皮皮虾我们走	MC梦柯	116	117	0
168548099	ar	6292506	0	帝都	萌萌哒天团	0	183	0
168551351	ar	23250908	0	Feeling good	林志炫	10	248	0
168551085	ar	23491659	0	柿子	林忆莲	335	335	0
168538002	ar	126530	0	约定	光良	13	232	0
168551430	ar	7149583	0	告白气球	周杰伦	215	215	0
168550571	ar	0	1	当我孤独的时候还可以抱着你	郑源	0	261	0
168548246	ip	23314226	0	L(Radio Edit)	IPeiqi	2	264	0
168536737	ar	55722	0	美丽心情	本多RuRu	0	273	0
168551016	ar	6762385	0	吉他弹奏Lady Gaga经典铃声(7秒铃声版)	手机铃声	7	7	0
168548493	ip	5905770	0	纯原创和声试听(纯原创和声试听,电视剧《艾乐乐的罗曼蒂克》背景音乐)	梦然	2	178	0
168551495	ar	23489299	0	当爱已成往事	宋茜&张丰毅	181	181	0
168129073	ar	347811	0	爱如潮水	张信哲	0	272	0
168534073	ar	15240778	0	Shape Of You	Ed Sheeran	231	231	0
168548211	ar	4565227	0	刘德华开会时电脑播放音乐 同手机来电铃声 28秒	网络歌手	4	28	0
168551152	ar	3277359	0	祝你 一路顺风	小虎队	133	256	0
168551612	ip	6662434	0	回不去了	吉佑社	8	260	0
168551345	ar	7149583	0	告白气球	周杰伦	25	215	0
168549715	ar	21764074	0	朋友 (Live)	周华健	39	269	0
168550909	ar	5838906	0	我要醉在草原上	孟文豪	250	250	0
168551509	ar	3363272	0	醉红颜(DJ版)	冷漠	409	410	0
74048548	ar	5059335	0	阿里山的姑娘(DJ版)	舞曲	146	322	0
168551575	ar	1217815	0	夜空中最亮的星	逃跑计划	224	252	0
168532714	ar	9889847	0	现在像狗一样的学,总好过将来像狗一样的活	MCv磊	141	141	0
168547226	ar	6604705	0	普通Disco(DJ版 Club Mix)	DjAlex.x&花僮	125	336	0
168551477	ar	7149583	0	告白气球	周杰伦	214	215	0
168551087	ar	507941	0	Cry On My Shoulder	Deutschland Sucht Den Superstar	237	238	0
168551675	ar	8131487	0	入梦-(动画片《梦幻西游》主题曲)	SNH48	214	271	0
168548180	ip	23490079	0	Domino(Matador Remix)	Matador&Oxia	78	411	0
168530426	ip	7249668	0	Robert Miles - Children	Various Artists	243	243	0
168551003	ar	5838906	0	我要醉在草原上	孟文豪	250	250	0
168534378	ar	0	1	心墙	郭静	3	226	0
168550890	ar	23491654	0	想你想疯了	彭佳慧	301	301	0
168504408	ar	5664501	1	琴键上的泪	网络歌手	210424	-1	0
168551310	ar	14613817	0	一人饮酒醉	MC天佑	89	89	0
168550571	ar	0	1	大王叫我来巡山	赵英俊	0	242	0
168541262	ar	6842878	0	女人没有错(DJ版)	何鹏&王建荣&司徒兰芳	259	259	0
168548223	ar	6686527	0	Hello	Adele	0	295	0
168551576	ar	23375964	0	爱音乐(DJ版)	庄心妍&DJ7爷	9	183	0
168551149	ar	945320	0	不分手的恋爱	汪苏泷	205	205	0
168548099	ar	1200933	0	专属单车	RTA	0	222	0
168219444	ar	21938423	0	皮皮虾我们走	MC阳子	116	117	0
168533103	ar	6329735	0	没有你陪伴真的好孤单	冷漠	289	289	0
168551513	ar	1179220	0	Outlaws Of Love	Adam Lambert	231	231	0
168548752	ar	2053373	0	頑張れ女の子!	日本ACG	92	135	0
168550086	ip	6731247	0	断不了的爱恋	MC王佳	9	108	0
168547030	ar	2297627	0	火辣辣的情歌	乌兰图雅	3	231	0
168550571	ar	0	1	等	郑源	0	229	0
168551131	ar	735003	1	十一年	邱永传	254909	254	0
751824	ar	15215505	1	带着情歌去流浪	龙梅子	245667	0	0
168551323	ar	865796	0	你是我的风景	何洁	250	249	0
168551614	ar	255912	0	风飞沙	迪克牛仔	246	259	0
168551485	ar	7149583	0	告白气球	周杰伦	214	215	0
168536737	ar	388733	0	在心里从此永远有个你	办桌二人组	0	263	0
168532543	ar	203139	0	蓝莲花	许巍	270	270	0
168551195	ar	6769547	0	我有孤独和烈酒	MC魏小然	121	120	0
168548074	ip	21765555	0	南屏晚钟 (Live)	华晨宇&苏诗丁	287	288	0
168551016	ar	3288032	0	剑出鞘的声音	铃声	0	3	0
168548924	ar	6957813	0	囧架架	MC赵小涣	2	288	0
168543348	ar	0	1	铃声多多_雨夜想你_门丽	未知歌手	2	66	0
168540484	ip	601705	0	陈炯明003	孙一[评书]	1312	1318	0
168551086	ar	23491653	0	男孩	梁博	312	312	0
168551426	ar	1474915	0	眼泪太年轻	洪辰	244	243	0
751824	ar	8327586	1	树读	王俊凯	239644	-1	0
168551189	ar	119914	0	圣桑	Yo-Yo Ma	188	188	0
168546320	ar	6185424	0	没有权利不爱你 (带合声伴奏)	刘是非	284	284	0
168543223	ar	9916520	0	我不是潘金莲-(电影《我不是潘金莲》大小版推广曲)	徐熙娣&大鹏	62	221	0
168548180	ip	23490090	0	Call You Back(Original Mix)	Bontan&Josh Butler	1	429	0
168546317	ar	7186125	0	为你写诗	吴克群&拖鞋	64	193	0
168550571	ar	0	1	都要好好的	小沈阳;沈春阳	2	281	0
168550782	ar	22392088	0	什么样的爱情	张阳阳	257	257	0
168550303	ar	6623036	0	乱世俱灭-(电视剧《蜀山战纪》第一季片尾曲)	赵丽颖&许志安	209	210	0
168538930	ar	4896893	0	情非得已	南妮	198	198	0
168550859	ar	0	1	39 宣州谢脁楼饯别校书叔云 	未知歌手	77	78	0
168548099	ar	3349741	0	藤	渔圈	0	215	0
168551182	ar	23491659	0	柿子	林忆莲	335	335	0
37025504	ar	7148555	0	我好像在哪见过你-(电影《精灵王座》主题曲)	薛之谦	278	279	0
168550369	ip	2836943	0	心要让你听见	邰正宵	0	0	0
168543026	ar	7037143	0	重返十七岁-(综艺《我去上学啦》第二季主题曲)	鹿晗&大张伟&张丹峰&潘玮柏&刘敏涛&Ella[陈嘉桦]	4	245	0
168550901	ar	7183589	0	男人三十	黑龙	26	265	0
168544231	ip	15249349	0	凉凉-(电视剧《三生三世十里桃花》片尾曲)	张碧晨&杨宗纬	64	333	0
168550086	ip	23496079	0	路	MC楚新	1	113	0
168550571	ar	0	1	歌在飞	苏勒亚其其格	6	233	0
168551033	ar	23362650	0	我是你的风-(动画电影《冰雪大作战》中文宣传曲)	安娜&诺一&刘霓娜	29	187	0
168550907	ar	6254215	0	奔跑吧兄弟-(电影《奔跑吧兄弟》主题曲)	筷子兄弟	195	196	0
168551397	ar	6359029	0	宠爱	TFBOYS	266	266	0
1685126	ar	7903660	0	兄弟 想你了	姜鹏	1	0	0
168551603	ar	8762277	0	一笑倾城-(电视剧《微微一笑很倾城》片头曲)	汪苏泷	1	232	0
168551008	ar	376960	0	红星照我去战斗	刀郎	166	253	0
168548840	ip	4186113	0	钢琴版	flower dance	15	278	0
168550987	ar	169744	0	红豆	王菲	157	257	0
168550564	ar	136261	0	God Is A Girl	Groove Coverage	121	219	0
168546691	ar	20674548	0	Uptown Funk	迪玛希Dimash	107	292	0
168551528	ar	23489299	0	当爱已成往事	宋茜&张丰毅	181	181	0
168550987	ar	381027	0	独家记忆	陈小春	306	307	0
168534627	ar	849847	0	致爱丽丝(钢琴曲 22秒铃声版)	铃声	21	22	0
168551622	ar	23491653	0	男孩	梁博	7	311	0
168550958	ar	5838906	0	我要醉在草原上	孟文豪	249	250	0
168547088	ar	15197060	0	当我想你的时候	汪峰	66	301	0
168546568	ar	462304	0	楚留香	华语群星	141	200	0
168551245	ar	7904313	0	洒脱	阿涵	8	266	0
168551411	ar	6033436	0	集体舞 青春飞扬	网络歌手	14	180	0
168546656	ar	0	1	爱就一个字	张信哲	28	272	0
168550987	ar	15198210	0	爱要怎么说出口	林俊杰	28	237	0
37025504	ar	6569784	0	李白	李荣浩&DJ大圣	322	323	0
168529936	ar	149882	0	风儿你在轻轻的吹	罗大佑	228	227	0
168551248	ip	21393369	0	一个人	幼稚园杀手	22	210	0
168550571	ar	0	1	花开的时候来看我	阿宝	0	230	0
168548180	ip	23490099	0	Live Stream(Original Mix)	Green Velvet&Rene Amesz&Mark Knight&René Amesz	1	349	0
168545327	ip	20274234	0	真的爱你	杜丽莎&杜丽莎&杜丽莎&杜丽莎	283	307	0
168541064	ar	848992	0	好听的非主流音乐来电铃声	铃声	7	31	0
168548223	ar	337179	0	Just One Last Dance	Sarah Connor	2	269	0
168551496	ip	4352733	0	释迦摩尼心咒	佛教音乐	6	92	0
168544994	ip	6836272	0	Devious Behavior(Original Mix)	Kúra	345	345	0
168548528	ar	6951121	0	江湖大道	姜鹏	2	213	0
168551540	ar	23498554	0	动物世界	薛之谦	230111	230	0
168536451	ar	7048541	0	归	MC天豹	220	220	0
168551569	ip	255912	0	风飞沙	迪克牛仔	0	0	0
168551585	ar	6251795	0	放纵(现场版)	G-Dragon	4	150	0
168550384	ip	4367124	0	阿弥陀佛	轻音乐	80	185	0
168550945	ar	22399766	0	你就不要想起我	张杰	303	303	0
168550086	ip	23037353	0	现实社会之混	MC王小五	1	225	0
168540348	ar	161718	0	酒醉的探戈	邓丽君	16454	0	0
168550571	ar	0	1	回忆里的那个人	李行亮	0	226	0
168543776	ar	7136180	0	旧伤口	威仔&奶兔	261	261	0
168550987	ar	126530	0	约定	光良	232	232	0
168535863	ip	293790	0	友谊之光	Maria Cordero	118	121	0
168551192	ar	5237384	0	逆流成河	金南玲	125	125	0
168551417	ar	3991360	0	存在	G.E.M.邓紫棋	5	247	0
148841403	ar	6660415	0	舍不得	黄子韬	236	237	0
168549700	ar	1475358	0	生命树	吴雨霏	3	263	0
168550970	ar	325078	0	有没有人告诉你	陈楚生	260	261	0
168548493	ip	4550826	0	舞台秀 fashion show 时装模特儿走台背景音乐	网络歌手	5	66	0
168550571	ar	0	1	老婆你辛苦了	祁隆	0	245	0
168550966	ar	1146591	0	Young Homie	Chris Rene	32	208	0
168543348	ar	0	1	铃声多多_在网络认识你_晓依	未知歌手	2	227	0
168531326	ar	318156	0	孙文之遗言	Kitaro	74	244	0
168549258	ar	173412	0	好想好好爱你	周蕙	255	256	0
168538990	ar	3456047	0	Dj啊荣(金丰娱乐广场激情九月中英Disco超嗨现场)	迪高喊麦现场	2432	3861	0
168548246	ip	23314227	0	No More Darkness	deejayyeon&H-Cyanide	5	347	0
168551458	ar	5359106	0	幸运符号	TFBOYS	14	217	0
168550937	ar	90147	0	无心睡眠	张国荣	189	190	0
168551234	ar	3950096	0	Do What U Want	Lady GaGa&Christina Aguilera	215978	216	0
168551442	ar	1179220	0	Outlaws Of Love	Adam Lambert	231	231	0
168547226	ar	6157829	0	好兄弟(DJ版)	何鹏&李志洲	4	275	0
168547030	ar	23497947	0	阿尔山的姑娘(DJ版)	乌兰图雅&何鹏	3	290	0
168548211	ar	5486052	0	绝对精彩的手机来电铃声	网络歌手	5	17	0
168539907	ar	3972246	0	怎么能忘了	程响	223	223	0
168550571	ar	0	1	李白	李荣浩;黄兵	0	273	0
168550532	ar	3195905	0	红尘客栈	周杰伦	275	275	0
168551295	ar	6657692	0	走着走着就散了	庄心妍	50	268	0
168541408	ar	0	1	逍遥叹	胡歌	94	313	0
168536737	ar	625294	0	认真的雪	薛之谦	3	259	0
168551524	ar	6635279	0	Animals	Maroon 5	8	231	0
168550979	ar	161611	0	我只在乎你	邓丽君	254	255	0
168549013	ip	5256343	0	荷尔蒙战争	防弹少年团(BTS)	21	265	0
168551401	ar	6359029	0	宠爱	TFBOYS	265	266	0
168551589	ar	1474915	0	眼泪太年轻	洪辰	4	243	0
168551097	ar	23491659	0	柿子	林忆莲	334	335	0
168550979	ar	16889394	0	一人饮酒醉唯美翻唱	沈雨萱	93	93	0
168545257	ar	6310659	0	スマイル☆ピース	花澤香菜&戸松遥&伊藤加奈惠	14	245	0
168550948	ar	325078	0	有没有人告诉你	陈楚生	260	261	0
168550973	ar	7186022	0	梦中的兰花花	刘建东	211	231	0
168545893	ar	15249349	0	凉凉-(电视剧《三生三世十里桃花》片尾曲)	张碧晨&杨宗纬	6	301	0
168551235	ar	4151842	0	Stay The Night	Zedd	5	217	0
168550571	ar	0	1	绿旋风	凤凰传奇	0	231	0
168550086	ip	23288485	0	肉	MC半阳	1	137	0
168551535	ar	4319562	0	征服	电视原声	4365	0	0
168543163	ar	6528382	0	明天,你好	牛奶@咖啡	272	271	0
168537860	ip	1080281	0	Belly Dancer	Karl Wolf	26	205	0
168551016	ar	6233175	0	爱的罗曼史(31秒铃声版)	吉他	3	31	0
751824	ar	885401	1	快乐的歌	谢娜	198726	-1	0
168551181	ar	1213889	0	红尘情歌	郑源&蒋姗倍	244	245	0
168550931	ar	15249349	0	凉凉-(电视剧《三生三世十里桃花》片尾曲)	张碧晨&杨宗纬	321	333	0
168543026	ar	15920459	0	让我留在你身边-(电影《摆渡人》初见版主题曲)	鹿晗	2	152	0
168550571	ar	0	1	没有你陪伴真的好孤单	梦然	0	283	0
168551532	ar	157612	0	如果这都不算爱	张学友	20	215	0
168541408	ar	0	1	Dark Horse	Katy Perry&Tee	0	215	0
168551618	ar	277286	0	爱在记忆中找你	林峯	151	254	0
168551487	ar	3192572	0	Crazy Kids	Ke$ha	230	230	0
168550571	ar	0	1	逆流成河	宇桐非	0	187	0
168551052	ar	6292506	0	帝都	萌萌哒天团	62	183	0
168551548	ar	1179220	0	Outlaws Of Love	Adam Lambert	231	231	0
168548246	ip	23314228	0	The Fingers(Original Mix)	Monjigo	2	205	0
168536737	ar	175395	0	多爱我一天	Energy	0	267	0
168551009	ar	126530	0	约定	光良	231	232	0
168549505	ip	367089	0	Should It Matter	Sissel	159	303	0
167837281	ar	0	1	回忆求你放过我	马旭东	203296	204	0
168551047	ar	239520	0	红玫瑰	陈奕迅	51	240	0
168547226	ar	6611910	0	大雨还在下(DJ版Radio Mix)	DJ小鱼儿&高夫	1	283	0
168540005	ip	8131549	0	怪我咯(伴奏版)	童可可	256	257	0
168549700	ar	665155	0	一丝不挂	陈奕迅	1	242	0
168538703	ar	3616003	0	不再联系 (DJ Mosen Mix)	夏天Alex&崔子格	42	386	0
168550086	ip	20275342	0	皮皮虾我们走	MC马克	1	116	0
168545430	ar	8762277	0	一笑倾城-(电视剧《微微一笑很倾城》片头曲)	汪苏泷	91	231	0
168546165	ar	245509	0	你知道我在等你吗	迪克牛仔	81	218	0
168550571	ar	0	1	你是陪我到老的女人	星君	0	237	0
168551406	ar	20671171	0	Shape Of You	Ed Sheeran	231	231	0
168547083	ip	20674110	0	思慕(伴奏版)	郁可唯	153	306	0
168551197	ar	10766355	0	You're Welcome	Dwayne Johnson	8	164	0
168548180	ip	23490110	0	Egyptian Lover(Latmun Remix)	The Golden Boy	3	403	0
168547030	ar	1207233	0	站在草原望北京	乌兰图雅	1	248	0
168550716	ar	248323	0	Dilemma	Nelly&Kelly Rowland	2	237	0
168551062	ar	6468891	0	演员	薛之谦	38	261	0
168551303	ar	703746	0	爱我你就抱抱我	儿童歌曲	191890	192	0
168551414	ar	4124533	0	形影不离	张纹嘉	232876	233	0
168543654	ar	666535	0	世界上最伟大的推销员 01	有声读物	85	749	0
168551569	ip	360750	0	Livin' On A Prayer	Bon Jovi	0	0	0
168549700	ar	3678102	0	痛爱	容祖儿	0	213	0
168550571	ar	0	1	漂洋过海来看你 (Live)	刘明湘	0	197	0
168547071	ar	335120	0	再见了,最爱的人	水木年华	254	255	0
168551233	ar	6749207	0	Faded	Alan Walker	212	212	0
168551549	ar	23082492	0	高尚	薛之谦	22	318	0
168551701	ar	8131487	0	入梦-(动画片《梦幻西游》主题曲)	SNH48	209	271	0
168551166	ar	381027	0	独家记忆	陈小春	307	307	0
168548211	ar	4521751	0	一首做为手机来电铃声极酷的 mp3	网络歌手	2	34	0
168547599	ip	7155444	0	女人的选择(2k15 Extended Mix)	DJ.Eivin一文&姜育恒	10	446	0
168547123	ar	0	1	庄心妍、萧全 - 分分合合	未知歌手	20	237	0
168551546	ar	1179220	0	Outlaws Of Love	Adam Lambert	231	231	0
168551165	ar	22168247	0	你可能谈了个假恋爱	周艳泓	34	214	0
168551450	ar	478338	0	Just Dance	Lady GaGa	241	242	0
168551458	ar	909773	0	灰色头像	许嵩	2	290	0
168550969	ar	908636	0	Stay Here Forever	Jewel	31	179	0
168539732	ar	6660690	0	星球大战	许飞&潘晓婷	185	186	0
168534325	ar	23457933	0	永不退缩-(电视剧《热血尖兵》主题曲)	王野	218	218	0
168548223	ar	6568057	0	Spectre	Alan Walker	4	230	0
1685126	ar	23250904	0	十点半的地铁	李健	76	298	0
168550571	ar	0	1	情一动就心痛	海生	0	232	0
168548032	ip	6680441	0	Sing Your Song	SHINee	12	244	0
168539391	ar	6167389	0	Meet A Girl Like You(31秒铃声版)	张碧晨	16	31	0
168549643	ar	6112490	0	殇雪(30秒铃声版)	云菲菲	17	30	0
168545327	ip	20274234	0	真的爱你	杜丽莎&杜丽莎&杜丽莎&杜丽莎	5	307	0
168535244	ar	4453556	0	晚霞中的红蜻蜓 日本名歌	网络歌手	120	181	0
168550226	ar	9812338	0	西海情歌(杨明笛子版)	纯音乐	14	297	0
168546836	ar	21770700	0	模特 (Live)	李荣浩	292	292	0
168539907	ar	6468891	0	演员	薛之谦	3	261	0
168551165	ar	23491655	0	裂心	林志炫	214	254	0
168550571	ar	0	1	See You Again (Cormak Remix)	Cormak;Wiz Khalifa;Charlie Puth	0	174	0
168551392	ar	23495106	0	以人民的名义-(电视剧《人民的名义》片尾主题曲)	江映蓉&韩磊	11	268	0
168551576	ar	5820872	0	好可惜	庄心妍	8	315	0
168551398	ar	6660691	0	一次就好-(电影《夏洛特烦恼》暖水曲)	杨宗纬	20	266	0
37025504	ar	20274229	0	我最亲爱的	林忆莲	309	310	0
168551461	ar	6468891	0	演员	薛之谦	260	261	0
168551351	ar	23250911	0	爱上一个不回家的人	彭佳慧	9	313	0
168550843	ar	9867433	0	全世界谁倾听你-(电影《从你的全世界路过》插曲)	林宥嘉	218	259	0
168544253	ar	120308	0	忘了我是谁	金城武&周迅	54	204	0
168543026	ar	6660024	0	勋章-(电影《我是证人》主题曲)	鹿晗	1	214	0
168549700	ar	7185443	0	野孩子	杨千嬅	0	0	0
168548246	ip	23314229	0	N.G.U(Never Give Up)(Cantonese Ver.)	SWED谢尔盖&罗隽永	2	185	0
168546165	ar	0	1	1490253666693	未知歌手	1	220	0
168550571	ar	0	1	什么样的爱情	黄仁烁	0	256	0
168551230	ar	9559531	0	你的过去我不介意	唐古	244	244	0
168550912	ar	554452	0	轮流转	蔡健雅	29	266	0
168534493	ar	6459966	0	妙法莲花(铃声版)	佛教音乐	2	35	0
168551569	ip	956342	0	Latin Girl	Justin Bieber	0	0	0
168545995	ip	4859763	0	Love Or Game	GARNiDELiA	252	252	0
168551291	ar	6478433	1	Against the Sun (Original Mix)	Rootkit	32879	212	0
164550538	ar	12420279	0	Juicy Pen(DjBisonus Rmx)	DJ Ozi	383	384	0
168538703	ar	3282737	0	成都机场	孟文豪	1	317	0
168551294	ip	22798857	0	花心	周华健	0	0	0
168551107	ar	23489705	0	是你(Live)	TFBOYS	226	226	0
168551601	ar	8762277	0	一笑倾城-(电视剧《微微一笑很倾城》片头曲)	汪苏泷	170	232	0
168544926	ar	858037	0	在校园特流行极个性的铃声	铃声	14	34	0
168534687	ar	6792401	0	Dream It Possible	Delacey	44	204	0
168551372	ar	893831	0	S&M	Rihanna	243	243	0
168550973	ar	939561	0	一壶老酒	陆树铭	1	260	0
168543348	ar	0	1	铃声多多_在遇见你之前我是个流浪人,谢谢你给我一个家_张津涤	未知歌手	5	72	0
168551585	ar	6418166	0	一天一天(中文版)	G-Dragon	5	257	0
168529683	ip	8993179	0	当年一首另类曲	高迪	85	85	0
168551258	ar	7084965	0	Di Da Di	李玟	299	298	0
168551687	ar	8131487	0	入梦-(动画片《梦幻西游》主题曲)	SNH48	155	271	0
168550491	ar	3385963	0	Baby, Don't Cry(人鱼的眼泪)	EXO	75	236	0
168551535	ar	4319562	1	征服	电视原声	4272	0	0
168551308	ar	14613817	0	一人饮酒醉	MC天佑	89	89	0
168551309	ar	23491653	0	男孩	梁博	312	312	0
168551309	ar	23491655	0	裂心	林志炫	254	254	0
168541064	ar	1025590	0	坏女孩(31秒铃声版)	徐良	6	31	0
168548752	ar	2053374	0	Working girl	日本ACG	73	188	0
168551593	ar	203627	0	月光下的凤尾竹	关牧村	200	281	0
168550654	ar	23486442	0	王者荣耀之李白	MC莫小菜	13	101	0
168544130	ip	882100	0	Running Up That Hill	Placebo	293	295	0
168551631	ar	1179220	0	Outlaws Of Love	Adam Lambert	0	231	0
168536737	ar	77841	0	原谅	张玉华	3	256	0
168549013	ip	9817135	0	Body	宋闵浩	4	199	0
168550961	ip	12688437	0	绝情逼	Mc天佑&Mc王坤	14	158	0
168538455	ar	4694551	0	怒江傈僳新歌曲	网络歌手	0	0	0
168538455	ar	4419115	0	贡山情歌 怒江傈僳民歌	网络歌手	0	0	0
168535869	ar	7059136	0	天行九歌{动画《天行九歌》主题曲}	霍尊	234	234	0
168551090	ar	1889322	0	Watery Illumination	Dan Gibson	25	333	0
168538455	ar	2612400	0	云南怒江怒族音乐 02	欢庆	0	0	0
168551580	ar	1563630	0	等你等了那么久	祁隆&乐凡	19	306	0
168543083	ar	1186197	0	耳机分半	孙子涵	46	239	0
168546317	ar	7186126	0	味道	辛晓琪&付鹰&孟慧园&陈佳[我想和你唱]	59	249	0
168549700	ar	142801	0	偏偏喜欢你	陈百强	0	0	0
168551418	ar	7147493	0	说散就散	JC[女]	32	230	0
168550571	ar	0	1	死心塌地去爱你	谭艳	0	263	0
168538455	ar	4528037	0	怒江傈僳酒歌	网络歌手	0	0	0
168551016	ar	1056834	0	原木吉他(铃声)	罗文裕	4	41	0
168551622	ar	23491653	0	男孩	梁博	9	311	0
168549342	ar	6231720	0	十八摸(51秒铃声版)	网络歌手	31	51	0
164008610	ar	7186126	0	味道	辛晓琪&付鹰&孟慧园&陈佳[我想和你唱]	0	0	0
168548968	ar	2577504	0	空谷禅韵	慧普法师	71	277	0
168538455	ar	11827664	0	合租旅行	Chase梦音	0	0	0
168548211	ar	6012064	0	摩托罗拉手机来电铃声	网络歌手	2	26	0
168538819	ar	15011653	0	不要再见面-(偶像剧《如朕亲临》片尾曲)	田亚霍	270	270	0
164008610	ar	7186130	0	永隔一江水	韩红	0	0	0
168551256	ar	16679052	0	火花神嗨(Remix)	DJ阿金	16	200	0
168551549	ar	22797719	0	深夜书店	洛天依&许嵩	0	260	0
168538455	ar	4539712	0	怒江歌曲 三江情	网络歌手	0	0	0
164008610	ar	7182616	0	千年游-(《天天向上》之《中华文明之美》主题曲)	李宇春	0	0	0
168538455	ar	4135072	0	怒江歌曲 我心爱的傈僳小阿哥	网络歌手	0	0	0
168550979	ar	865796	0	你是我的风景	何洁	249	249	0
168551344	ar	14613817	0	一人饮酒醉	MC天佑	88	89	0
168548059	ip	19287275	0	交响乐	天空之城、久石让	175	257	0
168549700	ar	277286	0	爱在记忆中找你	林峯	0	0	0
164008610	ar	7183671	0	来生愿做一朵莲	魏新雨	0	0	0
168550716	ar	356657	0	Pocketful Of Sunshine	Natasha Bedingfield	11	203	0
164008610	ar	7183589	0	男人三十	黑龙	0	0	0
168551639	ar	8762277	0	一笑倾城-(电视剧《微微一笑很倾城》片头曲)	汪苏泷	151	232	0
168551336	ar	9950164	0	刚好遇见你	李玉刚	199	200	0
168551026	ar	5641559	0	十分唯美的 I Phone 4s 手机里的铃音	网络歌手	13	14	0
168550427	ar	3385967	0	3, 6, 5	EXO	73	185	0
168547226	ar	3448658	0	小沈阳VS沈春阳-你懂得(2013弹Club Dj艺冷 Remix)	慢摇舞曲	122	353	0
168551662	ar	8131487	0	入梦-(动画片《梦幻西游》主题曲)	SNH48	247	271	0
168551487	ar	478338	0	Just Dance	Lady GaGa	241	242	0
168547088	ar	538653	0	当我想你的时候	汪峰	9	263	0
168541408	ar	0	1	逍遥叹	胡歌	5	313	0
168551417	ar	709308	0	写不完的温柔	G.E.M.邓紫棋	8	238	0
168551507	ar	23498554	0	动物世界	薛之谦	4	230	0
168546165	ar	0	1	378dafbb643b765311b02d8fe4ea11b9	未知歌手	2	228	0
168551245	ar	20988454	0	默(Remix)(伴奏版)	阿涵&小右&Noise	9	284	0
168539262	ar	9865043	0	往日时光	谭艳	33	257	0
168532530	ip	281371	0	梁山伯与祝英台	古筝	231	232	0
168551364	ar	23491660	0	自己	张杰	301	301	0
168543348	ar	0	1	铃声多多_这铃声做闹钟太舒服了_仇哥	未知歌手	1	90	0
168550078	ip	6700608	0	Love Yourself	Justin Bieber	42	233	0
168551509	ar	911277	0	伤心城市	冷漠&云菲菲	267	267	0
497685	ar	3983983	0	马上来	高进	44784	211	0
168550571	ar	0	1	天在下雨我在想你	任妙音	0	312	0
168551507	ar	23497506	0	画心(Live)	张靓颖	5	365	0
168533195	ar	388895	0	王子的新衣	萧敬腾	261	262	0
168549792	ip	219142	0	不如不见	陈奕迅	232	248	0
168551057	ar	239520	0	红玫瑰	陈奕迅	50	240	0
168533269	ar	7185670	0	真心话太冒险	TFBOYS	220	220	0
168539244	ar	6459388	0	梦中的额吉	阿迪雅	75	0	0
168550728	ar	923091	0	We R Who We R	Ke$ha	204	204	0
168550004	ar	9962546	0	红尘情歌	高安&黑鸭子	1	211	0
168551497	ar	3192572	0	Crazy Kids	Ke$ha	231	230	0
168551031	ar	5838906	0	我要醉在草原上	孟文豪	250	250	0
168550961	ip	12506250	0	爱过你	MC天佑	1	234	0
168551179	ar	23486969	0	逃兵-(电影《绑架者》主题曲)	杨乃文	23	223	0
168543026	ar	6215461	0	我们的明天(电影《重返20岁》主题曲)	鹿晗	3	214	0
168538196	ar	14964065	0	你就不要想起我	简弘亦	280	280	0
168549715	ar	69873	0	朋友	臧天朔	81	320	0
168551383	ar	6359029	0	宠爱	TFBOYS	29	266	0
168537210	ip	8762277	0	一笑倾城-(电视剧《微微一笑很倾城》片头曲)	汪苏泷	1	231	0
168540303	ar	15679152	0	余生	MC半阳	202	203	0
168551257	ar	23498554	0	动物世界	薛之谦	4	230	0
168548211	ar	4471421	0	做手机来电铃声最好的音量加大	网络歌手	1	31	0
168551367	ip	22392088	0	什么样的爱情	张阳阳	106	257	0
168551378	ar	3233074	0	001历史是个什么玩意儿(一)	袁腾飞	764	797	0
168548945	ar	20674427	0	弄你的士高	经典老歌、慢摇	141	381	0
168542762	ip	6576217	0	Higher(DJ版 Original Mix)	Tom Staar	201	337	0
168550892	ar	23491659	0	柿子	林忆莲	334	335	0
168551087	ar	912611	0	和平分手	徐良	234	234	0
168537210	ip	625294	0	认真的雪	薛之谦	1	261	0
168545420	ar	6449273	1	绅士	薛之谦	290982	290	0
168551257	ar	23497506	0	画心(Live)	张靓颖	5	365	0
168550171	ar	218133	0	不能不见	张敬轩	57	245	0
168551473	ar	13790902	0	暖人-(电视剧《放弃我抓紧我》插曲)	张磊	77	287	0
168548180	ip	6459954	0	大悲咒(男声版)	佛教音乐	6	59	0
168537210	ip	9919225	0	我要你-(电影《驴得水》主题曲)	任素汐	3	154	0
168545257	ar	4342390	0	麻婆豆腐の歌	花澤香菜	8	24	0
168551016	ar	5721746	0	生锈的吉他 铃声	网络歌手	1	20	0
168551331	ar	9848594	0	Starboy	The Weeknd&Daft Punk	229	229	0
168536865	ar	10697368	0	我们的纪念	李雅微	112	280	0
168541064	ar	849847	0	致爱丽丝(钢琴曲 22秒铃声版)	铃声	2	22	0
168551257	ar	23495106	0	以人民的名义-(电视剧《人民的名义》片尾主题曲)	江映蓉&韩磊	268	268	0
168551309	ar	23491660	0	自己	张杰	301	301	0
168550004	ar	0	1	爱如潮水 (Live)	隐藏的歌手	0	274	0
168546317	ar	7186130	0	永隔一江水	韩红	1	233	0
168551198	ar	7149583	0	告白气球	周杰伦	214	215	0
168544391	ar	1245780	0	幻听	许嵩	78	273	0
168551311	ar	7010204	0	一人饮酒醉	MC九局	65	65	0
168551085	ar	23491656	0	难忘的一天	迪玛希Dimash	327	327	0
168548633	ar	20862199	0	It's Love(Electronic version)	张碧晨	235	235	0
168551495	ar	23485855	0	生来倔强	南征北战	219	219	0
168551257	ar	23491653	0	男孩	梁博	311	312	0
37025504	ar	0	1	I Love You	Stewart Mac	262	262	0
168543348	ar	0	1	铃声多多_走西口 笛子独奏_笛子	未知歌手	0	205	0
168551539	ar	3514083	0	李白	李荣浩	273	273	0
168551198	ar	6359029	0	宠爱	TFBOYS	266	266	0
168537860	ip	1389023	0	What's A Man To Do	Johnta Austin	8	231	0
168551257	ar	23491655	0	裂心	林志炫	253	254	0
168531662	ar	9937437	0	曾经的你	萧敬腾	82	257	0
168551063	ar	6749207	0	Faded	Alan Walker	37	212	0
168550181	ar	0	1	那么好	MC梦柯	125	126	0
168551542	ar	1474915	0	眼泪太年轻	洪辰	243	243	0
168551101	ar	138242	0	残酷乐章	周杰伦	23	225	0
168542178	ar	6819185	0	一千年以后	林俊杰	57	133	0
168551532	ar	6482561	0	遥远的她	张学友	7	259	0
168538990	ar	3454332	0	DJ King至嗨精选英文串烧	DJ舞曲	10	4452	0
168548223	ar	6568057	0	Spectre	Alan Walker	5	230	0
168547226	ar	4759507	0	dj(我叫小沈阳)	慢摇嗨曲	1	201	0
168542579	ar	4037598	0	佛教 - 大悲咒男声版	有声读物	203	0	0
168549948	ar	22345862	0	Moon And Back	曲婉婷	94	209	0
168550274	ar	332178	0	光の行方(Album Long Version)	savage genius	126	326	0
168541857	ip	677091	0	Without You	Mariah Carey	28	217	0
168550986	ar	5838906	0	我要醉在草原上	孟文豪	250	250	0
168551611	ar	1217815	0	夜空中最亮的星	逃跑计划	216	252	0
168551430	ar	6359029	0	宠爱	TFBOYS	265	266	0
168551684	ar	8131487	0	入梦-(动画片《梦幻西游》主题曲)	SNH48	170	271	0
74499428	ar	5643132	0	狗日的青春	贰佰	244	0	0
168543654	ar	6010554	0	羊皮卷-世界上最伟大的推销员08	你就是下一个奇迹	6	430	0
168235627	ar	2057479	0	花の锁	生乃麻纪	48	92	0
168551661	ar	23497005	0	夜信	IU	9	253	0
168540481	ar	21295307	0	皮皮虾我们走	MC马克	115	116	0
168551712	ar	0	1	廖阅鹏实用催眠CD探索前世今生B	未知歌手	2418	2596	0
168546014	ar	6700790	0	大王叫我来巡山-(电影《万万没想到：西游篇》片尾曲)	贾乃亮&甜馨	221	221	0
	1062806	ar	6647892	1	清凉心《养心音乐》	佛教音乐	439114	0	0
	168551501	ar	1474915	0	眼泪太年轻	洪辰	243	243	0
168551323	ar	228642	0	该死的温柔	马天宇	222	222	0
168551511	ar	7149583	0	告白气球	周杰伦	214	215	0
168551082	ar	6468891	0	演员	薛之谦	38	261	0
168544926	ar	4222135	0	铃声(李霄云翻唱 Love Song)	Adele	4	60	0
168551540	ar	23497506	0	画心(Live)	张靓颖	365019	365	0
168548752	ar	2053375	0	素朴な眼差し	日本ACG	4	125	0
168549700	ar	91396	0	真的汉子	林子祥	0	0	0
168531299	ar	379310	0	在心里从此永远有个你	高安	268	267	0
168549502	ar	277286	0	爱在记忆中找你	林峯	254	254	0
168538071	ar	21095464	0	素颜-(电视剧《大唐荣耀》插曲)	霍尊	222	222	0
168551568	ar	0	1	a5ea1134d9854b2f221dc5d016c54ead	未知歌手	205	253	0
168549700	ar	82931	0	边走边爱	谢霆锋	0	212	0
168551535	ar	4319562	1	征服	电视原声	3251	0	0
168551182	ar	23491656	0	难忘的一天	迪玛希Dimash	327	327	0
168551040	ar	2835563	0	逆战	张杰	228	229	0
168551026	ar	6762421	0	来自星星的你 孝琳再见 短信音(14秒铃声版)	手机铃声	2	14	0
168551015	ar	23082492	0	高尚	薛之谦	244	318	0
168551535	ar	6128103	1	那英《征服》王大锤版本  就这样被你征服 喝下你藏好的毒 (《万万没想到》片段)	电视原声	4272	0	0
168549700	ar	90126	0	梦到内河	张国荣	0	0	0
168539391	ar	6334567	0	幸好有你(伴奏版)	张碧晨&李嘉格&余枫&罗景文	3	318	0
168551234	ar	403397	1	Poker Face	Lady GaGa	237215	238	0
168533735	ar	0	1	Faded_55680117	未知歌手	99	99	0
168551186	ar	1025605	0	包容(33秒铃声版)	郑源	32	32	0
168551270	ar	23498554	0	动物世界	薛之谦	0	230	0
168550981	ar	5838906	0	我要醉在草原上	孟文豪	249	250	0
168546165	ar	0	1	9bd92f35eb656de3c0eb10d11fa99436	未知歌手	1	125	0
168543348	ar	0	1	铃声多多_最坏的时光遇到最好的你_王璐岢	未知歌手	0	61	0
168550890	ar	23250904	0	十点半的地铁	李健	298	298	0
168551460	ar	6359029	0	宠爱	TFBOYS	265	266	0
168550046	ar	4074082	0	寂寞的人伤心的歌(DJ版)	龙梅子&杨海彪	18	372	0
168551270	ar	23497506	0	画心(Live)	张靓颖	0	365						0
168550969	ar	277286	0	爱在记忆中找你	林峯	254	254	0
168551524	ar	5272483	0	Feelings	Maroon 5	9	194	0
168547449	ar	23187793	0	神秘”基“体质，被父母发现肿么办！	小同同	0	362	0
168550004	ar	0	1	戴荃 - 悟空 - 2016第十六届音乐风云榜年度盛典现场	未知歌手	0	180	0
168543026	ar	6703177	0	勋章-(2.0版)	鹿晗	1	251	0
168551033	ar	277286	0	爱在记忆中找你	林峯	253	254	0
168549443	ar	447388	0	爱情转移	雷婷	167	315	0
168548211	ar	4465377	0	金娜娜手机来电铃声	网络歌手	2	15	0
168551316	ar	7187128	0	红蔷薇白玫瑰	G.E.M.邓紫棋	283	283	0
168547857	ar	4174348	0	铃声多多	Closer	33	0	0
168551316	ar	7186127	0	逆战	张杰&周一豪&黄宗辉&刘振宇	227	227	0
168551622	ar	23491653	0	男孩	梁博	4	311	0
168544391	ar	3461627	0	慕容晓晓-爱情买卖(2010合成Club Ck VS Tk)	中文慢摇	1	280	0
168551316	ar	7186112	0	将军令	吴克群&拖鞋&SING组合&叶晓粤	214	215	0
168548779	ar	1994352	0	凤凰山	天幕落	77	226	0
168544731	ar	14748670	0	陶阳 太平歌词《游西湖》	京剧神童·陶阳	468	467	0
168549561	ar	0	1	你没错是我爱多了-李哈哈	李哈哈	33	110	0
168551390	ip	363389	0	最后一次	薛晓枫	70	207	0
168550564	ar	7203846	0	Let Me Love You	Justin Bieber&DJ Snake	13	205	0
168548032	ip	1115485	0	Always Love	SHINee	9	224	0
168549685	ip	6143489	0	潮水	罗力威	224	235	0
168550384	ip	6752168	0	第十五品	有声佛书	14	1514	0
168550004	ar	0	1	断桥残雪	许嵩	0	227	0
168551303	ar	703874	1	数鸭子	儿童歌曲	76394	77	0
168551585	ar	2692874	0	Today	G-Dragon&Nell	6	221	0
168551086	ar	23491659	0	柿子	林忆莲	334	335	0
168550571	ar	0	1	为爱付出	庄妮	0	212	0
168550907	ar	6308785	0	最炫小苹果	筷子兄弟&凤凰传奇	176	176	0
168543083	ar	1041156	0	请安静的忘记我	孙子涵	5	249	0
168551245	ar	444753	0	我想你了	阿筎那	4	337	0
168551397	ar	6660691	0	一次就好-(电影《夏洛特烦恼》暖水曲)	杨宗纬	267	266	0
168550078	ip	6414906	0	See You Again	Wiz Khalifa&Charlie Puth	4	229	0
168551627	ar	8762277	0	一笑倾城-(电视剧《微微一笑很倾城》片头曲)	汪苏泷	0	231	0
168549003	ar	4885347	0	北国之春	钟明秋	84	321	0
168549829	ar	9831459	0	那么好(伴奏版)	Lao方丈	74	157	0
168547030	ar	3612009	0	我的蒙古马	乌兰图雅	41	259	0
168551414	ar	78772	1	合久必婚	李克勤&陈苑淇	191565	192	0
168547874	ar	0	1	7e3a56ec5874988759f915eaf9272a40_	未知歌手	0	0	0
168547599	ip	7279483	0	女人的选择	孙伯纶	11	322	0
168550004	ar	0	1	光辉岁月	BEYOND	0	301	0
168531261	ar	7106709	0	为你我受冷风吹	孙露	185	230	0
168551757	ip	8131487	0	入梦-(动画片《梦幻西游》主题曲)	SNH48	0	0	0
168551016	ar	5677070	0	美妙吉他 铃声之家 Cnwav	网络歌手	3	20	0
168550966	ar	1328940	0	Dancing With You	Oscar Lopez	197	198	0
168551059	ar	161611	0	我只在乎你	邓丽君	254	255	0
168537860	ip	3201416	0	Love Again	Chrishan	3	190	0
168551189	ar	677136	0	Cello Concerto in C,Hob VIIb-1-Moderato	Franz Joseph Haydn	589	589	0
168551059	ar	16889394	0	一人饮酒醉唯美翻唱	沈雨萱	93	93	0
168539871	ip	3188740	0	农夫渔夫	大乔小乔	226	226	0
168551351	ar	23250910	0	爱不爱我	狮子合唱团	8	397	0
168546165	ar	0	1	1488894264599	未知歌手	1	226	0
168129073	ar	661448	0	万里长城永不倒	影视原声	0	172	0
168548942	ip	4133058	0	一个士兵的爱情	网络歌手	37	271	0
168551059	ar	865796	0	你是我的风景	何洁	32	249	0
168551442	ar	7149583	0	告白气球	周杰伦	214	215	0
168550571	ar	0	1	我和草原有个约会	凤凰传奇	0	235	0
168550982	ar	5838906	0	我要醉在草原上	孟文豪	251	250	0
168550004	ar	0	1	过火 (Live)	隐藏的歌手	0	145	0
168551458	ar	6336215	0	Immortals	Fall Out Boy	11	195	0
168549013	ip	3637762	0	B.O.D.Y	VIXX	29	193	0
168549643	ar	6178631	0	老婆(32秒铃声版)	张杰	10	32	0
168529983	ar	13264812	0	明天,你好	TF BOYS	110	273	0
168551035	ar	5838906	0	我要醉在草原上	孟文豪	250	250	0
168551625	ip	11051890	0	我要我们在一起	杨乃文[花粉过敏的花房姑娘]&李琦[从酋长到球长]	234	260	0
168551051	ar	5838906	0	我要醉在草原上	孟文豪	250	250	0
168551614	ar	3973072	0	自动弃权 (放手版)	符家浚	0	0	0
168544391	ar	3444800	0	王杰-不浪漫的罪名 (DJ Yong Remix)	中文的高	1	347	0
168547537	ar	771941	0	碧海潮生曲	箫	182	183	0
168543348	ar	0	1	铃声多多_最穷不过要饭，不死终会出头！_杰	未知歌手	2	84	0
168546383	ar	3520384	0	你是我最爱的女人	冷漠	75	235	0
168550571	ar	0	1	我们不该这样的	张赫宣	0	226	0
168538002	ar	1455646	0	Gently Dreaming	Peter Kater	20	474	0
168538185	ar	7148312	0	恋歌-(电视剧《半妖倾城》片尾曲)	何晟铭	286	286	0
168551417	ar	18747929	0	喜欢你	G.E.M.邓紫棋	7	195	0
168550004	ar	0	1	海阔天空	Beyond	0	369	0
168551614	ar	485818	0	不吐不快	张敬轩	0	0	0
168533756	ar	94797	0	Symphonic Medley	林忆莲&伦永亮	463	553	0
168551092	ar	6468891	0	演员	薛之谦	38	261	0
168550571	ar	0	1	我们的歌谣(萨尔萨舞曲版)	凤凰传奇	0	315	0
168550945	ar	21473232	0	突然想爱你	张杰	297	297	0
168551637	ar	277286	0	爱在记忆中找你	林峯	166	254	0
168551579	ar	1179220	0	Outlaws Of Love	Adam Lambert	230	231	0
168551071	ar	4078943	0	零	柯有伦	23	283	0
168548752	ar	2053376	0	ウワサのあの子は転校生 ver.デレ	日本ACG	44	139	0
168550654	ar	23486444	0	王者荣耀之李白(伴奏)	MC莫小菜	11	101	0
168550138	ar	185765	0	Down By The Salley Gardens(莎莉花园)	藤田恵美	247	247	0
168551661	ar	23497005	0	夜信	IU	4	253	0
168551535	ar	4319562	1	征服	电视原声	4272	0	0
168549401	ar	6625007	0	你的抱歉	宝蓝&宋孟君	173	173	0
168551649	ar	23498554	0	动物世界	薛之谦	0	230	0
168546165	ar	0	1	1488893142948	未知歌手	1	231	0
168551513	ar	7149583	0	告白气球	周杰伦	215	215	0
168543026	ar	6794161	0	原动力-(电影《星球大战》推广曲)	鹿晗	2	210	0
168539085	ar	20866246	0	红尘情歌	蒋姗倍、郑源	236	237	0
168539261	ar	0	1	庄心妍 - 为情所伤	未知歌手	212	212	0
168550571	ar	0	1	我想找个女朋友	姜玉阳	0	277	0
168542155	ar	590383	0	向天再借五百年	韩磊	68	192	0
37025504	ar	7081279	0	只是没有如果-(电视剧《那年青春我们正好》片尾曲)	张靓颖&王铮亮	295	0	0
168551097	ar	23491656	0	难忘的一天	迪玛希Dimash	327	327	0
168550532	ar	138804	0	菊花台	周杰伦	293	294	0
168551420	ar	7149583	0	告白气球	周杰伦	105	215	0
168551618	ar	325078	0	有没有人告诉你	陈楚生	0	0	0
168550004	ar	10092515	0	红尘情歌	高安	0	318	0
168545630	ar	2730714	0	南无阿弥陀佛	悟演法师	366	367	0
168542762	ip	491926	0	kkky(remix)	Cunninlynguists	2	139	0
168551524	ar	1228618	0	As Long As You Love Me	Justin Bieber&Big Sean	2	229	0
168550998	ar	3463534	0	青春舞曲(现场)	玖月奇迹	33	184	0
1062806	ar	0	1	The Boy Who Shattered Time (MitiS Remix)	Various Artists	294058	294	0
168544109	ar	0	1	精选混音精品串烧	群星	78	3684	0
168551477	ar	6359029	0	宠爱	TFBOYS	265	266	0
168551401	ar	6660691	0	一次就好-(电影《夏洛特烦恼》暖水曲)	杨宗纬	266	266	0
168541004	ar	22799199	0	你说别再笑了	MC白羽	116	117	0
168547651	ar	6468891	1	演员	薛之谦	260456	261	0
1685126	ar	157717	0	只愿一生爱一人	张学友	254	256	0
168548223	ar	2568952	0	Here With You	Asher Book	6	225	0
168551310	ar	7010204	0	一人饮酒醉	MC九局	66	65	0
168543638	ar	6889439	0	刀山火海(DJ版)	MC九局	56	125	0
168551532	ar	608521	0	相思风雨中	张学友&汤宝如	7	253	0
168550571	ar	0	1	西海情歌	降央卓玛	0	302	0
168547088	ar	5755765	0	当我想你的时候(LIVE)	汪峰	9	307	0
168547809	ar	7202058	0	猫咒(灵异事件簿Vol.742)	浅浅[主播]	752	752	0
168537664	ar	346065	0	不要用我的爱来伤害我	韩晶	233	233	0
168551181	ar	838765	0	包容	郑源	262	263	0
168550994	ar	5838906	0	我要醉在草原上	孟文豪	250	250	0
168548211	ar	4542956	0	苹果手机来电 铃声之家 cnwav	网络歌手	4	22	0
168546162	ar	2628744	0	Final Match	黄英华	54	0	0
168550004	ar	0	1	林忆莲 - 蓝莲花	未知歌手	0	297	0
168549422	ar	20671236	0	红尘情歌	唐雅明	0	211	0
168546317	ar	7182616	0	千年游-(《天天向上》之《中华文明之美》主题曲)	李宇春	7	255	0
168541408	ar	0	1	逍遥叹	群星	10	313	0
168551461	ar	5237384	0	逆流成河	金南玲	124	125	0
168551702	ip	8131487	0	入梦-(动画片《梦幻西游》主题曲)	SNH48	0	0	0
168551583	ip	6650023	0	Home We'll Go(Take My Hand)	Steve Aoki&Walk Off The Earth	0	0	0
168551456	ar	23497506	0	画心(Live)	张靓颖	365	365	0
168551233	ar	5272489	0	Sugar	Maroon 5	234	235	0
168544731	ar	6082923	0	满江红 - 太平歌词	郭德纲	5	177	0
168551201	ar	169744	0	红豆	王菲	255	256	0
168548528	ar	3228339	0	北京 北京	汪峰	18	357	0
168529757	ar	402574	0	为你而活	神木与瞳	282	282	0
168551450	ar	20671171	0	Shape Of You	Ed Sheeran	230	231	0
1685126	ar	4441094	0	殇雪	云菲菲	284	284	0
168549829	ar	124849	0	太多	DJ舞曲	59	306	0
168551631	ar	8762277	0	一笑倾城-(电视剧《微微一笑很倾城》片头曲)	汪苏泷	3	232	0
168551102	ar	16889394	0	一人饮酒醉唯美翻唱	沈雨萱	38	93	0
168551262	ar	9918220	0	成都	赵雷	0	328	0
168551705	ip	277286	0	爱在记忆中找你	林峯	0	0	0
168551622	ar	23491658	0	红豆曲＋一生所爱	李健	5	309	0
751824	ar	7990032	0	11.蝴蝶泉边	黄雅婷	73103	0	0
168551583	ip	6774077	0	Home We'll Go(Take My Hand)	Steve Aoki&Walk Off The Earth	0	0	0
168549685	ip	3212581	0	沉默是金	张国荣&许冠杰	5	249	0
168551249	ar	6726366	0	君临天下	洛天依&王朝	79	213	0
168546229	ar	101358	0	欢乐颂	黑鸭子	73	199	0
168548468	ar	1032732	0	Yesterday Once More-[昨日重现]	Carpenters	62	240	0
168551585	ar	820867	0	I Need A Girl	G-Dragon&太阳	3	217	0
168551618	ar	6165034	0	当爱情经过的时候	周艳泓	0	0	0
168542952	ar	3427298	0	香帅传奇	张智尧&崔子格	67	192	0
168550004	ar	0	1	李玉刚 - 刚好遇见你	未知歌手	0	199	0
168549505	ip	508325	0	I Gotta Feeling	Black Eyed Peas	185	289	0
168551308	ar	7010204	0	一人饮酒醉	MC九局	65	65	0
164963477	ar	6577297	0	剩下的盛夏	TFBOYS&嘻游记	54	254	0
168550571	ar	0	1	一生最爱的是你 (混音版)	祁隆	0	391	0
168551419	ar	1179220	0	Outlaws Of Love	Adam Lambert	113	231	0
168551639	ar	1474915	0	眼泪太年轻	洪辰	4	243	0
168547720	ar	6844745	0	灵魂摆渡人(伴奏版)	MC深七	58	266	0

