167414225	ar	2017-03-30 00:00:08	%E9%9F%A9%E7%BA%A2
156071082	ar	2017-03-30 00:00:11	%E6%89%8B%E6%9C%BA%E9%93%83%E5%A3%B0
156071082	ar	2017-03-30 00:00:11	%E6%89%8B%E6%9C%BA%E9%93%83%E5%A3%B0
156071082	ar	2017-03-30 00:00:19	%E6%89%8B%E6%9C%BA%E9%93%83%E5%A3%B0
156071082	ar	2017-03-30 00:00:33	%E6%89%8B%E6%9C%BA%E9%93%83%E5%A3%B0
168528528	ar	2017-03-30 00:00:43	%E8%AE%B8%E5%A4%9A%E5%B9%B4%E4%BB%A5%E5%90%8E
168534516	ip	2017-03-30 00:00:50	%e6%98%af%e6%88%91%e4%b8%8d%e5%a4%9f%e5%a5%bd%20%20%e6%9d%8e%e6%af%93%e8%8a%ac
168531449	ip	2017-03-30 00:00:51	%73%68%65
168529611	ar	2017-03-30 00:00:57	%E5%8C%97%E4%BA%AC%E4%B8%80%E5%A4%9C%E9%93%83%E5%A3%B0
168529642	ip	2017-03-30 00:00:58	%e5%b0%91%e6%97%b6
168529588	ar	2017-03-30 00:00:58	%E5%87%89%E5%87%89-%28%E7%94%B5%E8%A7%86%E5%89%A7%E3%80%8A%E4%B8%89%E7%94%9F%E4%B8%89%E4%B8%96%E5%8D%81%E9%87%8C%E6%A1%83%E8%8A%B1%E3%80%8B%E7%89%87%E5%B0%BE%E6%9B%B2%29
168529648	ip	2017-03-30 00:00:59	%e9%81%a5%e8%bf%9c%e7%9a%84%e5%a5%b9
156071082	ar	2017-03-30 00:01:05	%E6%89%8B%E6%9C%BA%E9%93%83%E5%A3%B0%E4%B9%8B%E4%B8%BB%E4%BA%BA%E6%9D%A5%E7%94%B5%E8%AF%9D%E4%BA%86
168734732	ip	2017-03-30 00:01:07	%e8%b5%b0%e7%9d%80%e8%b5%b0%e7%9d%80%e5%b0%b1%e6%95%a3%e4%ba%86%20%20%e5%ba%84%e5%bf%83%e5%a6%8d
168530843	ip	2017-03-30 00:01:12	%e5%b0%8f%e5%88%9a
168529843	ip	2017-03-30 00:01:13	%e9%80%86%e6%b5%81%e6%88%90%e6%b2%b3
168530516	ip	2017-03-30 00:01:14	%e5%81%a5%e5%ba%b7%e6%ad%8c
168529714	ip	2017-03-30 00:01:15	%e5%96%9c%e5%89%a7%e4%b9%8b%e7%8e%8b
168529773	ip	2017-03-30 00:01:15	%e9%83%ad%e5%be%b7%e7%ba%b2%e4%ba%8e%e8%b0%a6%32%30%31%35%e7%9b%b8%e5%a3%b0%e5%90%88%e8%be%91
168529662	ip	2017-03-30 00:01:18	%e6%9e%97%e5%ae%a5%e5%98%89
168534516	ip	2017-03-30 00:01:21	%e6%98%af%e6%88%91%e4%b8%8d%e5%a4%9f%e5%a5%bd%20%20%e6%9d%8e%e6%af%93%e8%8a%ac
168530511	ip	2017-03-30 00:01:21	%e4%b8%89%e7%94%9f%e4%b8%89%e4%b8%96%e5%8d%81%e9%87%8c%e6%a1%83%e8%8a%b1%20%e5%85%a8%e8%be%91%6f%73%74%2d%28%e7%94%b5%e8%a7%86%e5%89%a7%e5%8e%9f%e5%a3%b0%e5%b8%a6%29
168534516	ip	2017-03-30 00:01:21	%e6%98%af%e6%88%91%e4%b8%8d%e5%a4%9f%e5%a5%bd%20%20%e6%9d%8e%e6%af%93%e8%8a%ac
168529731	ip	2017-03-30 00:01:22	%e5%bd%93%e4%bd%a0%e8%80%81%e4%ba%86
168529553	ar	2017-03-30 00:01:26	%E5%A8%81%E4%BB%94
168529759	ar	2017-03-30 00:01:27	%E8%96%9B%E4%B9%8B%E8%B0%A6
168529662	ip	2017-03-30 00:01:27	%e6%9e%97%e5%ae%a5%e5%98%89
168529681	ar	2017-03-30 00:01:28	aliez%28%E4%B8%AD%E6%96%87%E7%89%88%29
168529703	ar	2017-03-30 00:01:29	%E4%BB%96%E7%9A%84%E6%95%85%E4%BA%8B
168529648	ip	2017-03-30 00:01:29	%e9%81%a5%e8%bf%9c%e7%9a%84%e5%a5%b9%20%e9%99%88%e5%a5%95%e8%bf%85
168530511	ip	2017-03-30 00:01:31	%e5%87%89%e5%87%89%2d%28%e7%94%b5%e8%a7%86%e5%89%a7%e3%80%8a%e4%b8%89%e7%94%9f%e4%b8%89%e4%b8%96%e5%8d%81%e9%87%8c%e6%a1%83%e8%8a%b1%e3%80%8b%e7%89%87%e5%b0%be%e6%9b%b2%29
168529662	ip	2017-03-30 00:01:32	%e6%9e%97%e5%ae%a5%e5%98%89
168529665	ar	2017-03-30 00:01:33	%E6%89%8B%E6%9C%BA%E9%93%83%E5%A3%B0
168534516	ip	2017-03-30 00:01:34	%e6%98%af%e6%88%91%e4%b8%8d%e5%a4%9f%e5%a5%bd
168529646	ar	2017-03-30 00:01:34	%E7%A7%8B%E5%A4%A9%E4%B8%8D%E5%9B%9E%E6%9D%A5++%E7%8E%8B%E5%BC%BA
156071082	ar	2017-03-30 00:01:35	%E6%89%8B%E6%9C%BA%E9%93%83%E5%A3%B0%E4%B9%8B%E4%B8%BB%E4%BA%BA%E6%9D%A5%E7%94%B5%E8%AF%9D%E4%BA%86
166324962	ar	2017-03-30 00:01:35	%E5%88%9A%E5%A5%BD%E9%81%87%E8%A7%81%E4%BD%A0
168529759	ar	2017-03-30 00:01:35	%E8%96%9B%E4%B9%8B%E8%B0%A6
168534516	ip	2017-03-30 00:01:36	%e6%98%af%e6%88%91%e4%b8%8d%e5%a4%9f%e5%a5%bd
168531993	ip	2017-03-30 00:01:37	%e9%87%91%e5%a4%a7%e4%ba%ba%e7%9a%84%e6%a2%a6
86883752	ar	2017-03-30 00:01:38	%E5%B0%8F%E8%B4%B1
86883752	ar	2017-03-30 00:01:39	%E5%B0%8F%E8%B4%B1
168529708	ar	2017-03-30 00:01:43	%E6%B0%B8%E8%BF%9C%E7%8F%8D%E8%97%8F
497685	ar	2017-03-30 00:01:45	%E6%B0%B8%E4%B8%8D%E9%80%80%E7%BC%A9-%28%E7%94%B5%E8%A7%86%E5%89%A7%E3%80%8A%E7%83%AD%E8%A1%80%E5%B0%96%E5%85%B5%E3%80%8B%E4%B8%BB%E9%A2%98%E6%9B%B2%29++%E7%8E%8B%E9%87%8E
168529792	ar	2017-03-30 00:01:46	%E7%94%B7%E5%AD%A9
168529662	ip	2017-03-30 00:01:48	%e6%9e%97%e5%ae%a5%e5%98%89
168529805	ar	2017-03-30 00:01:55	%E8%AF%9B%E4%BB%99%E5%8F%B0
168529708	ar	2017-03-30 00:01:56	%E6%B0%B8%E8%BF%9C%E7%8F%8D%E8%97%8F
168529719	ar	2017-03-30 00:01:56	%E4%B8%83%E5%AD%97%E5%B0%81%E7%A5%9E
168529861	ip	2017-03-30 00:01:56	%e5%a4%a9%e6%a2%af
168529758	ar	2017-03-30 00:01:57	%E7%94%B7%E5%AD%A9++%E6%A2%81%E5%8D%9A
168529855	ar	2017-03-30 00:01:57	%E4%BB%A5%E5%90%8E%E7%9A%84%E4%BB%A5%E5%90%8E
168530516	ip	2017-03-30 00:01:57	%e5%81%a5%e5%ba%b7%e6%ad%8c%20%20%e8%8c%83%e6%99%93%e8%90%b1
156071082	ar	2017-03-30 00:01:58	%E6%89%8B%E6%9C%BA%E9%93%83%E5%A3%B0%E4%B9%8B%E4%B8%BB%E4%BA%BA%E6%9D%A5%E7%94%B5%E8%AF%9D%E4%BA%86
168529665	ar	2017-03-30 00:01:59	%E6%89%8B%E6%9C%BA%E9%93%83%E5%A3%B0
168529817	ar	2017-03-30 00:02:02	%E5%91%8A%E7%99%BD%E6%B0%94%E7%90%83++%E5%91%A8%E6%9D%B0%E4%BC%A6
168529611	ar	2017-03-30 00:02:03	%E5%8C%97%E4%BA%AC%E4%B8%80%E5%A4%9C%E9%93%83%E5%A3%B0%E7%89%88
497685	ar	2017-03-30 00:02:05	%E6%B0%B8%E4%B8%8D%E9%80%80%E7%BC%A9%E7%8E%B2%E5%A3%B0
168529843	ip	2017-03-30 00:02:06	%e5%88%9a%e5%a5%bd%e9%81%87%e8%a7%81%e4%bd%a0
168529836	ar	2017-03-30 00:02:07	%E6%9E%97%E8%82%AF%E5%85%AC%E5%9B%AD
497685	ar	2017-03-30 00:02:08	%E5%B2%A9%E6%9B%B4
168529952	ip	2017-03-30 00:02:11	%e4%ba%94%e6%9c%88%e5%a4%a9
168529709	ar	2017-03-30 00:02:12	%E5%87%89%E5%87%89
168529776	ar	2017-03-30 00:02:13	%E6%9E%97%E9%80%B8%E8%B6%85
168529769	ip	2017-03-30 00:02:15	%e5%a4%9a%e5%b9%b8%e8%bf%90
168529611	ar	2017-03-30 00:02:15	%E5%8C%97%E4%BA%AC%E4%B8%80%E5%A4%9C%E9%93%83%E5%A3%B0%E7%89%88
168529765	ar	2017-03-30 00:02:16	%E6%88%91%E7%9A%84%E5%A5%B3%E4%BA%BA
168529642	ip	2017-03-30 00:02:17	%e5%88%98%e6%98%8a%e9%9c%96
168529769	ip	2017-03-30 00:02:17	%e5%a4%9a%e5%b9%b8%e8%bf%90
168529553	ar	2017-03-30 00:02:23	%E5%A8%81%E4%BB%94
168529937	ar	2017-03-30 00:02:26	%E9%BC%93%E6%A5%BC++%E8%B5%B5%E9%9B%B7
168529914	ip	2017-03-30 00:02:26	%e5%b0%91%e5%a5%b3%e7%9a%84%e7%a5%88%e7%a5%b7
156071082	ar	2017-03-30 00:02:33	%E6%89%8B%E6%9C%BA%E9%93%83%E5%A3%B0%E4%B9%8B%E4%B8%BB%E4%BA%BA%E6%9D%A5%E7%94%B5%E8%AF%9D%E4%BA%86
156071082	ar	2017-03-30 00:02:33	%E6%89%8B%E6%9C%BA%E9%93%83%E5%A3%B0%E4%B9%8B%E4%B8%BB%E4%BA%BA%E6%9D%A5%E7%94%B5%E8%AF%9D%E4%BA%86
168529999	ar	2017-03-30 00:02:35	%E9%97%B9%E9%93%83
168529642	ip	2017-03-30 00:02:35	%e5%88%98%e6%98%8a%e9%9c%96
168529553	ar	2017-03-30 00:02:36	%E5%A8%81%E4%BB%94
168529801	ar	2017-03-30 00:02:37	%E6%B3%B0%E5%8B%92%C2%B7%E6%96%AF%E5%A8%81%E5%A4%AB%E7%89%B9
168529972	ar	2017-03-30 00:02:38	%E6%B1%9F%E6%B9%96%E5%A4%A7%E9%81%93++%E5%A7%9C%E9%B9%8F
168529629	ar	2017-03-30 00:02:40	yj
168529798	ar	2017-03-30 00:02:40	%E8%99%AB%E5%84%BF%E9%A3%9E
168529879	ar	2017-03-30 00:02:41	%E5%AF%B9%E5%B4%8E
168530101	ip	2017-03-30 00:02:42	%56%36
168530012	ar	2017-03-30 00:02:43	%E4%B8%9C%E5%8C%97%E5%91%B3%E5%84%BF
168529861	ip	2017-03-30 00:02:45	%e5%a4%a9%e6%a2%af%e5%9b%bd%e8%af%ad
168530033	ar	2017-03-30 00:02:47	%E8%B0%81%E5%80%BC%E5%BE%97%E4%BD%A0%E5%8E%BB%E7%88%B1
168529836	ar	2017-03-30 00:02:47	%E6%9E%97%E8%82%AF%E5%85%AC%E5%9B%AD
168529595	ar	2017-03-30 00:02:48	%E8%B0%A2%E8%B0%A2%E4%BD%A0%E8%AE%A9%E6%88%91%E7%88%B1%E4%B8%8A%E4%BD%A0
168529629	ar	2017-03-30 00:02:49	yj
168529976	ar	2017-03-30 00:02:49	%E4%BD%A0%E7%9A%84%E8%BF%87%E5%8E%BB%E6%88%91%E4%B8%8D%E4%BB%8B%E6%84%8F++%E5%94%90%E5%8F%A4
168530032	ar	2017-03-30 00:02:51	s.h.e
168529665	ar	2017-03-30 00:02:52	%E6%89%8B%E6%9C%BA%E9%93%83%E5%A3%B0
156071082	ar	2017-03-30 00:02:54	%E6%89%8B%E6%9C%BA%E9%93%83%E5%A3%B0%E4%B9%8B%E4%B8%BB%E4%BA%BA%E6%9D%A5%E7%94%B5%E8%AF%9D%E4%BA%86
160238278	ar	2017-03-30 00:02:54	%E8%8B%B1%E8%B6%85%E4%B8%BB%E9%A2%98%E6%AD%8C
168529842	ar	2017-03-30 00:02:55	bigbang
497685	ar	2017-03-30 00:02:58	%E6%B0%B8%E4%B8%8D%E9%80%80%E7%BC%A9%E7%8E%B2%E5%A3%B0
168529989	ar	2017-03-30 00:02:59	%E5%A8%81%E4%BB%94
168530032	ar	2017-03-30 00:02:59	s.h.e
168529669	ar	2017-03-30 00:02:59	%E7%8E%A9%E8%85%BB%28dj%E7%89%88%29++dj%E8%88%9E%E6%9B%B2
168530104	ip	2017-03-30 00:03:01	%e5%b0%8f%e5%b9%b8%e8%bf%90%20%20%e7%94%b0%e9%a6%a5%e7%94%84
168529665	ar	2017-03-30 00:03:02	%E6%89%8B%E6%9C%BA%E9%93%83%E5%A3%B0
168529665	ar	2017-03-30 00:03:02	%E6%89%8B%E6%9C%BA%E9%93%83%E5%A3%B0
168530019	ar	2017-03-30 00:03:03	faded
168530115	ar	2017-03-30 00:03:04	%E5%93%AD%E4%B8%8D%E5%87%BA%E6%9D%A5++%E5%BC%A0%E6%83%A0%E5%A6%B9
168529885	ar	2017-03-30 00:03:05	how+you+get+the+girl
168530049	ar	2017-03-30 00:03:06	%E5%90%BB%E5%BE%97%E5%A4%AA%E9%80%BC%E7%9C%9F
168529709	ar	2017-03-30 00:03:08	%E5%87%89%E5%87%89
168529817	ar	2017-03-30 00:03:11	%E4%B8%8D%E6%B5%AA%E6%BC%AB%E7%BD%AA%E5%90%8D++%E7%8E%8B%E6%9D%B0
168529844	ar	2017-03-30 00:03:12	%E6%B0%B4%E6%99%B6
497685	ar	2017-03-30 00:03:12	%E6%B0%B8%E4%B8%8D%E9%80%80%E7%BC%A9%E9%93%83%E5%A3%B0
168530101	ip	2017-03-30 00:03:13	%56%36
168522572	ar	2017-03-30 00:03:15	%E5%AE%81%E5%A4%8F++%E5%8D%93%E4%BE%9D%E5%A9%B7
168530032	ar	2017-03-30 00:03:15	s.h.e
168529986	ar	2017-03-30 00:03:16	Pieng+ter+%3A+%E0%B9%80%E0%B8%9E%E0%B8%B5%E0%B8%A2%E0%B8%87%E0%B9%80%E0%B8%98%E0%B8%AD%E4%BC%B4%E5%A5%8F
168529844	ar	2017-03-30 00:03:16	%E6%B0%B4%E6%99%B6
168529951	ar	2017-03-30 00:03:17	%E6%83%B3%E8%A6%81%E9%80%83
168530082	ar	2017-03-30 00:03:17	%E7%A7%81%E5%A5%94%E5%88%B0%E6%9C%88%E7%90%83
168529955	ar	2017-03-30 00:03:18	super+junior
168530169	ar	2017-03-30 00:03:19	%E7%88%B1%E5%88%B0%E4%B8%87%E5%B9%B4
168530134	ar	2017-03-30 00:03:20	%E4%BF%A1
168529838	ip	2017-03-30 00:03:20	%e7%94%9f%e7%94%9f
497685	ar	2017-03-30 00:03:20	beyond
168530077	ip	2017-03-30 00:03:21	%e8%a5%bf%e6%a5%bc
168530095	ar	2017-03-30 00:03:22	%E6%A2%A6%E6%83%B3%E7%9A%84%E5%A3%B0%E9%9F%B3
168530193	ar	2017-03-30 00:03:23	%E7%88%86%E6%BC%AB
168530101	ip	2017-03-30 00:03:26	%56%36
168530158	ar	2017-03-30 00:03:26	%E6%8B%9C%E6%97%A0%E5%BF%A7++%E8%90%A7%E5%BF%86%E6%83%85
168530470	ip	2017-03-30 00:03:26	%e7%ad%89%e4%b8%80%e5%88%86%e9%92%9f
168529665	ar	2017-03-30 00:03:26	%E6%89%8B%E6%9C%BA%E9%93%83%E5%A3%B0
168530047	ar	2017-03-30 00:03:29	%E7%8E%8B%E8%8F%B2
168530079	ip	2017-03-30 00:03:29	%74%69%65%73%74%6f%e4%b8%96%e7%95%8c%e5%b7%a1%e5%9b%9e%e8%b5%9b
168530207	ar	2017-03-30 00:03:29	magnet
168530104	ip	2017-03-30 00:03:29	%e7%bb%85%e5%a3%ab
168529553	ar	2017-03-30 00:03:30	%E6%9C%80%E5%90%8E%E7%9A%84%E5%AE%89%E6%85%B0++%E5%AE%8B%E5%AD%9F%E5%90%9B%26%E6%A0%BC%E5%AD%90%E5%85%AE
153901397	ar	2017-03-30 00:03:30	%E5%8D%81%E4%B8%80%E5%B9%B4
168530218	ar	2017-03-30 00:03:31	%E7%81%B5%E5%BC%82%E4%BA%8B%E4%BB%B6%E7%B0%BF
168530180	ar	2017-03-30 00:03:33	%E5%AD%90%E9%BE%99%E9%A2%82++%E5%BD%B1%E8%A7%86%E5%8E%9F%E5%A3%B0
168530222	ar	2017-03-30 00:03:34	%E5%90%93%E4%BA%BA%E5%BF%85%E5%A4%87%E6%81%90%E6%80%96%E5%B0%96%E5%8F%AB%E5%A3%B0
168530115	ar	2017-03-30 00:03:36	%E6%88%91%E7%9A%84%E5%94%87%E5%90%BB%E4%B8%8D%E5%88%B0%E6%88%91%E7%88%B1%E7%9A%84%E4%BA%BA++%E7%8E%8B%E5%A5%95%E5%BF%83
168530172	ar	2017-03-30 00:03:37	%E7%B9%81%E8%8A%B1
168530082	ar	2017-03-30 00:03:37	%E7%A7%81%E5%A5%94%E5%88%B0%E6%9C%88%E7%90%83
168529623	ar	2017-03-30 00:03:38	%E6%B1%AA%E5%B3%B0
168530013	ar	2017-03-30 00:03:38	%E5%88%9A%E5%A5%BD%E9%81%87%E8%A7%81%E4%BD%A0
168530236	ar	2017-03-30 00:03:38	%E6%8A%8A%E9%85%92%E5%80%92%E6%BB%A1
168530160	ip	2017-03-30 00:03:38	%e5%88%9a%e5%a5%bd%e9%81%87%e8%a7%81%e4%bd%a0
168529808	ip	2017-03-30 00:03:39	%e9%9e%a0%e5%a9%a7
168530184	ip	2017-03-30 00:03:39	%e6%97%97%e5%b8%9c%e9%a2%82
168529999	ar	2017-03-30 00:03:39	%E9%97%B9%E9%93%83
168530270	ar	2017-03-30 00:03:41	%E6%98%A5%E9%A3%8E%E5%8D%81%E9%87%8C
168530193	ar	2017-03-30 00:03:42	%E9%A3%9F%E6%A2%A6%E8%80%85
168530079	ip	2017-03-30 00:03:42	%74%69%65%73%74%6f%20%e7%94%9f%e5%91%bd%e5%85%83%e7%b4%a0
168530188	ar	2017-03-30 00:03:43	%E6%B2%A1%E5%85%B3%E7%B3%BB
168529885	ar	2017-03-30 00:03:44	how+you+get+the+girl
168529758	ar	2017-03-30 00:03:44	%E7%94%B7%E5%AD%A9++%E6%A2%81%E5%8D%9A
168530269	ar	2017-03-30 00:03:45	%E5%BC%A0%E9%9C%87%5B%E6%9C%89%E5%A3%B0%E8%AF%BB%E7%89%A9%5D
168530101	ip	2017-03-30 00:03:46	%56%36
168530843	ip	2017-03-30 00:03:47	%44%6a
168522572	ar	2017-03-30 00:03:48	%E5%91%A8%E8%BF%85++%E7%9C%8B%E6%B5%B7
168530186	ar	2017-03-30 00:03:48	%E5%87%BA%E5%8D%96%E9%93%83%E5%A3%B0
168530185	ip	2017-03-30 00:03:50	%e6%88%91%e7%9a%84%e5%bf%ab%e4%b9%90%e5%b0%b1%e6%98%af%e6%83%b3%e4%bd%a0
168530101	ip	2017-03-30 00:03:51	%56%36
168530177	ar	2017-03-30 00:03:51	%E6%88%91%E7%9A%84%E5%BF%AB%E4%B9%90
168530258	ar	2017-03-30 00:03:51	%E5%A4%A9%E8%B5%90%E9%A3%9F%E7%B2%AE
168530013	ar	2017-03-30 00:03:52	%E5%88%9A%E5%A5%BD%E9%81%87%E8%A7%81%E4%BD%A0%E5%BD%A9%E9%93%83
168530047	ar	2017-03-30 00:03:53	%E8%88%92%E4%BC%AF%E7%89%B9++%E5%B0%8F%E5%A4%9C%E6%9B%B2
168529844	ar	2017-03-30 00:03:53	%E6%B0%B4%E6%99%B6
168530079	ip	2017-03-30 00:03:54	%74%69%65%73%74%6f%20%45
168530235	ar	2017-03-30 00:03:55	%E8%93%9D%E8%8E%B2%E8%8A%B1++%E8%AE%B8%E5%B7%8D
168530235	ar	2017-03-30 00:03:55	%E8%93%9D%E8%8E%B2%E8%8A%B1++%E8%AE%B8%E5%B7%8D
168533370	ip	2017-03-30 00:03:55	%e5%8b%89%e4%b8%ba%e5%85%b6%e9%9a%be%20%20%e7%8e%8b%e5%86%95
168530663	ip	2017-03-30 00:03:56	%e5%bf%83%e6%9c%89%e7%8b%ac%e9%92%9f%20%20%e6%9d%8e%e4%bd%a9%e7%8e%b2
168530175	ar	2017-03-30 00:03:56	%E7%94%9F%E6%97%A5%E5%BF%AB%E4%B9%90%E6%AD%8C
497685	ar	2017-03-30 00:03:56	%E6%B0%B8%E4%B8%8D%E9%80%80%E7%BC%A9%E9%93%83%E5%A3%B0
168529985	ar	2017-03-30 00:03:57	%E5%85%A5%E6%88%8F
168530355	ar	2017-03-30 00:03:57	%E5%A5%B3%E5%AD%A9%E4%BD%A0%E7%9F%A5%E9%81%93%E5%90%97
168529623	ar	2017-03-30 00:03:57	%E6%B1%AA%E5%B3%B0
168530101	ip	2017-03-30 00:03:58	%56%36
168530104	ip	2017-03-30 00:03:58	%61%6d%79%20%63%68%61%6e%72%69%63%68
168530207	ar	2017-03-30 00:03:59	magnet
168530159	ar	2017-03-30 00:04:00	%E5%A5%BD%E6%B1%89%E6%AD%8C++%E5%88%98%E6%AC%A2
168529976	ar	2017-03-30 00:04:00	%E4%BD%A0%E7%9A%84%E8%BF%87%E5%8E%BB%E6%88%91%E4%B8%8D%E4%BB%8B%E6%84%8F++%E5%94%90%E5%8F%A4
168530025	ar	2017-03-30 00:04:02	%E5%8D%81%E9%80%81%E7%BA%A2%E5%86%9B
168530101	ip	2017-03-30 00:04:03	%56%36
167414225	ar	2017-03-30 00:04:03	%E6%B5%B7%E9%98%94%E5%A4%A9%E7%A9%BA
168530062	ar	2017-03-30 00:04:05	%E6%9E%97%E4%BF%8A%E6%9D%B0+%E4%BC%B4%E5%A5%8F
168530184	ip	2017-03-30 00:04:06	%e6%97%97%e5%b8%9c%e9%a2%82
168530142	ar	2017-03-30 00:04:08	%E5%8D%97%E6%96%B9%E5%8F%B6%E5%AD%90
168530267	ar	2017-03-30 00:04:08	%E6%B1%AA%E5%B3%B0
168530331	ip	2017-03-30 00:04:09	%e5%a4%a7%e6%b5%b7
168530101	ip	2017-03-30 00:04:09	%56%36
168529892	ar	2017-03-30 00:04:09	%E5%9B%9E%E5%A4%8D+%E5%86%B0%E6%B8%85%E7%8E%89%E6%B4%813505%EF%BC%9Abooty+music%E5%88%80%E5%A1%94%E7%BB%8F%E5%85%B8%E7%A5%9E%E6%9B%B2
168530410	ar	2017-03-30 00:04:10	%E9%BA%BB%E5%8F%A4
168530404	ip	2017-03-30 00:04:12	%e9%ac%bc%e6%80%aa%6f%73%74
168530362	ar	2017-03-30 00:04:12	%E5%81%87%E6%83%85%E7%9C%9F%E7%88%B1++%E5%BC%A0%E7%8E%AE%E4%BC%BD
168529781	ar	2017-03-30 00:04:13	%E5%BE%90%E8%89%AF
168530079	ip	2017-03-30 00:04:15	%74%69%65%73%74%6f
168529681	ar	2017-03-30 00:04:16	ALIEz
168530101	ip	2017-03-30 00:04:16	%56%36
168529854	ar	2017-03-30 00:04:16	%E7%8E%8B%E6%99%BA%E5%87%AF
168530190	ar	2017-03-30 00:04:19	%E5%A4%A7%E9%9B%A8%E8%BF%98%E5%9C%A8%E4%B8%8B++%E9%AB%98%E5%A4%AB
168530193	ar	2017-03-30 00:04:20	%E9%A3%9F%E6%A2%A6%E8%80%85
168530271	ar	2017-03-30 00:04:20	%E5%93%A5%E5%9C%A8%E9%A3%9E
168530129	ar	2017-03-30 00:04:21	%E4%B8%89%E7%94%9F%E4%B8%89%E4%B8%96%E5%8D%81%E9%87%8C%E6%A1%83%E8%8A%B1+%E5%85%A8%E8%BE%91ost-%28%E7%94%B5%E8%A7%86%E5%89%A7%E5%8E%9F%E5%A3%B0%E5%B8%A6%29
168530344	ar	2017-03-30 00:04:21	%E7%94%9F%E6%B4%BB%E4%B8%8D%E6%AD%A2%E7%9C%BC%E5%89%8D%E7%9A%84%E8%8B%9F%E4%B8%94
168530079	ip	2017-03-30 00:04:21	%74%69%65%73%74%6f
168530142	ar	2017-03-30 00:04:23	%E5%8D%97%E6%96%B9%E5%8F%B6%E5%AD%90%E5%92%94%E5%92%94
168530062	ar	2017-03-30 00:04:23	%E6%9E%97%E4%BF%8A%E6%9D%B0+%E4%BC%B4%E5%A5%8F
168530062	ar	2017-03-30 00:04:23	%E6%9E%97%E4%BF%8A%E6%9D%B0+%E4%BC%B4%E5%A5%8F
168530062	ar	2017-03-30 00:04:23	%E6%9E%97%E4%BF%8A%E6%9D%B0+%E4%BC%B4%E5%A5%8F
168529529	ar	2017-03-30 00:04:23	%E7%8E%8B%E8%80%85%E8%8D%A3%E8%80%80
168530101	ip	2017-03-30 00:04:24	%56%36
168529817	ar	2017-03-30 00:04:24	%E8%AE%A9%E6%B3%AA%E5%8C%96%E4%BD%9C%E7%9B%B8%E6%80%9D%E9%9B%A8
168529879	ar	2017-03-30 00:04:25	%E6%96%97%E7%89%9B%E8%A6%81%E4%B8%8D%E8%A6%81%E6%8F%92%E6%9B%B2%E5%AF%B9%E5%B4%8E
168530316	ar	2017-03-30 00:04:25	%E4%B8%80%E7%AC%91%E5%A5%88%E4%BD%95
168530387	ar	2017-03-30 00:04:25	%E7%88%B1%E6%88%91%E5%B0%B1%E6%8A%8A%E6%88%91%E6%9D%A5%E8%BF%BD%E6%B1%82%28%E7%8E%8B%E9%A6%A8%E5%A5%B3%E7%89%88%29
168530461	ar	2017-03-30 00:04:26	%E6%B5%81%E6%B0%93++%E8%8E%AB%E5%B0%98
168530480	ip	2017-03-30 00:04:26	%e6%a2%a6%e4%bc%b4%20%20%e6%9d%8e%e6%82%a6%e5%90%9b
168530047	ar	2017-03-30 00:04:27	%E8%88%92%E4%BC%AF%E7%89%B9++%E5%B0%8F%E5%A4%9C%E6%9B%B2
168530159	ar	2017-03-30 00:04:28	%E5%A5%BD%E6%B1%89%E6%AD%8C++%E5%88%98%E6%AC%A2
168530194	ar	2017-03-30 00:04:29	%E5%B0%8F%E5%8C%97%5B%E4%B8%BB%E6%92%AD%5D
168530445	ar	2017-03-30 00:04:29	kingkong
168529571	ar	2017-03-30 00:04:29	%E8%BF%99%E5%A4%A9%E4%B8%8B%E5%8F%AF%E6%98%AF%E4%BD%A0%E5%AE%B6
168530364	ar	2017-03-30 00:04:31	%E5%84%BF%E6%AD%8C%E5%A4%A7%E5%85%A8100%E9%A6%96
168530206	ip	2017-03-30 00:04:31	%e6%bc%94%e5%91%98
168531245	ip	2017-03-30 00:04:32	%e4%b8%80%e7%94%9f%e6%89%80%e7%88%b1
168529842	ar	2017-03-30 00:04:33	%E9%99%88%E5%A5%95%E8%BF%85
168529623	ar	2017-03-30 00:04:33	%E6%B1%AA%E5%B3%B0
168530360	ar	2017-03-30 00:04:34	save+me
168530150	ar	2017-03-30 00:04:34	%E9%A2%9C%E4%BA%9A%E6%B6%9B++%E5%A5%BD%E6%83%B3%E5%86%8D%E7%88%B1%E4%BD%A0
168529838	ip	2017-03-30 00:04:35	%e5%b4%87%e6%8b%9c%20%20%e6%9e%97%e4%bf%8a%e6%9d%b0
168529951	ar	2017-03-30 00:04:35	%E7%88%B1%E4%B8%8A%E9%B9%A4%E9%A1%B6%E7%BA%A2
168529849	ar	2017-03-30 00:04:35	%E5%A6%88%E5%A6%88%E6%88%91%E6%83%B3%E4%BD%A0++%E6%B1%A4%E6%BD%AE
168530267	ar	2017-03-30 00:04:36	%E6%B1%AA%E5%B3%B0++%E5%8A%A0%E5%BE%B7%E6%BB%A1%E9%83%BD%E7%9A%84%E9%A3%8E%E9%93%83
168530267	ar	2017-03-30 00:04:36	%E6%B1%AA%E5%B3%B0++%E5%8A%A0%E5%BE%B7%E6%BB%A1%E9%83%BD%E7%9A%84%E9%A3%8E%E9%93%83
168531655	ip	2017-03-30 00:04:37	%e4%bc%a4%e4%ba%86%e6%88%91%e7%9a%84%e5%bf%83
168529879	ar	2017-03-30 00:04:37	%E5%AF%B9%E5%B4%8E
168530161	ar	2017-03-30 00:04:38	%E7%81%B5%E5%BC%82%E4%BA%8B%E4%BB%B6%E7%B0%BF
168530457	ar	2017-03-30 00:04:39	%E4%BD%A0%E5%B0%B1%E4%B8%8D%E8%A6%81%E6%83%B3%E8%B5%B7%E6%88%91
168530267	ar	2017-03-30 00:04:39	%E6%B1%AA%E5%B3%B0++%E5%8A%A0%E5%BE%B7%E6%BB%A1%E9%83%BD%E7%9A%84%E9%A3%8E%E9%93%83
168530473	ar	2017-03-30 00:04:40	%E6%83%85%E4%B9%89%E4%B8%A4%E5%BF%83%E5%9D%9A++%E5%BC%A0%E5%BE%B7%E5%85%B0
168530269	ar	2017-03-30 00:04:41	%E5%BC%A0%E9%9C%87%5B%E6%9C%89%E5%A3%B0%E8%AF%BB%E7%89%A9%5D
168529892	ar	2017-03-30 00:04:41	booty+music%E5%88%80%E5%A1%94%E7%BB%8F%E5%85%B8%E7%A5%9E%E5%85%B8
168530843	ip	2017-03-30 00:04:43	%61%38%e6%85%a2%e6%91%87%20%20%64%6a%e5%ae%9d%e8%b4%9d
168530183	ar	2017-03-30 00:04:43	%E4%B8%8A%E5%AE%98%E5%B8%A6%E5%88%80
54685028	ar	2017-03-30 00:04:44	%E7%88%B1%E4%BD%A0%E4%B8%8D%E5%90%8E%E6%82%94++%E5%B0%94%E8%90%A8
168530474	ar	2017-03-30 00:04:44	%E5%86%85%E8%92%99%E5%8F%A4%E9%BB%91%E6%80%95
168529922	ar	2017-03-30 00:04:44	%E5%BD%93%E6%88%91%E6%8A%8A%E9%B8%BD%E5%AD%90%E9%80%81%E4%B8%8A%E8%93%9D%E5%A4%A9
168530104	ip	2017-03-30 00:04:45	%61%6d%79%20%63%68%61%6e%72%69%63%68
168529623	ar	2017-03-30 00:04:46	%E6%B1%AA%E5%B3%B0
168530326	ar	2017-03-30 00:04:47	%E6%B1%9F%E5%B1%B1%E6%97%A0%E9%99%90
168529817	ar	2017-03-30 00:04:47	%E8%AE%A9%E6%B3%AA%E5%8C%96%E4%BD%9C%E7%9B%B8%E6%80%9D%E9%9B%A8
168530489	ar	2017-03-30 00:04:47	%E6%B0%B4%E6%89%8B%E4%BC%B4%E5%A5%8F
168530797	ip	2017-03-30 00:04:47	%e8%b5%b5%e9%9b%b7
168530576	ip	2017-03-30 00:04:47	%6c%69%6e%64%61
168530531	ar	2017-03-30 00:04:48	%E6%9B%BE%E7%BB%8F%E7%9A%84%E4%BD%A0++%E8%AE%B8%E5%B7%8D
168530557	ar	2017-03-30 00:04:48	%E9%87%91%E5%A4%A7%E4%BA%BA%E7%9A%84%E6%A2%A6
168530301	ar	2017-03-30 00:04:48	dj
168530554	ip	2017-03-30 00:04:49	%e6%96%b9%e5%9c%86%e5%87%a0%e9%87%8c%20%20%e8%96%9b%e4%b9%8b%e8%b0%a6
168530194	ar	2017-03-30 00:04:50	%E5%B0%8F%E5%8C%97
168529611	ar	2017-03-30 00:04:52	%E5%BE%90%E8%89%AF
168530574	ar	2017-03-30 00:04:52	%E5%91%8A%E7%99%BD%E6%B0%94%E7%90%83++%E5%91%A8%E4%BA%8C%E7%8F%82
168530762	ip	2017-03-30 00:04:53	%e4%b8%8b%e5%ae%9a%e5%86%b3%e5%bf%83%e5%bf%98%e8%ae%b0%e4%bd%a0
168529999	ar	2017-03-30 00:04:53	%E9%97%B9%E9%93%83
168530120	ar	2017-03-30 00:04:54	%E9%9C%9C%E9%9B%AA%E5%8D%83%E5%B9%B4%E4%BC%B4%E5%A5%8F
168529892	ar	2017-03-30 00:04:55	booty+music%E5%88%80%E5%A1%94%E7%BB%8F%E5%85%B8%E7%A5%9E%E5%85%B8
168530543	ip	2017-03-30 00:04:56	%e9%ac%bc%e5%a6%b9%e5%ad%90
168530331	ip	2017-03-30 00:04:56	%e6%88%91%e7%9b%b8%e4%bf%a1%20%20%e6%9d%a8%e5%9f%b9%e5%ae%89
168530374	ar	2017-03-30 00:04:58	%E5%88%9A%E5%A5%BD%E9%81%87%E8%A7%81%E4%BD%A0
168530048	ip	2017-03-30 00:04:58	%e5%af%82%e5%af%9e%e5%af%82%e5%af%9e%e5%b0%b1%e5%a5%bd
168529982	ar	2017-03-30 00:04:58	%E6%AD%A4%E7%94%9F%E4%B8%8D%E6%8D%A2++%E9%9D%92%E9%B8%9F%E9%A3%9E%E9%B1%BC
168530383	ar	2017-03-30 00:04:58	%E7%A7%A6%E6%97%B6%E6%98%8E%E6%9C%88%E7%94%B5%E8%A7%86%E5%89%A7%E6%8F%92%E6%9B%B2
168529934	ar	2017-03-30 00:04:59	%E6%88%91%E8%BA%AB%E9%AA%91%E7%99%BD%E9%A9%AC+%E5%AE%8C%E6%95%B4%E7%89%88
168530616	ar	2017-03-30 00:04:59	%E4%B8%80%E7%82%B9%E7%82%B9%E5%96%9C%E6%AC%A2
153901397	ar	2017-03-30 00:04:59	%E5%8D%81%E4%B8%80%E5%B9%B4
168530470	ip	2017-03-30 00:05:00	%e7%ad%89%e4%b8%80%e5%88%86%e9%92%9f
168530126	ar	2017-03-30 00:05:00	%E8%BF%98%E8%A6%81++%E9%AB%98%E8%BF%9B
168530598	ar	2017-03-30 00:05:02	%E5%A4%B1%E8%90%BD%E6%B2%99%E6%B4%B2%E4%BC%B4%E5%A5%8F
168530183	ar	2017-03-30 00:05:02	mc%E6%A2%A6%E6%9F%AF
168530194	ar	2017-03-30 00:05:03	%E5%B0%8F%E5%8C%97
168530013	ar	2017-03-30 00:05:03	%E7%89%B5%E7%9D%80%E4%BD%A0%E7%9A%84%E6%89%8B%E4%B8%80%E8%B5%B7%E8%B5%B0%E5%BD%A9%E9%93%83
168530344	ar	2017-03-30 00:05:05	%E6%88%90%E9%83%BD
168529879	ar	2017-03-30 00:05:05	%E5%AF%B9%E5%B4%8E
168530220	ip	2017-03-30 00:05:05	%e8%8d%a3%e8%80%80%2d%28%e7%94%b5%e8%a7%86%e5%89%a7%e3%80%8a%e5%a4%a7%e5%94%90%e8%8d%a3%e8%80%80%e3%80%8b%e4%b8%bb%e9%a2%98%e6%9b%b2%29%20%20%e4%bb%bb%e5%98%89%e4%bc%a6
168530129	ar	2017-03-30 00:05:06	%E5%8D%8E%E6%99%A8%E5%AE%87
168530184	ip	2017-03-30 00:05:06	%e6%97%97%e5%b8%9c%e9%a2%82
168530459	ar	2017-03-30 00:05:06	%E7%AD%89%E4%BD%A0%E7%AD%89%E4%BA%86%E9%82%A3%E4%B9%88%E4%B9%85
168529951	ar	2017-03-30 00:05:06	%E9%80%83
168530194	ar	2017-03-30 00:05:07	%E5%B0%8F%E5%8C%97
168530497	ar	2017-03-30 00:05:07	%E5%A4%9C%E7%9A%84%E9%92%A2%E7%90%B4%E6%9B%B2%E4%BA%94++%E7%9F%B3%E8%BF%9B
168530194	ar	2017-03-30 00:05:08	%E5%B0%8F%E5%8C%97
168529611	ar	2017-03-30 00:05:09	%E5%AE%A2%E5%AE%98%E4%B8%8D%E5%8F%AF%E4%BB%A5%E9%93%83%E5%A3%B0
168530194	ar	2017-03-30 00:05:09	%E5%B0%8F%E5%8C%97
168530194	ar	2017-03-30 00:05:09	%E5%B0%8F%E5%8C%97
168530572	ar	2017-03-30 00:05:09	%E5%91%A8%E6%9D%B0%E4%BC%A6
168530431	ar	2017-03-30 00:05:11	five+hundred+miles
168530206	ip	2017-03-30 00:05:11	%e5%bf%8d%e4%b8%8d%e4%bd%8f%e5%8c%96%e8%ba%ab%e4%b8%80%e6%9d%a1%e5%9b%ba%e6%89%a7%e7%9a%84%e9%b1%bc
168529829	ar	2017-03-30 00:05:11	%E4%BB%8E%E6%AD%A4%E4%BB%A5%E5%90%8E
168530194	ar	2017-03-30 00:05:12	%E5%B0%8F%E5%8C%97
168530194	ar	2017-03-30 00:05:13	%E5%B0%8F%E5%8C%97
168530500	ar	2017-03-30 00:05:14	18%E7%A6%81%E6%AD%A2%E8%AF%B1%E6%83%91
168530567	ar	2017-03-30 00:05:14	love+yourself
159183409	ar	2017-03-30 00:05:16	%E6%80%9D%E5%BF%B5
168530474	ar	2017-03-30 00:05:16	%E5%86%85%E8%92%99%E5%8F%A4%E9%BB%91%E6%80%95
168530598	ar	2017-03-30 00:05:16	%E5%A4%B1%E8%90%BD%E6%B2%99%E6%B4%B2+%E7%AE%80%E5%BC%98%E4%BA%A6+%E4%BC%B4%E5%A5%8F
168529750	ar	2017-03-30 00:05:16	%E4%BD%A0%E6%98%AF%E6%88%91%E8%BF%99%E4%B8%80%E7%94%9F%E4%B8%AD%E6%9C%80%E7%88%B1%E7%9A%84%E9%82%A3%E4%B8%AA%E4%BA%BA%28dj%29
168530663	ip	2017-03-30 00:05:17	%e4%b8%ba%e4%bd%a0%e6%88%91%e5%8f%97%e5%86%b7%e9%a3%8e%e5%90%b9%20%20%e5%bd%ad%e4%bd%b3%e6%85%a7
168530104	ip	2017-03-30 00:05:17	%e6%88%91%e5%ba%94%e8%af%a5%20%20%e5%bc%a0%e5%ad%a6%e5%8f%8b
168530628	ar	2017-03-30 00:05:18	%E5%AE%A0%E7%89%A9%E5%85%AD%E5%B0%91
168530664	ip	2017-03-30 00:05:18	%e6%83%8a%e9%b8%bf%e4%b8%80%e9%9d%a2%20%20%e8%ae%b8%e5%b5%a9%26%e9%bb%84%e9%be%84
168530657	ar	2017-03-30 00:05:19	%E6%B6%88%E5%A4%B1%E7%9A%84%E5%85%89%E5%B9%B4
168529781	ar	2017-03-30 00:05:19	%E5%A8%81%E4%BB%94
168530194	ar	2017-03-30 00:05:20	%E5%B0%8F%E5%8C%97
168530134	ar	2017-03-30 00:05:21	%E4%BF%A1
168530194	ar	2017-03-30 00:05:21	%E5%B0%8F%E5%8C%97
168529746	ar	2017-03-30 00:05:21	%E5%9B%9E%E9%A6%96%E6%A2%A6%E5%B7%B2%E8%BF%9C++%E7%8E%8B%E6%9D%B0
168530682	ip	2017-03-30 00:05:22	%e5%a4%a9%e7%a9%ba%e4%b9%8b%e5%9f%8e
155945198	ar	2017-03-30 00:05:23	%E9%99%88%E7%91%9E
168530613	ip	2017-03-30 00:05:23	%e7%9f%b3%e5%9b%bd%e9%b9%8f
168530649	ar	2017-03-30 00:05:23	%E6%9C%80%E6%B5%AA%E6%BC%AB%E7%9A%84%E4%BA%8B
168529854	ar	2017-03-30 00:05:25	%E7%8E%8B%E6%99%BA%E5%87%AF
168530695	ip	2017-03-30 00:05:26	%e6%9c%80%e5%b9%b8%e7%a6%8f%e7%9a%84%e4%ba%8b
168530431	ar	2017-03-30 00:05:27	five+hundred+miles%E4%BC%B4%E5%A5%8F
168530220	ip	2017-03-30 00:05:27	%e8%8d%a3%e8%80%80%2d%28%e7%94%b5%e8%a7%86%e5%89%a7%e3%80%8a%e5%a4%a7%e5%94%90%e8%8d%a3%e8%80%80%e3%80%8b%e4%b8%bb%e9%a2%98%e6%9b%b2%29%20%20%e4%bb%bb%e5%98%89%e4%bc%a6
168530023	ip	2017-03-30 00:05:27	%e8%80%bf%e8%80%bf%e4%ba%8e%e6%80%80
168530655	ar	2017-03-30 00:05:28	%E4%BD%A0%E6%83%B3%E5%A5%BD%E6%80%8E%E4%B9%88%E5%AF%B9%E5%A5%B9%E8%AF%B4
168530194	ar	2017-03-30 00:05:28	%E5%B0%8F%E5%8C%97
168530062	ar	2017-03-30 00:05:28	%E5%AD%99%E7%87%95%E5%A7%BF++%E9%81%87%E8%A7%81
168530493	ip	2017-03-30 00:05:30	%e6%89%8b%e4%b8%ad%e7%9a%84%e9%93%85%e7%ac%94
168545417	ip	2017-03-30 00:05:31	%e5%88%80%e9%83%8e
168531737	ip	2017-03-30 00:05:31	%e5%bc%a0%e6%9d%b0
168529999	ar	2017-03-30 00:05:31	sugur
168530134	ar	2017-03-30 00:05:32	%E4%BF%A1
168530062	ar	2017-03-30 00:05:34	%E5%AD%99%E7%87%95%E5%A7%BF++%E9%81%87%E8%A7%81%E4%BC%B4%E5%A5%8F
168530698	ar	2017-03-30 00:05:34	%E6%97%B6%E9%97%B4%E7%85%AE%E9%9B%A8-%28%E7%94%B5%E5%BD%B1%E3%80%8A%E5%B0%8F%E6%97%B6%E4%BB%A3%E3%80%8B%E4%B8%BB%E9%A2%98%E6%9B%B2%29++%E9%83%81%E5%8F%AF%E5%94%AF
168530539	ip	2017-03-30 00:05:34	%e4%b8%80%e6%ac%a1%e5%b0%b1%e5%a5%bd%20%20%e6%9d%a8%e5%ae%97%e7%ba%ac
168530704	ar	2017-03-30 00:05:35	%E7%94%B7%E5%AD%A9
168530250	ar	2017-03-30 00:05:36	%E9%83%91%E6%BA%90
168530712	ar	2017-03-30 00:05:37	%E5%86%8D%E8%A7%81%E5%8F%AA%E6%98%AF%E9%99%8C%E7%94%9F%E4%BA%BA++%E5%BA%84%E5%BF%83%E5%A6%8D
168530442	ar	2017-03-30 00:05:38	%E6%B5%B7%E8%B4%BC%E7%8E%8B
168530647	ar	2017-03-30 00:05:39	%E4%BD%A0%E5%B0%B1%E4%B8%8D%E8%A6%81%E6%83%B3%E8%B5%B7%E6%88%91
168529623	ar	2017-03-30 00:05:39	%E6%B1%AA%E5%B3%B0
168530134	ar	2017-03-30 00:05:40	%E4%BF%A1
168533370	ip	2017-03-30 00:05:40	%e5%84%bf%e6%97%b6%20%20%e5%88%98%e6%98%8a%e9%9c%96
168530657	ar	2017-03-30 00:05:41	%E6%B6%88%E5%A4%B1%E7%9A%84%E5%85%89%E5%B9%B4
168530682	ip	2017-03-30 00:05:41	%e5%a4%a9%e7%a9%ba%e4%b9%8b%e5%9f%8e%20%e6%9d%8e%e5%bf%97
168530720	ar	2017-03-30 00:05:42	%E4%B9%9F%E6%9B%BE%E8%AF%B4%E4%BA%86%E5%86%8D%E8%A7%81
167414225	ar	2017-03-30 00:05:44	%E5%8D%81%E5%B9%B4++%E9%9F%A9%E7%BA%A2
168530727	ar	2017-03-30 00:05:44	%E5%88%A9%E5%93%A5
168529808	ip	2017-03-30 00:05:44	%e8%87%b3%e5%b0%91%e8%bf%98%e6%9c%89%e4%bd%a0
168530246	ar	2017-03-30 00:05:45	%E6%B3%B0%E5%89%A7
168530220	ip	2017-03-30 00:05:46	%e5%a4%a7%e5%94%90%e8%8d%a3%e8%80%80%20%e7%94%b5%e8%a7%86%e5%89%a7%e5%8e%9f%e5%a3%b0%e5%b8%a6
168530062	ar	2017-03-30 00:05:47	%E5%AD%99%E7%87%95%E5%A7%BF++%E9%81%87%E8%A7%81%E4%BC%B4%E5%A5%8F
168529623	ar	2017-03-30 00:05:47	%E6%B1%AA%E5%B3%B0
168530177	ar	2017-03-30 00:05:48	%E6%88%91%E7%9A%84%E5%BF%AB%E4%B9%90
168530250	ar	2017-03-30 00:05:50	%E5%8C%85%E5%AE%B9
168530747	ar	2017-03-30 00:05:50	Mc%E6%B1%9F%E6%B8%B8
168530426	ip	2017-03-30 00:05:52	%72%6f%62%65%72%74%20%6d%69%6c%65%73%20%2d%20%63%68%69%6c%64%72%65%6e
168530709	ar	2017-03-30 00:05:52	%E8%B4%9D%E5%A4%9A%E8%8A%AC_%E4%BC%9F%E5%A4%A7%E7%9A%84%E4%BA%A4%E5%93%8D%E4%B9%90%E6%9B%B2
168531344	ip	2017-03-30 00:05:54	%e6%88%90%e9%83%bd%e4%bc%b4%e5%a5%8f
168530367	ar	2017-03-30 00:05:54	shape+of+you%28%E7%BF%BB%E5%94%B1%29
168530635	ar	2017-03-30 00:05:55	%E7%88%B1%E5%A4%9A%E4%B8%80%E6%AC%A1%E7%97%9B%E5%A4%9A%E4%B8%80%E6%AC%A1
168529623	ar	2017-03-30 00:05:56	%E6%B1%AA%E5%B3%B0
168530083	ip	2017-03-30 00:05:56	%e4%bb%8a%e5%a4%a9
168530296	ar	2017-03-30 00:05:56	cloer
168531737	ip	2017-03-30 00:05:57	%e5%bc%a0%e6%9d%b0
168529623	ar	2017-03-30 00:05:57	%E6%B1%AA%E5%B3%B0
168545417	ip	2017-03-30 00:05:58	%e5%88%80%e9%83%8e
168529665	ar	2017-03-30 00:05:58	%E9%93%83%E5%A3%B0
168529665	ar	2017-03-30 00:05:58	%E9%93%83%E5%A3%B0
168530267	ar	2017-03-30 00:05:58	%E6%9D%8E%E7%8E%89%E5%88%9A
168530206	ip	2017-03-30 00:05:59	%e5%8d%81%e5%b9%b4%20%20%e9%99%88%e5%a5%95%e8%bf%85
168530663	ip	2017-03-30 00:06:00	%e4%b8%ba%e4%bd%a0%e6%88%91%e5%8f%97%e5%86%b7%e9%a3%8e%e5%90%b9%20%e5%88%98%e6%b6%9b
168530062	ar	2017-03-30 00:06:00	%E5%91%A8%E6%9D%B0%E4%BC%A6%E4%BC%B4%E5%A5%8F
168530261	ar	2017-03-30 00:06:00	%E5%90%8E%E6%9D%A5
168531235	ip	2017-03-30 00:06:01	%e7%88%b6%e5%ad%90%e5%85%b3%e4%bf%82
168530613	ip	2017-03-30 00:06:01	%e7%9f%b3%e5%9b%bd%e9%b9%8f
168530833	ar	2017-03-30 00:06:02	%E5%87%89%E5%87%89-%28%E7%94%B5%E8%A7%86%E5%89%A7%E3%80%8A%E4%B8%89%E7%94%9F%E4%B8%89%E4%B8%96%E5%8D%81%E9%87%8C%E6%A1%83%E8%8A%B1%E3%80%8B%E7%89%87%E5%B0%BE%E6%9B%B2%29++%E5%BC%A0%E7%A2%A7%E6%99%A8%26%E6%9D%A8%E5%AE%97%E7%BA%AC
168530762	ip	2017-03-30 00:06:02	%e4%b8%8b%e5%ae%9a%e5%86%b3%e5%bf%83%e5%bf%98%e8%ae%b0%e4%bd%a0
168529669	ar	2017-03-30 00:06:05	%E7%8E%A9%E8%85%BB%28dj%E7%89%88%29++dj%E8%88%9E%E6%9B%B2
168530013	ar	2017-03-30 00:06:05	%E5%AE%A0%E5%9D%8F%E7%9A%84%E7%BE%8A%E5%BD%A9%E9%93%83
168529623	ar	2017-03-30 00:06:06	%E6%B1%AA%E5%B3%B0
168530821	ar	2017-03-30 00:06:07	%E5%B9%B3%E5%87%A1%E4%B9%8B%E8%B7%AF
168530282	ar	2017-03-30 00:06:07	%E6%B4%9B%E5%A4%A9%E4%BE%9D
168530282	ar	2017-03-30 00:06:08	%E6%B4%9B%E5%A4%A9%E4%BE%9D
168530569	ar	2017-03-30 00:06:09	%E5%A9%9A%E7%A4%BC%E5%BC%80%E5%9C%BA%E8%88%92%E7%BC%93%E9%9F%B3%E4%B9%90
168529955	ar	2017-03-30 00:06:09	super+junior
168530267	ar	2017-03-30 00:06:10	%E6%9D%8E%E7%8E%89%E5%88%9A
168530480	ip	2017-03-30 00:06:11	%e8%96%9b%e4%b9%8b%e8%b0%a6
168530282	ar	2017-03-30 00:06:12	%E6%B4%9B%E5%A4%A9%E4%BE%9D
168530803	ar	2017-03-30 00:06:12	mc%E9%98%BF%E5%81%A5
168533370	ip	2017-03-30 00:06:13	%e6%88%90%e9%83%bd%20%20%e8%b5%b5%e9%9b%b7
168530591	ar	2017-03-30 00:06:13	%E5%AF%82%E5%AF%9E%E6%89%8D%E8%AF%B4%E7%88%B1
168530282	ar	2017-03-30 00:06:13	%E6%B4%9B%E5%A4%A9%E4%BE%9D
168530194	ar	2017-03-30 00:06:14	%E5%B0%8F%E5%8C%97%E7%88%B1%E5%90%83%E8%82%89
168529808	ip	2017-03-30 00:06:14	%e8%87%b3%e5%b0%91%e8%bf%98%e6%9c%89%e4%bd%a0
168530497	ar	2017-03-30 00:06:14	%E5%A4%9C%E7%9A%84%E9%92%A2%E7%90%B4%E6%9B%B2%28%E4%BA%94%29
168530752	ar	2017-03-30 00:06:14	%E7%8B%BC%E5%85%88%E7%94%9F%E7%A5%9E%E6%9B%B2
168530177	ar	2017-03-30 00:06:15	%E5%91%BD%E4%B8%AD%E6%B3%A8%E5%AE%9A%E6%88%91%E7%88%B1%E4%BD%A0%E6%88%91%E7%9A%84%E5%BF%AB%E4%B9%90
168530845	ar	2017-03-30 00:06:16	%E5%87%A4%E8%88%9E%E4%B9%9D%E5%A4%A9
168529829	ar	2017-03-30 00:06:16	%E6%B2%A1%E6%9C%89%E4%BD%A0%E9%99%AA%E4%BC%B4%E7%9C%9F%E7%9A%84%E5%A5%BD%E5%AD%A4%E5%8D%95
168530822	ar	2017-03-30 00:06:17	%E6%9C%89%E5%A3%B0%E5%B0%8F%E8%AF%B4
168530831	ar	2017-03-30 00:06:18	%E8%BF%99%E5%B0%B1%E6%98%AF%E5%91%BD++%E9%BB%84%E6%B8%A4
168530764	ar	2017-03-30 00:06:19	%E6%84%9F%E8%A7%89%E8%87%AA%E5%B7%B1%E8%90%8C%E8%90%8C%E5%93%92++%E8%B4%BE%E7%8E%B2%26%E5%88%98%E7%BB%B4
168530071	ar	2017-03-30 00:06:20	see+you+again
168531737	ip	2017-03-30 00:06:20	%e5%bc%a0%e6%9d%b0
168530549	ar	2017-03-30 00:06:21	%E5%A4%A7%E7%8E%8B%E5%8F%AB%E6%88%91%E6%9D%A5%E5%B7%A1%E5%B1%B1
168530390	ar	2017-03-30 00:06:22	sang+for+you+far+awery
168530842	ar	2017-03-30 00:06:22	%E5%8D%88%E5%A4%9C%E6%80%A8%E6%9B%B2
168530719	ar	2017-03-30 00:06:22	%E4%B8%80%E4%BA%BA%E4%B8%80%E9%A6%96+++%E6%88%90%E5%90%8D%E6%9B%B2+%E5%A4%A7%E9%99%86%E7%89%88
168530910	ar	2017-03-30 00:06:24	%E4%B8%80%E7%94%9F%E6%89%80%E7%88%B1
168530497	ar	2017-03-30 00:06:24	%E5%A4%9C%E7%9A%84%E9%92%A2%E7%90%B4%E6%9B%B2%E4%BA%94++%E7%9F%B3%E8%BF%9B
168530453	ar	2017-03-30 00:06:24	try
168530023	ip	2017-03-30 00:06:25	%e6%98%8e%e5%b9%b4%e4%bb%8a%e6%97%a5
168529857	ar	2017-03-30 00:06:25	%E8%B0%AD%E5%92%8F%E9%BA%9F++%E8%AE%B2%E4%B8%8D%E5%87%BA%E5%86%8D%E8%A7%81
168530857	ar	2017-03-30 00:06:25	%E5%AF%BB%E6%B0%B4%E7%9A%84%E9%B1%BC++%E8%AE%B8%E9%A3%9E
168530935	ar	2017-03-30 00:06:26	%E5%8C%85%E5%AE%B9
168530193	ar	2017-03-30 00:06:27	%E9%A3%9F%E6%A2%A6%E8%80%85
168529857	ar	2017-03-30 00:06:27	%E8%B0%AD%E5%92%8F%E9%BA%9F++%E8%AE%B2%E4%B8%8D%E5%87%BA%E5%86%8D%E8%A7%81
168530361	ar	2017-03-30 00:06:27	%E6%9A%B4%E6%9E%97
168530481	ar	2017-03-30 00:06:27	%E5%A4%9C%E5%A6%82%E9%A6%99
168530887	ar	2017-03-30 00:06:28	%E5%A4%B1%E6%81%8B%E8%BF%9B%E8%A1%8C%E6%9B%B2++%E4%B9%94%E5%B0%8F%E9%BE%99
168530786	ar	2017-03-30 00:06:29	%E7%A7%8B%E5%8F%B6%E9%BB%84%E4%BA%86%E6%83%B3%E7%88%B9%E5%A8%98++%E8%B5%B5%E7%9C%9F
168530870	ip	2017-03-30 00:06:30	%e6%bd%ae%e5%89%a7
168529999	ar	2017-03-30 00:06:31	%E5%94%AF%E7%BE%8E%E9%93%83%E5%A3%B0
168530543	ip	2017-03-30 00:06:31	%e9%ac%bc%e5%a6%b9%e5%ad%90
168530361	ar	2017-03-30 00:06:32	%E6%9A%B4%E6%9E%97
168530710	ar	2017-03-30 00:06:32	%E5%87%89%E5%87%89-%28%E7%94%B5%E8%A7%86%E5%89%A7%E3%80%8A%E4%B8%89%E7%94%9F%E4%B8%89%E4%B8%96%E5%8D%81%E9%87%8C%E6%A1%83%E8%8A%B1%E3%80%8B%E7%89%87%E5%B0%BE%E6%9B%B2%29
168531117	ip	2017-03-30 00:06:32	%e4%bd%a0%e8%bf%98%e8%a6%81%e6%88%91%e6%80%8e%e6%a0%b7%20%20%e8%96%9b%e4%b9%8b%e8%b0%a6
168530904	ip	2017-03-30 00:06:32	%37%79%65%61%72%73
168530009	ar	2017-03-30 00:06:33	%E6%9D%8E%E6%9D%B0
168530083	ip	2017-03-30 00:06:33	%e4%bb%8a%e5%a4%a9
168530956	ar	2017-03-30 00:06:34	%E5%BF%A0%E4%B9%89%E4%BA%8C%E5%AD%97++mc%E5%8D%8A%E9%98%B3
168529623	ar	2017-03-30 00:06:35	%E8%B0%A2%E8%B0%A2
168530895	ar	2017-03-30 00:06:35	%E7%94%B5%E5%8F%B0%E6%83%85%E6%AD%8C%E8%8E%AB%E6%96%87%E8%94%9A
168529665	ar	2017-03-30 00:06:35	%E9%93%83%E5%A3%B0
168530392	ar	2017-03-30 00:06:38	%E5%A8%81%E4%BB%94
168530935	ar	2017-03-30 00:06:39	%E5%8C%85%E5%AE%B9
168529955	ar	2017-03-30 00:06:39	super+junior
168530960	ar	2017-03-30 00:06:40	%E6%88%90%E9%83%BD
168530083	ip	2017-03-30 00:06:41	%e4%bb%8a%e5%a4%a9
168530344	ar	2017-03-30 00:06:41	%E5%B0%91%E5%B9%B4%E9%94%A6%E6%97%B6++%E8%B5%B5%E9%9B%B7
168529955	ar	2017-03-30 00:06:41	super+junior
168530942	ip	2017-03-30 00:06:42	%e5%be%ae%e5%be%ae%e4%b8%80%e7%ac%91%e5%be%88%e5%80%be%e5%9f%8e
168530361	ar	2017-03-30 00:06:42	%E6%9A%B4%E6%9E%97
168529914	ip	2017-03-30 00:06:43	%e8%8a%b1%e7%81%ab%e6%a2%81%e5%92%8f%e7%90%aa
168530023	ip	2017-03-30 00:06:43	%e4%bc%9a%e7%97%9b%e7%9a%84%e7%9f%b3%e5%a4%b4
168530255	ar	2017-03-30 00:06:45	%E5%A4%A7%E5%9C%B0
168530465	ar	2017-03-30 00:06:46	%E8%83%A1%E6%AD%8C
168530465	ar	2017-03-30 00:06:46	%E8%83%A1%E6%AD%8C
168530465	ar	2017-03-30 00:06:46	%E8%83%A1%E6%AD%8C
168530803	ar	2017-03-30 00:06:49	mc%E9%98%BF%E5%81%A5
168530817	ar	2017-03-30 00:06:50	%E5%85%84%E5%BC%9F
168530961	ar	2017-03-30 00:06:51	mc%E7%8E%8B%E5%B0%8F%E4%BA%94
168530521	ar	2017-03-30 00:06:51	%E5%88%9A%E5%A5%BD%E9%81%87%E8%A7%81%E4%BD%A0
168530930	ar	2017-03-30 00:06:51	%E5%85%A8%E4%B8%96%E7%95%8C%E8%B0%81%E5%80%BE%E5%90%AC%E4%BD%A0-%28%E7%94%B5%E5%BD%B1%E3%80%8A%E4%BB%8E%E4%BD%A0%E7%9A%84%E5%85%A8%E4%B8%96%E7%95%8C%E8%B7%AF%E8%BF%87%E3%80%8B%E6%8F%92%E6%9B%B2%29
49142820	ar	2017-03-30 00:06:51	%E9%80%86%E6%B5%81%E6%88%90%E6%B2%B3
168530901	ar	2017-03-30 00:06:52	%E4%B8%80%E5%9D%97%E7%BA%A2%E5%B8%83
168530850	ar	2017-03-30 00:06:53	%E7%9B%B8%E5%A3%B0%E5%B0%8F%E5%93%81
168529808	ip	2017-03-30 00:06:54	%65%76%65%72%79%64%61%79
168529611	ar	2017-03-30 00:06:54	%E4%B8%89%E5%9B%BD%E6%81%8B%E9%93%83%E5%A3%B0
168530663	ip	2017-03-30 00:06:55	%e4%b8%ba%e4%bd%a0%e6%88%91%e5%8f%97%e5%86%b7%e9%a3%8e%e5%90%b9%20%20%e5%bd%ad%e4%bd%b3%e6%85%a7
168530707	ar	2017-03-30 00:06:55	%E5%88%AB%E5%93%AD%E6%88%91%E6%9C%80%E7%88%B1%E7%9A%84%E4%BA%BA++%E9%9B%B7%E5%A9%B7
168529955	ar	2017-03-30 00:06:55	super+junior
168530470	ip	2017-03-30 00:06:56	%e7%ad%89%e4%b8%80%e5%88%86%e9%92%9f
168530150	ar	2017-03-30 00:06:57	%E9%A2%9C%E4%BA%9A%E6%B6%9B
168530817	ar	2017-03-30 00:06:58	%E7%94%B7%E5%AD%A9
168530916	ar	2017-03-30 00:06:58	%E6%98%8E%E5%A4%A9%EF%BC%8C%E4%BD%A0%E5%A5%BD++%E7%89%9B%E5%A5%B6%40%E5%92%96%E5%95%A1
168530942	ip	2017-03-30 00:06:59	%e6%9e%97%e5%b3%b0
168529669	ar	2017-03-30 00:06:59	%E7%8E%A9%E8%85%BB%28dj%E7%89%88%29++dj%E8%88%9E%E6%9B%B2
168530948	ar	2017-03-30 00:07:00	%E8%88%9E%E5%8A%A8%E9%9D%92%E6%98%A5%28%E7%AC%AC%E4%B8%89%E5%A5%97%E5%85%A8%E5%9B%BD%E4%B8%AD%E5%AD%A6%E7%94%9F%E5%B9%BF%E6%92%AD%E4%BD%93%E6%93%8D%29
168531059	ip	2017-03-30 00:07:00	%73%65%65%20%79%6f%75%20%61%67%61%69%6e
168530267	ar	2017-03-30 00:07:00	%E6%9D%8E%E7%8E%89%E5%88%9A++%E6%96%AF%E5%8D%A1%E5%B8%83%E7%BD%97%E9%9B%86%E5%B8%82
497685	ar	2017-03-30 00:07:01	%E6%B0%B8%E4%B8%8D%E9%80%80%E7%BC%A9%E6%89%8B%E6%9C%BA%E9%93%83%E5%A3%B0
168530694	ip	2017-03-30 00:07:02	%65%64%20%73%68%65%65%72%61%6e
168530870	ip	2017-03-30 00:07:03	%e6%bd%ae%e5%89%a7
168530431	ar	2017-03-30 00:07:05	five+hundred+miles++%E4%BC%B4%E5%A5%8F
168530985	ar	2017-03-30 00:07:05	%E7%88%B1%E6%AE%87
168530023	ip	2017-03-30 00:07:05	%62%61%6e%67%6e%61%6e%67%62%61%6e%67
168530822	ar	2017-03-30 00:07:07	%E6%9C%89%E5%A3%B0%E5%B0%8F%E8%AF%B4
168530736	ip	2017-03-30 00:07:07	%e9%bb%98%2d%28%e7%94%b5%e5%bd%b1%e3%80%8a%e4%bd%95%e4%bb%a5%e7%ac%99%e7%ae%ab%e9%bb%98%e3%80%8b%e6%8f%92%e6%9b%b2%29%20%20%e9%82%a3%e8%8b%b1
168530719	ar	2017-03-30 00:07:07	%E4%B8%80%E4%BA%BA%E4%B8%80%E9%A6%96+++%E6%88%90%E5%90%8D%E6%9B%B2+%E5%A4%A7%E9%99%86%E7%89%88
168530904	ip	2017-03-30 00:07:09	%37%79%65%61%72%73
168531002	ar	2017-03-30 00:07:09	%E5%88%98%E5%BE%B7%E5%8D%8E++%E7%AC%A8%E5%B0%8F%E5%AD%A9+%28%E7%8B%AC%E5%94%B1%E7%89%88%29
168530514	ip	2017-03-30 00:07:13	%e6%9e%97%e4%bf%8a%e6%9d%b0
168530047	ar	2017-03-30 00:07:14	%E8%88%92%E4%BC%AF%E7%89%B9++%E5%B0%8F%E5%A4%9C%E6%9B%B2
168530760	ar	2017-03-30 00:07:15	%E8%94%A1%E9%9B%85%E5%81%A5
168533370	ip	2017-03-30 00:07:15	%e9%80%83
168531019	ip	2017-03-30 00:07:15	%e5%ad%a4%e5%8d%95%e5%bf%83%e4%ba%8b
168529611	ar	2017-03-30 00:07:16	%E8%AF%B4%E5%94%B1%E8%84%B8%E8%B0%B1%E9%93%83%E5%A3%B0
168530389	ip	2017-03-30 00:07:17	%e8%8a%b1%e6%9c%b5%20%20%e6%9e%97%e6%b3%ab%e9%9b%85
168530481	ar	2017-03-30 00:07:17	dj%E5%A4%9C%E5%A6%82%E9%A6%99
168530628	ar	2017-03-30 00:07:18	%E5%AE%A0%E7%89%A9%E5%85%AD%E5%B0%91
168530510	ip	2017-03-30 00:07:19	%e5%88%9a%e5%a5%bd%e9%81%87%e8%a7%81%e4%bd%a0
168530246	ar	2017-03-30 00:07:20	%E6%B3%B0%E5%89%A7%E8%B6%85%E7%BA%A7%E6%98%8E%E6%98%9F
168530572	ar	2017-03-30 00:07:20	%E5%91%A8%E6%9D%B0%E4%BC%A6
168530775	ar	2017-03-30 00:07:20	%E6%BD%98%E7%BE%8E%E8%BE%B0
168530822	ar	2017-03-30 00:07:20	%E6%9C%89%E5%A3%B0%E5%B0%8F%E8%AF%B4
168021324	ar	2017-03-30 00:07:21	%E5%8D%81%E4%BA%94%E5%B9%B4%E7%AD%89%E5%BE%85%E5%80%99%E9%B8%9F+%E7%94%B5%E8%A7%86%E5%89%A7%E5%8E%9F%E5%A3%B0%E5%B8%A6
168531094	ar	2017-03-30 00:07:21	%E6%98%AF%E5%90%A6
168529999	ar	2017-03-30 00:07:21	%E5%94%AF%E7%BE%8E%E9%93%83%E5%A3%B0
168531130	ar	2017-03-30 00:07:22	%E7%A6%BB%E5%BC%80%E7%9A%84%E6%97%B6%E5%80%99++a-lin
168530909	ar	2017-03-30 00:07:22	%E5%B0%8F%E8%8E%AB%E9%AA%9A%E9%BA%A6
168529808	ip	2017-03-30 00:07:23	%62%72%65%61%6b%69%6e%67%66%72%65%65
168529731	ip	2017-03-30 00:07:23	%e5%8d%8e%e6%99%a8%e5%ae%87
168530465	ar	2017-03-30 00:07:24	%E8%83%A1%E6%AD%8C
168533370	ip	2017-03-30 00:07:24	%e9%80%83%e8%b7%91%e8%ae%a1%e5%88%92%20%20%e5%a4%9c%e7%a9%ba%e4%b8%ad%e6%9c%80%e4%ba%ae%e7%9a%84%e6%98%9f
168530719	ar	2017-03-30 00:07:24	%E4%B8%80%E4%BA%BA%E4%B8%80%E9%A6%96+++%E6%88%90%E5%90%8D%E6%9B%B2+%E5%A4%A7%E9%99%86%E7%89%88
168531015	ar	2017-03-30 00:07:24	%E6%9C%80%E5%90%8E%E4%B8%80%E6%AC%A1
168531059	ip	2017-03-30 00:07:25	%75%70%74%6f%77%6e%20%66%75%6e%6b
168531096	ar	2017-03-30 00:07:25	%E7%94%B5%E5%AD%90%E8%88%9E%E6%9B%B2%E7%BA%AF%E9%9F%B3%E4%B9%90
168529983	ar	2017-03-30 00:07:26	Exo
168530009	ar	2017-03-30 00:07:27	%E6%84%9F%E5%8A%A8%E5%A4%A9%E6%84%9F%E5%8A%A8%E5%9C%B0++%E5%AE%87%E6%A1%90%E9%9D%9E
168529671	ar	2017-03-30 00:07:28	%E5%A4%9A%E5%B9%B8%E8%BF%90
168530540	ar	2017-03-30 00:07:28	%E5%A7%9C%E8%82%B2%E6%81%92
168529701	ar	2017-03-30 00:07:29	%E5%8F%8C%E6%9C%88%E4%B9%8B%E5%A4%9C%28two+moons%29
168529914	ip	2017-03-30 00:07:30	%e8%8a%b1%e7%81%ab%e7%b2%a4
168530879	ar	2017-03-30 00:07:30	%E6%88%91%E4%BB%AC%E6%98%AF%E5%BF%AB%E4%B9%90%E7%9A%84%E5%A5%BD%E6%9C%8B%E5%8F%8B
168530822	ar	2017-03-30 00:07:30	%E6%9C%89%E5%A3%B0%E5%B0%8F%E8%AF%B4
168530367	ar	2017-03-30 00:07:30	shape+of+you%28%E7%BF%BB%E5%94%B1%29
168530920	ar	2017-03-30 00:07:30	%E5%A5%B3%E4%BA%BA%E6%98%AF%E4%B8%96%E7%95%8C%E6%9C%80%E7%BE%8E%E4%B8%BD%E7%9A%84%E8%8A%B1
168530598	ar	2017-03-30 00:07:32	%E5%A4%B1%E8%90%BD%E6%B2%99%E6%B4%B2+%E4%BC%B4%E5%A5%8F
168531077	ar	2017-03-30 00:07:34	ded
168531141	ar	2017-03-30 00:07:34	%E6%96%B0%E5%A8%98%E5%AB%81%E4%BA%BA%E4%BA%86+%E6%96%B0%E9%83%8E%E4%B8%8D%E6%98%AF%E6%88%91
168531016	ar	2017-03-30 00:07:34	%E7%9C%9F%E7%88%B1%E5%B0%8F%E8%AF%B4
168530426	ip	2017-03-30 00:07:35	%6f%6e%65%20%6d%6f%72%65%20%6e%69%67%68%74
168529999	ar	2017-03-30 00:07:35	%E5%94%AF%E7%BE%8E%E9%93%83%E5%A3%B0
168529701	ar	2017-03-30 00:07:36	%E5%8F%8C%E6%9C%88%E4%B9%8B%E5%A4%9C%28two+moons%29
168530465	ar	2017-03-30 00:07:36	%E8%83%A1%E6%AD%8C
168530822	ar	2017-03-30 00:07:36	%E6%9C%89%E5%A3%B0%E5%B0%8F%E8%AF%B4
168531107	ar	2017-03-30 00:07:37	%E5%88%9A%E5%88%9A%E5%A5%BD%28%E9%BB%91%E4%BA%BA%E5%B0%8F%E5%93%A5%E7%BF%BB%E5%94%B1%29
168532105	ip	2017-03-30 00:07:37	%e6%b3%b0%e5%8b%92%c2%b7%e6%96%af%e5%a8%81%e5%a4%ab%e7%89%b9
168530023	ip	2017-03-30 00:07:38	%e5%89%8d%e5%89%8d%e5%90%8e%e5%90%8e%e5%b7%a6%e5%b7%a6%e5%8f%b3%e5%8f%b3%2d%28%e7%94%b5%e5%bd%b1%e3%80%8a%e6%96%b0%e5%8f%a4%e6%83%91%e4%bb%94%e4%b9%8b%e5%b0%91%e5%b9%b4%e6%bf%80%e6%96%97%e7%af%87%e3%80%8b%e6%8f%92%e6%9b%b2%29
168530586	ar	2017-03-30 00:07:38	%E9%93%83%E5%A3%B0
168530188	ar	2017-03-30 00:07:38	try+everything-%28%E7%94%B5%E5%BD%B1%E3%80%8A%E7%96%AF%E7%8B%82%E5%8A%A8%E7%89%A9%E5%9F%8E%E3%80%8B%E4%B8%BB%E9%A2%98%E6%9B%B2%29
168531135	ar	2017-03-30 00:07:38	%E9%83%AD%E5%BE%B7%E7%BA%B2
168530453	ar	2017-03-30 00:07:38	%E4%B8%89%E4%BA%BA%E6%B8%B8
168530514	ip	2017-03-30 00:07:39	%e6%9e%97%e4%bf%8a%e6%9d%b0
168531168	ar	2017-03-30 00:07:40	%E5%91%8A%E7%99%BD%E6%B0%94%E7%90%83++%E5%91%A8%E6%9D%B0%E4%BC%A6
163049782	ar	2017-03-30 00:07:41	%E6%88%91%E4%BB%8A%E7%94%9F%E7%88%B1%E7%9A%84%E5%B0%B1%E6%98%AF%E4%BD%A0%28dj%E7%89%88%29
168530962	ar	2017-03-30 00:07:41	%E6%88%91%E4%B8%8D%E8%A6%81%E5%92%AA%E5%92%AA%E4%BA%86%E4%BC%B4%E5%A5%8F
168530803	ar	2017-03-30 00:07:42	mc%E9%98%BF%E5%81%A5
168530521	ar	2017-03-30 00:07:42	%E5%A4%9C%E7%A9%BA%E4%B8%AD%E6%9C%80%E4%BA%AE%E7%9A%84%E6%98%9F%E9%82%93%E7%B4%AB%E6%A3%8B
168530822	ar	2017-03-30 00:07:44	%E6%9C%89%E5%A3%B0%E5%B0%8F%E8%AF%B4
168530639	ar	2017-03-30 00:07:44	%E5%A4%9C%E7%A9%BA%E4%B8%AD%E6%9C%80%E4%BA%AE%E7%9A%84%E6%98%9F++%E9%80%83%E8%B7%91%E8%AE%A1%E5%88%92
168532099	ip	2017-03-30 00:07:44	%e5%81%8f%e7%88%b1
168531001	ar	2017-03-30 00:07:45	%E8%8E%AB%E5%A4%A7%E4%BA%BA%E8%90%B1%E8%8D%89
168530516	ip	2017-03-30 00:07:47	%e8%b5%a4%e8%a1%80%e9%95%bf%e6%ae%b7%2d%28%e7%94%b5%e8%a7%86%e5%89%a7%e3%80%8a%e7%90%85%e7%90%8a%e6%a6%9c%e3%80%8b%e6%8f%92%e6%9b%b2%29
168531185	ar	2017-03-30 00:07:47	%E9%A9%AC%E5%A4%B4%E7%90%B4
168531245	ip	2017-03-30 00:07:47	%e4%b8%80%e7%94%9f%e6%89%80%e7%88%b1
168530364	ar	2017-03-30 00:07:48	%E5%84%BF%E6%AD%8C%E5%A4%A7%E5%85%A8100%E9%A6%96
168531739	ip	2017-03-30 00:07:48	%e6%9d%a5%e7%94%9f
168530543	ip	2017-03-30 00:07:48	%e9%ac%bc%e5%a6%b9%e5%ad%90
168531199	ar	2017-03-30 00:07:49	%E7%88%B6%E4%BA%B2
168531185	ar	2017-03-30 00:07:49	%E9%A9%AC%E5%A4%B4%E7%90%B4
168531262	ip	2017-03-30 00:07:50	%e5%90%89%e6%99%ae%e8%b5%9b%e6%83%85%e4%ba%ba%20%20%e5%91%a8%e4%bc%a0%e9%9b%84
168529944	ar	2017-03-30 00:07:50	%E8%8D%89%E5%8E%9F%E6%81%8B
168530023	ip	2017-03-30 00:07:50	%e5%86%9c%e6%b0%91
168531074	ar	2017-03-30 00:07:50	%E9%80%8D%E9%81%A5%E5%8F%B9
168530250	ar	2017-03-30 00:07:51	%E9%83%91%E6%BA%90
168530431	ar	2017-03-30 00:07:51	five+hundred+miles++%E4%BC%B4%E5%A5%8F
168530431	ar	2017-03-30 00:07:51	five+hundred+miles++%E4%BC%B4%E5%A5%8F
168530062	ar	2017-03-30 00:07:51	%E5%91%A8%E6%9D%B0%E4%BC%A6%E4%BC%B4%E5%A5%8F
168530431	ar	2017-03-30 00:07:51	five+hundred+miles++%E4%BC%B4%E5%A5%8F
168530543	ip	2017-03-30 00:07:51	%e9%ac%bc%e5%a6%b9%e5%ad%90
168530857	ar	2017-03-30 00:07:52	%E4%BC%8D%E4%BD%B0
168530879	ar	2017-03-30 00:07:53	%E6%88%91%E4%BB%AC%E6%98%AF%E5%BF%AB%E4%B9%90%E7%9A%84%E5%A5%BD%E6%9C%8B%E5%8F%8B
168530822	ar	2017-03-30 00:07:53	%E6%9C%89%E5%A3%B0%E5%B0%8F%E8%AF%B4
168530543	ip	2017-03-30 00:07:54	%e9%ac%bc%e5%a6%b9%e5%ad%90
168530826	ar	2017-03-30 00:07:54	%E9%99%88%E6%80%9D%E6%80%9D
168531230	ar	2017-03-30 00:07:54	%E4%B8%80%E5%AE%9A%E8%A6%81%E5%B9%B8%E7%A6%8F
168531176	ip	2017-03-30 00:07:54	%e5%81%87%e6%83%85%e7%9c%9f%e7%88%b1%20%20%e5%bc%a0%e7%8e%ae%e4%bc%bd
168529587	ar	2017-03-30 00:07:54	%E7%88%B6%E4%BA%B2
168529836	ar	2017-03-30 00:07:54	%E6%9E%97%E8%82%AF%E5%85%AC%E5%9B%AD
168531059	ip	2017-03-30 00:07:55	%6c%6f%76%65%20%6d%65%20%6c%69%6b%65%20%79%6f%75%20%64%6f
168530514	ip	2017-03-30 00:07:56	%e5%91%a8%e6%9d%b0%e4%bc%a6
168531254	ar	2017-03-30 00:07:56	%E6%88%90%E9%83%BD++%E8%B5%B5%E9%9B%B7
168531247	ar	2017-03-30 00:07:56	%E6%A2%A6%E4%BC%B4
168530388	ar	2017-03-30 00:07:57	%E6%83%85%E4%B8%80%E5%8A%A8%E5%BF%83%E5%B0%B1%E7%97%9B++%E6%B5%B7%E7%94%9F
168530822	ar	2017-03-30 00:07:58	%E6%9C%89%E5%A3%B0%E5%B0%8F%E8%AF%B4
168530426	ip	2017-03-30 00:08:00	%6f%6e%65%20%6d%6f%72%65%20%6e%69%67%68%74%20%28%32%30%31%35%72%65%6d%69%78%29
168530348	ar	2017-03-30 00:08:00	%E6%AF%94%E6%AF%94++%E9%82%B1%E6%AF%94
168529660	ar	2017-03-30 00:08:00	%E5%A6%82%E6%9E%9C%E6%88%91%E4%BB%AC%E4%B8%8D%E6%9B%BE%E7%9B%B8%E9%81%87
168530188	ar	2017-03-30 00:08:00	try+everything-%28%E7%94%B5%E5%BD%B1%E3%80%8A%E7%96%AF%E7%8B%82%E5%8A%A8%E7%89%A9%E5%9F%8E%E3%80%8B%E4%B8%BB%E9%A2%98%E6%9B%B2%29
168533370	ip	2017-03-30 00:08:01	%e6%a2%a6%e8%8d%89%e5%8e%9f%20%20%e4%b9%8c%e5%85%b0%e5%9b%be%e9%9b%85
168530764	ar	2017-03-30 00:08:02	%E6%84%9F%E8%A7%89%E8%87%AA%E5%B7%B1%E8%90%8C%E8%90%8C%E5%93%92++%E8%B4%BE%E7%8E%B2%26%E5%88%98%E7%BB%B4
168531096	ar	2017-03-30 00:08:02	%E7%94%B5%E5%AD%90%E8%88%9E%E6%9B%B2%E7%BA%AF%E9%9F%B3%E4%B9%90
168531164	ar	2017-03-30 00:08:03	%E6%A5%9A%E6%96%B0
168531126	ar	2017-03-30 00:08:03	%E6%BC%94%E5%91%98++%E8%96%9B%E4%B9%8B%E8%B0%A6
168531155	ip	2017-03-30 00:08:03	%e6%b1%aa%e5%b3%b0%20%20%e5%bd%93%e6%88%91%e6%83%b3%e4%bd%a0%e7%9a%84%e6%97%b6%e5%80%99
168530550	ar	2017-03-30 00:08:03	%E7%90%BC%E6%B5%B7%E5%9B%BD%E9%83%BD+%28dj%29
168530415	ar	2017-03-30 00:08:03	%E6%97%B6%E9%97%B4%E7%85%AE%E9%9B%A8
168530752	ar	2017-03-30 00:08:04	%E7%8B%BC%E5%85%88%E7%94%9F703
168530465	ar	2017-03-30 00:08:04	%E8%83%A1%E6%AD%8C
168530970	ar	2017-03-30 00:08:05	%E6%A0%BC%E6%9E%97%E7%AB%A5%E8%AF%9D
168531266	ip	2017-03-30 00:08:05	%e5%ae%89%e5%92%8c%e6%a1%a5
168530414	ar	2017-03-30 00:08:06	%E6%9D%8E%E7%8E%96%E5%93%B2
168530079	ip	2017-03-30 00:08:06	%74%69%65%73%74%6f
168531155	ip	2017-03-30 00:08:07	%e6%b1%aa%e5%b3%b0%20%20%e5%bd%93%e6%88%91%e6%83%b3%e4%bd%a0%e7%9a%84%e6%97%b6%e5%80%99
168531245	ip	2017-03-30 00:08:07	%e4%b8%80%e7%94%9f%e6%89%80%e7%88%b1
168531024	ar	2017-03-30 00:08:07	%E6%A2%81%E9%9D%99%E8%8C%B9
168530431	ar	2017-03-30 00:08:07	five+hundred+miles++%E4%BC%B4%E5%A5%8F
168530812	ar	2017-03-30 00:08:08	%E6%88%91%E5%8F%AF%E4%BB%A5%E6%8A%B1%E4%BD%A0%E5%90%97
168531263	ar	2017-03-30 00:08:08	dj
168530013	ar	2017-03-30 00:08:08	%E4%B8%BA%E4%BD%A0%E8%80%8C%E7%97%9B
168530079	ip	2017-03-30 00:08:08	%74%69%65%73%74%6f
168530226	ar	2017-03-30 00:08:10	%E8%8B%8F%E4%BB%A8
168529955	ar	2017-03-30 00:08:12	super+junior
168531282	ar	2017-03-30 00:08:13	%E6%80%AA%E6%88%91%E7%88%B1%E5%BE%97%E5%A4%AA%E7%8B%82%E9%87%8E
168529587	ar	2017-03-30 00:08:13	%E7%88%B6%E4%BA%B2
168530635	ar	2017-03-30 00:08:15	%E7%88%B1%E4%BA%BA%E8%B7%9F%E4%BA%BA%E8%B5%B0
168530727	ar	2017-03-30 00:08:15	%E5%88%A9%E5%93%A5
168531155	ip	2017-03-30 00:08:16	%e6%b1%aa%e5%b3%b0%20%20%e5%85%89%e6%98%8e
168530845	ar	2017-03-30 00:08:16	mc%E5%8D%81%E4%B8%80%E5%B2%81
168531096	ar	2017-03-30 00:08:18	%E7%BA%AF%E9%9F%B3%E4%B9%90%E7%94%B5%E5%AD%90%E8%88%9E%E6%9B%B2
168530985	ar	2017-03-30 00:08:19	%E5%87%A0%E5%BF%86%E5%B9%B4%E5%B0%91%E5%85%B1%E9%85%A9%E9%85%8A
168529937	ar	2017-03-30 00:08:19	%E9%BC%93%E6%A5%BC++%E8%B5%B5%E9%9B%B7
168531288	ar	2017-03-30 00:08:21	%E8%AF%9B%E4%BB%99
168531024	ar	2017-03-30 00:08:21	%E6%A2%81%E9%9D%99%E8%8C%B9
168530687	ar	2017-03-30 00:08:21	%E8%96%9B%E4%B9%8B%E8%B0%A6
168531157	ar	2017-03-30 00:08:21	%E5%BC%82%E5%9C%B0%E6%81%8B++mc%E6%9D%8E%E4%BC%AF%E4%BB%99
168532099	ip	2017-03-30 00:08:21	%e6%ad%bb%e5%bf%83%e5%a1%8c%e5%9c%b0
168530962	ar	2017-03-30 00:08:24	%E6%88%91%E4%B8%8D%E8%A6%81%E5%92%AA%E5%92%AA%E4%BA%86
168531341	ar	2017-03-30 00:08:24	lonely+christmas++%E9%99%88%E5%A5%95%E8%BF%85
168531022	ip	2017-03-30 00:08:24	%e6%9e%97%e4%bf%8a%e6%9d%b0%20%20%e5%a5%b3%e5%84%bf%e6%83%85%2b%e8%8f%8a%e8%8a%b1%e5%8f%b0
168531349	ip	2017-03-30 00:08:25	%62%74%73
168531177	ar	2017-03-30 00:08:25	%E5%88%9A%E8%BF%98%E9%81%87%E8%A7%81%E4%BD%A0
168531229	ar	2017-03-30 00:08:26	%E5%87%A1%E4%BA%BA%E6%AD%8C
168530445	ar	2017-03-30 00:08:27	%E6%9D%8E%E8%B4%9E%E8%B4%A4++summer+dance
168530521	ar	2017-03-30 00:08:27	tfboys
168530719	ar	2017-03-30 00:08:27	%E4%B8%80%E4%BA%BA%E4%B8%80%E9%A6%96+++%E6%88%90%E5%90%8D%E6%9B%B2+%E5%A4%A7%E9%99%86%E7%89%88
168530719	ar	2017-03-30 00:08:27	%E4%B8%80%E4%BA%BA%E4%B8%80%E9%A6%96+++%E6%88%90%E5%90%8D%E6%9B%B2+%E5%A4%A7%E9%99%86%E7%89%88
168531135	ar	2017-03-30 00:08:27	%E5%B2%B3%E4%BA%91%E9%B9%8F%E7%9B%B8%E5%A3%B0%E8%BE%91
167111804	ar	2017-03-30 00:08:27	%E9%82%93%E7%B4%AB%E6%A3%8B
168530774	ar	2017-03-30 00:08:28	%E9%AD%94%E6%B3%95%E6%98%9F%E7%A9%BA%E7%9A%84%E8%89%B2%E5%BD%A9-%28%E5%8A%A8%E7%94%BB%E7%89%87%E3%80%8A%E6%98%9F%E5%AD%A6%E9%99%A2%E3%80%8B%E4%B8%BB%E9%A2%98%E6%9B%B2%29
168530465	ar	2017-03-30 00:08:29	%E8%83%A1%E6%AD%8C
168530150	ar	2017-03-30 00:08:29	%E5%BD%A9%E9%93%83%E7%B3%BB%E5%88%97
168529937	ar	2017-03-30 00:08:29	%E5%88%9A%E5%A5%BD%E9%81%87%E8%A7%81%E4%BD%A0
168530267	ar	2017-03-30 00:08:30	%E6%9E%97%E5%BF%97%E7%82%AB
168531262	ip	2017-03-30 00:08:32	%e5%90%89%e6%99%ae%e8%b5%9b%e6%83%85%e4%ba%ba
168532099	ip	2017-03-30 00:08:32	%e6%bc%94%e5%91%98
167111804	ar	2017-03-30 00:08:32	%E9%82%93%E7%B4%AB%E6%A3%8B
153901397	ar	2017-03-30 00:08:33	%E9%94%99%E9%94%99%E9%94%99
168530954	ar	2017-03-30 00:08:33	%E5%86%B2%E5%8A%A8%E7%9A%84%E6%83%A9%E7%BD%9A++%E5%88%80%E9%83%8E
168531185	ar	2017-03-30 00:08:34	%E9%A9%AC%E5%A4%B4%E7%90%B4
168531266	ip	2017-03-30 00:08:34	%e7%89%9b%e6%8b%89%e4%ba%86%e8%bd%a6
168530822	ar	2017-03-30 00:08:34	%E6%9C%89%E5%A3%B0%E5%B0%8F%E8%AF%B4%E5%A4%A7%E6%9F%93%E5%9D%8A
168531159	ar	2017-03-30 00:08:34	%E4%BD%A0%E4%B8%8D%E6%98%AF%E7%9C%9F%E6%AD%A3%E7%9A%84%E5%BF%AB%E4%B9%90
168531355	ip	2017-03-30 00:08:34	%e5%9c%a8%e9%82%a3%e9%81%a5%e8%bf%9c%e7%9a%84%e5%9c%b0%e6%96%b9
168530970	ar	2017-03-30 00:08:35	%E6%A0%BC%E6%9E%97%E7%AB%A5%E8%AF%9D
168530150	ar	2017-03-30 00:08:35	%E5%BD%A9%E9%93%83%E7%B3%BB%E5%88%97
168531229	ar	2017-03-30 00:08:37	%E5%87%A1%E4%BA%BA%E6%AD%8C
168530023	ip	2017-03-30 00:08:38	%e5%88%9a%e5%88%9a%e5%a5%bd
168531168	ar	2017-03-30 00:08:38	%E6%88%91%E5%8F%AF%E4%BB%A5
168533370	ip	2017-03-30 00:08:39	%e5%85%89
168530390	ar	2017-03-30 00:08:39	%E5%87%89%E5%87%89
168531026	ar	2017-03-30 00:08:40	%E6%88%91%E7%9A%84%E5%A5%BD%E5%85%84%E5%BC%9F
168530188	ar	2017-03-30 00:08:40	until+you
168531245	ip	2017-03-30 00:08:40	%e4%b8%80%e7%94%9f%e6%89%80%e7%88%b1
168531420	ar	2017-03-30 00:08:41	%E7%88%B1%E8%A6%81%E6%80%8E%E4%B9%88%E8%AF%B4%E5%87%BA%E5%8F%A3++%E8%B5%B5%E4%BC%A0
168531442	ip	2017-03-30 00:08:42	%e6%88%90%e9%83%bd
168531136	ar	2017-03-30 00:08:42	%E5%A4%9A%E5%BE%97%E4%BB%96++%E6%9E%97%E5%BF%86%E8%8E%B2
168530822	ar	2017-03-30 00:08:42	%E6%9C%89%E5%A3%B0%E5%B0%8F%E8%AF%B4%E5%A4%A7%E6%9F%93%E5%9D%8A
168530842	ar	2017-03-30 00:08:43	%E5%8D%88%E5%A4%9C%E6%80%A8%E6%9B%B2
168532099	ip	2017-03-30 00:08:44	%e7%bb%85%e5%a3%ab
168531385	ar	2017-03-30 00:08:45	outlaws+of+love
168529955	ar	2017-03-30 00:08:45	%E6%88%91%E4%BB%AC%E4%BA%8C%E5%88%86%E4%B9%8B%E4%B8%80
168531155	ip	2017-03-30 00:08:46	%e6%b1%aa%e5%b3%b0%20%20%e5%85%89%e6%98%8e
168530364	ar	2017-03-30 00:08:47	%E7%9B%B8%E4%BA%B2%E7%9B%B8%E7%88%B1%E4%B8%80%E5%AE%B6%E4%BA%BA++%E5%8D%8E%E8%AF%AD%E7%BE%A4%E6%98%9F
168531299	ar	2017-03-30 00:08:48	%E9%AB%98%E5%AE%89
168530818	ar	2017-03-30 00:08:51	%E5%A4%9A%E5%B9%B8%E8%BF%90++%E9%9F%A9%E5%AE%89%E6%97%AD
168531355	ip	2017-03-30 00:08:51	%e5%9c%a8%e9%82%a3%e9%81%a5%e8%bf%9c%e7%9a%84%e5%9c%b0%e6%96%b9%e4%bc%b4%e5%a5%8f
168531229	ar	2017-03-30 00:08:51	%E5%87%A1%E4%BA%BA%E6%AD%8C%E8%90%A7%E6%95%AC%E8%85%BE
168531363	ar	2017-03-30 00:08:51	%E7%9B%B4%E5%88%B0%E4%B8%96%E7%95%8C%E7%9A%84%E5%B0%BD%E5%A4%B4++%E5%8A%A8%E6%BC%AB%E5%8E%9F%E5%A3%B0
168531396	ar	2017-03-30 00:08:52	%E8%BF%87%E5%8E%BB%E7%9A%84%E7%85%A7%E7%89%87++%E7%99%BD%E5%B0%8F%E7%99%BD
168530498	ar	2017-03-30 00:08:52	%E6%89%8B%E6%9C%BA%E9%93%83%E5%A3%B0
168529682	ar	2017-03-30 00:08:52	HiFi%E9%9F%B3%E8%B4%A8
168529836	ar	2017-03-30 00:08:53	%E6%9E%97%E8%82%AF%E5%85%AC%E5%9B%AD
168531341	ar	2017-03-30 00:08:53	lonely+christmas++%E9%99%88%E5%A5%95%E8%BF%85
168531164	ar	2017-03-30 00:08:54	%E6%A5%9A%E6%96%B0
143202572	ar	2017-03-30 00:08:54	%E9%82%93%E4%B8%BD%E5%90%9B
168530258	ar	2017-03-30 00:08:55	%E8%AE%A9%E6%88%91%E7%97%9B%E8%8B%A6%E5%90%A7
168530737	ar	2017-03-30 00:08:55	%E7%81%B5%E5%BC%82%E7%94%B5%E5%8F%B0
168531440	ar	2017-03-30 00:08:55	%E9%95%BF%E7%9B%B8%E4%BE%9D%E7%B2%BE%E9%80%89%E8%BE%91
168531452	ip	2017-03-30 00:08:56	%e9%82%a3%e4%b8%80%e5%a4%9c
168530663	ip	2017-03-30 00:08:56	%e9%bb%98%2d%28%e7%94%b5%e5%bd%b1%e3%80%8a%e4%bd%95%e4%bb%a5%e7%ac%99%e7%ae%ab%e9%bb%98%e3%80%8b%e6%8f%92%e6%9b%b2%29%20%20%e9%82%a3%e8%8b%b1
168529587	ar	2017-03-30 00:08:57	%E5%A5%B9
168530985	ar	2017-03-30 00:08:57	%E9%AD%94%E9%81%93%E7%A5%96%E5%B8%88
168530188	ar	2017-03-30 00:08:58	shayne+ward
168531074	ar	2017-03-30 00:08:59	%E8%83%A1%E6%AD%8C
168531436	ar	2017-03-30 00:08:59	%E9%9F%A9%E5%9B%BD%E5%86%A0%E5%86%9B%E8%88%9E%E6%9B%B2
167539286	ar	2017-03-30 00:08:59	0-3%E5%B2%81%E5%84%BF%E7%AB%A5%E5%9B%BD%E8%AF%AD%E7%BB%8F%E5%85%B8%E5%84%BF%E6%AD%8C
168531419	ar	2017-03-30 00:08:59	4D+%E5%87%89%E5%87%89
168531062	ar	2017-03-30 00:09:00	%E7%AC%94%E8%AE%B0
168529682	ar	2017-03-30 00:09:00	HiFi%E9%9F%B3%E8%B4%A8
168529553	ar	2017-03-30 00:09:01	%E9%BE%99%E4%B8%BB%E4%B8%8D%E6%82%94
168531273	ip	2017-03-30 00:09:01	%e7%81%b5%e5%bc%82%e4%ba%8b%e4%bb%b6%e7%b0%bf
168530416	ar	2017-03-30 00:09:01	%E5%8D%8A%E9%98%B3
168531457	ar	2017-03-30 00:09:02	%E9%80%9D%E5%8E%BB%E6%97%A5%E5%AD%90
168530415	ar	2017-03-30 00:09:02	%E5%A6%82%E6%9E%9C%E6%B2%A1%E6%9C%89%E4%BD%A0
168531059	ip	2017-03-30 00:09:02	%77%61%74%63%68%20%6d%65
168533370	ip	2017-03-30 00:09:02	%e5%85%89
168531441	ar	2017-03-30 00:09:02	%E6%B1%A1%E5%8A%9B%E8%90%B1%E8%90%B1%E5%90%88%E8%BE%91
168531241	ar	2017-03-30 00:09:03	%E5%88%9A%E5%A5%BD%E9%81%87%E8%A7%81%E4%BD%A0
168531445	ar	2017-03-30 00:09:04	%E4%BB%99%E5%89%91%E7%B3%BB%E5%88%97%E3%80%8A%E6%A1%83%E8%8A%B1%E5%B2%9B%E3%80%8B%E6%B2%A1%E4%BB%80%E4%B9%88%E5%8F%AF%E8%AF%B4%E7%9A%84%EF%BC%8C%E5%B0%B1%E6%98%AF%E5%96%9C%E6%AC%A2%E3%80%82
168530857	ar	2017-03-30 00:09:04	%E5%81%8F%E7%88%B1++%E5%BC%A0%E8%8A%B8%E4%BA%AC
168530635	ar	2017-03-30 00:09:05	%E7%88%B1%E5%B0%B1%E4%B8%80%E4%B8%AA%E5%AD%97
168519439	ar	2017-03-30 00:09:06	%E4%B8%80%E4%BA%BA%E6%88%91%E9%A5%AE%E9%85%92%E9%86%89
168530586	ar	2017-03-30 00:09:07	%E9%93%83%E5%A3%B0
168531203	ar	2017-03-30 00:09:08	%E6%A8%B1%E8%8A%B1%E6%A8%B1%E8%8A%B1%E6%83%B3%E8%A7%81%E4%BD%A0%28%E9%92%A2%E7%90%B4%E7%89%88%29
168532099	ip	2017-03-30 00:09:09	%e5%88%9a%e5%88%9a%e5%a5%bd
161529878	ar	2017-03-30 00:09:09	%E6%A2%A6%E4%B8%AD%E7%9A%84%E5%A9%9A%E7%A4%BC
168530364	ar	2017-03-30 00:09:10	%E6%84%9F%E6%81%A9%E7%9A%84%E5%BF%83%28%E6%89%8B%E8%AF%AD%E7%89%88%29
168531521	ip	2017-03-30 00:09:10	%e5%bf%83%e7%bb%8f%20%20%e4%bd%9b%e6%95%99%e9%9f%b3%e4%b9%90
168531204	ar	2017-03-30 00:09:11	%E6%AC%B2++mc%E5%8D%8A%E9%98%B3
168530985	ar	2017-03-30 00:09:11	%E9%AD%94%E9%81%93%E7%A5%96%E5%B8%88
168531155	ip	2017-03-30 00:09:12	%e6%b1%aa%e5%b3%b0%20%20%e5%85%89%e6%98%8e
168530962	ar	2017-03-30 00:09:12	%E8%8B%8F%E4%B8%89
168530150	ar	2017-03-30 00:09:12	%E7%94%B5%E8%A7%86%E4%B8%BB%E9%A2%98%E6%9B%B2%E4%B8%93%E8%BE%91
168530775	ar	2017-03-30 00:09:12	%E6%BD%98%E7%BE%8E%E8%BE%B0
168531452	ip	2017-03-30 00:09:13	%e7%bd%97%e7%99%be%e5%90%89
168531159	ar	2017-03-30 00:09:13	%E4%BD%A0%E4%B8%8D%E6%98%AF%E7%9C%9F%E6%AD%A3%E7%9A%84%E5%BF%AB%E4%B9%90%E4%BA%94%E6%9C%88%E5%A4%A9
168530521	ar	2017-03-30 00:09:13	%E8%80%8C%E7%8E%B0%E5%9C%A8%E7%9A%84%E6%88%91
168531419	ar	2017-03-30 00:09:15	%E5%87%89%E5%87%89+4D%E7%8E%AF%E7%BB%95
168530279	ar	2017-03-30 00:09:16	%E6%83%85%E6%AD%8C%E7%BB%A7%E7%BB%AD%E5%94%B1+%28disc1-disc2%E5%90%88%E8%BE%91%29
168531469	ar	2017-03-30 00:09:17	%E5%BD%92%E9%9B%B6-%28%E7%9C%9F%E4%BA%BA%E7%A7%80%E3%80%8A%E6%88%91%E4%BB%AC15%E4%B8%AA%E3%80%8B%E4%B8%BB%E9%A2%98%E6%9B%B2%29
168530962	ar	2017-03-30 00:09:18	%E8%8B%8F%E4%B8%89
168531506	ar	2017-03-30 00:09:18	%E5%B0%B1%E9%82%A3%E6%A0%B7%E8%B5%B0%E5%90%A7
168529630	ar	2017-03-30 00:09:19	%E4%B8%80%E5%9C%BA%E6%B8%B8%E6%88%8F%E4%B8%80%E5%9C%BA%E6%A2%A6
168533370	ip	2017-03-30 00:09:19	%e8%bf%99%e4%b8%aa%e5%b9%b4%e7%ba%aa
168530365	ip	2017-03-30 00:09:20	%e5%8d%b7%e7%83%9f
168531601	ar	2017-03-30 00:09:20	%E6%A3%AE%E6%9E%97%E7%8B%82%E6%83%B3%E6%9B%B2
168531534	ar	2017-03-30 00:09:22	%E7%8C%AE%E8%8A%B1%E6%9B%B2
168530985	ar	2017-03-30 00:09:23	%E4%B8%89%E7%94%9F%E4%B8%89%E4%B8%96
168531509	ar	2017-03-30 00:09:23	%E7%9C%8B%E4%BA%86%E4%BD%A0%E4%B8%80%E7%9C%BC
168530416	ar	2017-03-30 00:09:24	%E5%8D%8A%E9%98%B3
168531238	ip	2017-03-30 00:09:24	%e6%80%9d%e6%85%95%2d%28%e7%94%b5%e8%a7%86%e5%89%a7%e3%80%8a%e4%b8%89%e7%94%9f%e4%b8%89%e4%b8%96%e5%8d%81%e9%87%8c%e6%a1%83%e8%8a%b1%e3%80%8b%e4%b8%bb%e4%ba%ba%e5%85%ac%e4%ba%ba%e7%89%a9%e6%9b%b2%29
168531246	ar	2017-03-30 00:09:24	%E9%9D%92%E6%98%A5%E5%86%8D%E8%A7%81%28%E7%94%B5%E5%BD%B1%E3%80%8A%E6%80%92%E6%94%BE%E3%80%8B%E9%A6%96%E6%94%AF%E6%A6%82%E5%BF%B5%E5%8D%95%E6%9B%B2%29
168530736	ip	2017-03-30 00:09:24	%e9%80%86%e6%b5%81%e6%88%90%e6%b2%b3%20%20%e9%87%91%e5%8d%97%e7%8e%b2
168531447	ar	2017-03-30 00:09:24	%E7%88%B1%E7%81%AB%E7%83%A7%E4%B8%8D%E5%B0%BD
168530365	ip	2017-03-30 00:09:26	%e5%8d%b7%e7%83%9f
168530962	ar	2017-03-30 00:09:28	%E8%8B%8F%E4%B8%89
168531419	ar	2017-03-30 00:09:28	4D%E7%8E%AF%E7%BB%95+%E5%87%89%E5%87%89
168531938	ip	2017-03-30 00:09:28	%e9%a3%9e%e5%90%91%e5%88%ab%e4%ba%ba%e7%9a%84%e5%ba%8a
168531457	ar	2017-03-30 00:09:29	%E9%80%9D%E5%8E%BB%E6%97%A5%E5%AD%90
163693838	ar	2017-03-30 00:09:30	%E8%B5%B5%E9%9B%B7
168531635	ar	2017-03-30 00:09:31	%E4%B8%80%E5%AE%B6%E4%BA%BA++%E5%88%80%E9%83%8E
168530952	ip	2017-03-30 00:09:31	%e6%83%b3%e8%b5%b7%2d%28%e7%94%b5%e8%a7%86%e5%89%a7%e3%80%8a%e6%84%a4%e6%80%92%e7%9a%84%e8%9d%b4%e8%9d%b6%e3%80%8b%e7%89%87%e5%a4%b4%e6%9b%b2%29%20%20%e9%9f%a9%e9%9b%aa
168531277	ar	2017-03-30 00:09:31	%E6%A2%A6%E6%83%B3%E7%9A%84%E5%A3%B0%E9%9F%B3
168532848	ip	2017-03-30 00:09:31	%e4%b8%89%e7%94%9f%e4%b8%89%e4%b8%96
168530517	ar	2017-03-30 00:09:34	%E5%87%89%E5%87%89-%28%E7%94%B5%E8%A7%86%E5%89%A7%E3%80%8A%E4%B8%89%E7%94%9F%E4%B8%89%E4%B8%96%E5%8D%81%E9%87%8C%E6%A1%83%E8%8A%B1%E3%80%8B%E7%89%87%E5%B0%BE%E6%9B%B2%29++%E5%BC%A0%E7%A2%A7%E6%99%A8%26%E6%9D%A8%E5%AE%97%E7%BA%AC
168530775	ar	2017-03-30 00:09:34	%E6%BD%98%E7%BE%8E%E8%BE%B0
168531195	ar	2017-03-30 00:09:34	%E8%87%AA%E5%AF%BC%E8%87%AA%E6%BC%94
168530361	ar	2017-03-30 00:09:35	%E6%9A%B4%E6%9E%97++%E4%B8%8B%E5%AE%9A%E5%86%B3%E5%BF%83%E5%BF%98%E8%AE%B0%E4%BD%A0
168530920	ar	2017-03-30 00:09:36	%E5%A5%B3%E4%BA%BA%E6%98%AF%E4%B8%96%E7%95%8C%E6%9C%80%E7%BE%8E%E4%B8%BD%E7%9A%84%E8%8A%B1++%E6%97%B6%E5%98%89
168530812	ar	2017-03-30 00:09:37	%E6%88%91%E5%8F%AF%E4%BB%A5%E6%8A%B1%E4%BD%A0%E5%90%97
168531273	ip	2017-03-30 00:09:37	%e7%81%b5%e5%bc%82%e4%ba%8b%e4%bb%b6%e7%b0%bf
168531555	ip	2017-03-30 00:09:38	%e4%b8%80%e5%a3%b6%e8%80%81%e9%85%92
168529912	ar	2017-03-30 00:09:39	%E7%88%B1%E6%83%85%E5%A4%A9%E5%A0%82
168530480	ip	2017-03-30 00:09:40	%e5%a5%b9%e8%af%b4
168531355	ip	2017-03-30 00:09:41	%e5%9c%a8%e9%82%a3%e9%81%a5%e8%bf%9c%e7%9a%84%e5%9c%b0%e6%96%b9%20%20%e6%9f%8f%e6%ad%a3%e8%b6%85
168531597	ar	2017-03-30 00:09:41	mc%E5%BC%A0%E5%87%AF
168531645	ar	2017-03-30 00:09:41	%E8%8B%B1%E9%9B%84%E6%B3%AA
168529937	ar	2017-03-30 00:09:41	%E7%97%92
168530388	ar	2017-03-30 00:09:42	%E6%83%85%E4%B8%80%E5%8A%A8%E5%BF%83%E5%B0%B1%E7%97%9B++%E6%B5%B7%E7%94%9F
168531656	ar	2017-03-30 00:09:43	%E9%BB%84%E9%B3%9D%EF%BC%8C%E6%88%91%E4%BB%AC%E8%B5%B0%EF%BC%81
168530843	ip	2017-03-30 00:09:43	%61%38%e6%85%a2%e6%91%87%20%20%64%6a%e5%ae%9d%e8%b4%9d
168531264	ar	2017-03-30 00:09:43	%E4%B8%9C%E5%8C%97%E9%A3%8E%E4%BA%9120%E5%B9%B4
168530012	ar	2017-03-30 00:09:44	%E6%B8%85%E5%AE%98%E8%B0%A3
168531675	ar	2017-03-30 00:09:44	goodbye%2C+ok++t-ara
168531088	ar	2017-03-30 00:09:44	%E7%8B%AC%E7%88%B1%E4%B8%8A%E4%BD%A0%E6%88%96%E8%AE%B8%E9%94%99++%E5%A7%9C%E5%9F%B9%E8%8E%89
163693838	ar	2017-03-30 00:09:45	%E8%B5%B5%E9%9B%B7
168530987	ar	2017-03-30 00:09:45	%E4%B8%80%E7%AC%91%E5%80%BE%E5%9F%8E-%28%E7%94%B5%E8%A7%86%E5%89%A7%E3%80%8A%E5%BE%AE%E5%BE%AE%E4%B8%80%E7%AC%91%E5%BE%88%E5%80%BE%E5%9F%8E%E3%80%8B%E7%89%87%E5%A4%B4%E6%9B%B2%29
168531189	ip	2017-03-30 00:09:46	%e5%87%89%e5%87%89
168531667	ar	2017-03-30 00:09:46	%E8%AE%A9%E6%88%91%E6%AC%A2%E5%96%9C%E8%AE%A9%E6%88%91%E5%BF%A7
168530825	ar	2017-03-30 00:09:47	%E7%A8%B3%E7%A8%B3%E7%9A%84%E5%B9%B8%E7%A6%8F++%E9%99%88%E5%A5%95%E8%BF%85
168529985	ar	2017-03-30 00:09:48	%E6%9D%8E%E5%AE%87%E6%98%A5
168531155	ip	2017-03-30 00:09:49	%e6%b1%aa%e5%b3%b0%20%20%e5%bd%93%e6%88%91%e6%83%b3%e4%bd%a0%e7%9a%84%e6%97%b6%e5%80%99
167414225	ar	2017-03-30 00:09:49	%E6%97%AD%E6%97%A5%E9%98%B3%E5%88%9A++%E6%97%AD%E6%97%A5%E9%98%B3%E5%88%9A
168529553	ar	2017-03-30 00:09:49	%E5%8D%95%E8%89%B2%E5%87%8C
12688928	ar	2017-03-30 00:09:50	%E7%A6%BB%E5%88%AB%E7%9A%84%E7%A7%8B%E5%A4%A9++%E5%AD%99%E9%9C%B2
168529798	ar	2017-03-30 00:09:50	%E7%9A%AE%E7%9A%AE%E8%99%BE%E6%88%91%E4%BB%AC%E8%B5%B0
168530812	ar	2017-03-30 00:09:50	%E6%88%91%E5%8F%AF%E4%BB%A5%E6%8A%B1%E4%BD%A0%E5%90%97
168531026	ar	2017-03-30 00:09:50	%E5%8D%81%E4%B8%80%E5%B9%B4
168530442	ar	2017-03-30 00:09:51	hands+up%21+%28%E3%80%8A%E6%B5%B7%E8%B4%BC%E7%8E%8B%E3%80%8Bop16+%E5%8A%A8%E6%BC%AB%E4%B8%BB%E9%A2%98%E6%9B%B2%29
168531282	ar	2017-03-30 00:09:53	%E6%B5%81%E6%B3%AA%E4%B9%9F%E5%B9%B8%E7%A6%8F
168530985	ar	2017-03-30 00:09:54	%E9%9C%9C%E5%8D%8E%E8%B4%9F%E4%BB%8A%E6%9C%9D
168530812	ar	2017-03-30 00:09:54	%E6%88%91%E5%8F%AF%E4%BB%A5%E6%8A%B1%E4%BD%A0%E5%90%97
168531675	ar	2017-03-30 00:09:55	goodbye%2C+ok++t-ara
168530279	ar	2017-03-30 00:09:55	%E6%83%85%E6%AD%8C%E7%BB%A7%E7%BB%AD%E5%94%B1+%28disc1-disc2%E5%90%88%E8%BE%91%29
168530743	ar	2017-03-30 00:09:56	%E6%88%91%E7%9A%84%E6%A5%BC%E5%85%B0++%E4%BA%91%E6%9C%B5
168530812	ar	2017-03-30 00:09:56	%E6%88%91%E5%8F%AF%E4%BB%A5%E6%8A%B1%E4%BD%A0%E5%90%97
168530570	ar	2017-03-30 00:09:57	%E5%BC%A0%E7%A2%A7%E6%99%A8
168530962	ar	2017-03-30 00:09:58	%E8%8B%8F%E4%B8%89
168531009	ar	2017-03-30 00:09:58	%E6%B5%B7%E9%98%94%E5%A4%A9%E7%A9%BA
168530663	ip	2017-03-30 00:09:58	%e8%b5%b0%e7%9d%80%e8%b5%b0%e7%9d%80%e5%b0%b1%e6%95%a3%e4%ba%86%20%20%e5%ba%84%e5%bf%83%e5%a6%8d
168530480	ip	2017-03-30 00:09:58	%e5%bc%a0%e7%a2%a7%e6%99%a8
168529808	ip	2017-03-30 00:09:59	%e5%85%a5%e6%a2%a6
168519439	ar	2017-03-30 00:09:59	MC
168531705	ar	2017-03-30 00:10:00	%E8%8B%B9%E6%9E%9C%E6%89%8B%E6%9C%BA%E6%8F%90%E7%A4%BA%E9%9F%B3
168531728	ar	2017-03-30 00:10:02	%E4%B8%8D%E8%A6%81%E8%AE%A4%E4%B8%BA%E8%87%AA%E5%B7%B1%E6%B2%A1%E6%9C%89%E7%94%A8++%E6%88%90%E9%BE%99
168530160	ip	2017-03-30 00:10:02	%e6%9d%8e%e7%8e%89%e5%88%9a
168531120	ar	2017-03-30 00:10:02	%E6%88%91%E6%98%AF%E6%88%91%E7%9A%84%E6%83%85%E4%BA%BA
168531120	ar	2017-03-30 00:10:02	%E6%88%91%E6%98%AF%E6%88%91%E7%9A%84%E6%83%85%E4%BA%BA
12688928	ar	2017-03-30 00:10:02	%E7%A6%BB%E5%88%AB%E7%9A%84%E7%A7%8B%E5%A4%A9++%E5%AD%99%E9%9C%B2
168531440	ar	2017-03-30 00:10:02	%E7%B2%89%E7%BA%A2%E8%89%B2%E7%9A%84%E5%9B%9E%E5%BF%86
168531194	ar	2017-03-30 00:10:03	%E6%88%91%E6%83%B3%E6%88%91%E4%B8%8D%E4%BC%9A%E5%96%9C%E6%AC%A2%E4%BD%A0
168531292	ar	2017-03-30 00:10:03	%E7%8B%AE%E5%AD%90%E5%BA%A7
168531398	ip	2017-03-30 00:10:04	%e6%98%8e%e5%a4%a9%ef%bc%8c%e4%bd%a0%e5%a5%bd
168533370	ip	2017-03-30 00:10:04	%e9%82%a3%e4%ba%9b%e5%b9%b4
163693838	ar	2017-03-30 00:10:05	%E8%B5%B5%E9%9B%B7
168531603	ar	2017-03-30 00:10:06	%E6%9B%BE%E7%BB%8F%E7%9A%84%E4%BD%A0
168531773	ip	2017-03-30 00:10:07	%e4%ba%94%e6%9c%88%e5%a4%a9
168531597	ar	2017-03-30 00:10:07	mc%E5%BC%A0%E5%87%AF
168530317	ar	2017-03-30 00:10:07	%E5%8F%AF%E7%88%B1%E5%A5%B3%E4%BA%BA
168531733	ar	2017-03-30 00:10:08	%E7%87%83%E7%83%A7%E5%90%A7%E5%B0%91%E5%B9%B4
168530510	ip	2017-03-30 00:10:08	%e5%88%9a%e5%a5%bd%e9%81%87%e8%a7%81%e4%bd%a0
168531597	ar	2017-03-30 00:10:10	mc%E5%BC%A0%E5%87%AF
168531597	ar	2017-03-30 00:10:10	mc%E5%BC%A0%E5%87%AF
168531168	ar	2017-03-30 00:10:10	%E6%88%91%E4%BB%A5%E4%B8%BA%E6%88%91%E5%8F%AF%E4%BB%A5
168531938	ip	2017-03-30 00:10:11	%e6%94%be%e4%b8%8d%e4%b8%8b%20%20%e6%b1%aa%e8%8b%8f%e6%b3%b7
168529553	ar	2017-03-30 00:10:11	%E5%AD%99%E5%AD%90%E6%B6%B5
168530336	ip	2017-03-30 00:10:11	%e5%8b%89%e4%b8%ba%e5%85%b6%e9%9a%be%20%20%e7%8e%8b%e5%86%95
168531570	ar	2017-03-30 00:10:11	%E7%88%B1%E6%83%85
168531454	ar	2017-03-30 00:10:12	%E6%88%91%E7%B4%AF%E4%BA%86
168530743	ar	2017-03-30 00:10:12	%E6%88%91%E7%9A%84%E6%A5%BC%E5%85%B0++%E4%BA%91%E6%9C%B5
168531693	ar	2017-03-30 00:10:13	%E9%B9%BF%E6%99%97
168530639	ar	2017-03-30 00:10:14	%E9%82%A3%E4%BA%9B%E8%8A%B1%E5%84%BF
168531636	ar	2017-03-30 00:10:15	%E7%BB%99%E6%88%91%E4%B8%80%E4%B8%AA%E5%90%BB++%E6%9D%A8%E5%AD%90%E5%A7%97
168531806	ar	2017-03-30 00:10:16	%E9%9F%A9%E5%A4%8F%E5%A4%8F%2F%E9%9B%AA%E5%84%BF
12688928	ar	2017-03-30 00:10:16	%E7%A6%BB%E5%88%AB%E7%9A%84%E7%A7%8B%E5%A4%A9++%E5%AD%99%E9%9C%B2
168531695	ar	2017-03-30 00:10:16	%E5%BE%88%E4%BB%BB%E6%80%A7
168531026	ar	2017-03-30 00:10:17	%E6%B3%AA%E7%9A%84%E9%94%99%E8%A7%89
168531773	ip	2017-03-30 00:10:18	%e4%ba%94%e6%9c%88%e5%a4%a9
168531156	ar	2017-03-30 00:10:20	%E4%B8%8A%E4%B8%80%E9%81%93%E9%81%93%E5%9D%A1%E5%9D%A1%E4%B8%8B%E4%B8%80%E9%81%93%E5%A2%9A++%E5%88%98%E5%BB%BA%E4%B8%9C
168530279	ar	2017-03-30 00:10:20	%E6%83%85%E6%AD%8C%E7%BB%A7%E7%BB%AD%E5%94%B1+%28disc1-disc2%E5%90%88%E8%BE%91%29
168531801	ar	2017-03-30 00:10:21	%E5%88%98%E7%BE%8E%E9%BA%9F
168531019	ip	2017-03-30 00:10:21	%e5%90%bb
168530160	ip	2017-03-30 00:10:21	%e6%9d%8e%e7%8e%89%e5%88%9a
168530279	ar	2017-03-30 00:10:22	%E6%83%85%E6%AD%8C%E7%BB%A7%E7%BB%AD%E5%94%B1+%28disc1-disc2%E5%90%88%E8%BE%91%29
168530070	ar	2017-03-30 00:10:22	%E5%81%8F%E7%88%B1
168531781	ip	2017-03-30 00:10:23	%e6%88%90%e9%83%bd
168531445	ar	2017-03-30 00:10:23	%E6%A1%83%E8%8A%B1%E5%B2%9B%28%E5%97%A8%E6%97%8B%E5%BE%8B%29++dj%E8%88%9E%E6%9B%B2
168531606	ar	2017-03-30 00:10:23	%E5%AE%9D%E8%B4%9D%E8%B5%B7%E5%BA%8A%E5%95%A6%E5%A4%A7%E5%8F%94%E7%89%88
168531469	ar	2017-03-30 00:10:23	%E5%BD%92%E9%9B%B6-%28%E7%9C%9F%E4%BA%BA%E7%A7%80%E3%80%8A%E6%88%91%E4%BB%AC15%E4%B8%AA%E3%80%8B
168530720	ar	2017-03-30 00:10:24	%E4%B9%9F%E6%9B%BE%E8%AF%B4%E4%BA%86%E5%86%8D%E8%A7%81
12688928	ar	2017-03-30 00:10:24	%E7%A6%BB%E5%88%AB%E7%9A%84%E7%A7%8B%E5%A4%A9++%E5%AD%99%E9%9C%B2
168530506	ar	2017-03-30 00:10:25	%E6%8A%8A%E6%82%B2%E4%BC%A4%E7%95%99%E7%BB%99%E8%87%AA%E5%B7%B1%E9%99%88%E5%8D%87
168530466	ar	2017-03-30 00:10:25	%E7%99%BD%E9%9D%A2%E6%B0%B4%E9%B8%A1%E4%B8%89%E5%90%88%E4%B8%80%E5%8F%AB
168531773	ip	2017-03-30 00:10:25	%e4%ba%94%e6%9c%88%e5%a4%a9
168530226	ar	2017-03-30 00:10:26	%E8%8B%8F%E4%BB%A8
168531639	ip	2017-03-30 00:10:26	%e5%8f%a4%e5%a4%a9%e4%b9%90
168531806	ar	2017-03-30 00:10:27	%E9%9F%A9%E5%A4%8F%E5%A4%8F
168530962	ar	2017-03-30 00:10:27	%E8%8B%8F%E4%B8%89
168531168	ar	2017-03-30 00:10:27	%E6%84%8F%E5%A4%96
168530442	ar	2017-03-30 00:10:27	%E7%81%AB%E5%BD%B1%E5%BF%8D%E8%80%85
168531264	ar	2017-03-30 00:10:27	%E4%B8%9C%E5%8C%97%E5%BE%80%E4%BA%8B1
168531363	ar	2017-03-30 00:10:28	%E5%8D%83%E6%9C%AC%E6%A8%B1+%E5%88%9D%E9%9F%B3%E3%83%9F%E3%82%AF
168529836	ar	2017-03-30 00:10:29	%E6%9E%97%E8%82%AF%E5%85%AC%E5%9B%AD
168530985	ar	2017-03-30 00:10:30	%E6%98%8E%E6%9C%88%E5%A4%A9%E6%B6%AF
168533370	ip	2017-03-30 00:10:32	%e6%88%90%e5%85%a8%20%20%e6%9e%97%e5%ae%a5%e5%98%89%5b%e5%b8%ae%e6%88%91%e6%b6%88%e6%b6%88%e9%bb%91%e7%9c%bc%e5%9c%88%5d
168531850	ar	2017-03-30 00:10:32	Step+up+to+the+line
168530692	ip	2017-03-30 00:10:32	%e5%ad%99%e7%87%95%e5%a7%bf
168532642	ip	2017-03-30 00:10:32	%e9%ab%98%e8%bf%aa
168531186	ar	2017-03-30 00:10:33	%E5%85%A8%E4%B8%96%E7%95%8C%E8%B0%81%E4%BC%9A%E7%9C%8B%E8%A7%81%E6%88%91%E5%BF%83
168532978	ip	2017-03-30 00:10:33	%e6%98%9f%e6%9c%88%e7%a5%9e%e8%af%9d
168530367	ar	2017-03-30 00:10:33	%E8%B4%BE%E6%96%AF%E6%B1%80%C2%B7%E6%AF%94%E4%BC%AF
168530326	ar	2017-03-30 00:10:35	%E6%B1%9F%E5%B1%B1%E6%97%A0%E9%99%90%7E%E8%8E%AB%E8%A8%80
166324962	ar	2017-03-30 00:10:36	%E7%88%B1%E8%A6%81%E6%80%8E%E4%B9%88%E5%96%8A%E5%81%9C
167414225	ar	2017-03-30 00:10:36	%E6%97%AD%E6%97%A5%E9%98%B3%E5%88%9A++%E6%97%AD%E6%97%A5%E9%98%B3%E5%88%9A
168531699	ip	2017-03-30 00:10:36	%e7%94%b7%e5%ad%a9
168530743	ar	2017-03-30 00:10:37	%E6%88%91%E7%9A%84%E6%A5%BC%E5%85%B0++%E4%BA%91%E6%9C%B5
168530127	ip	2017-03-30 00:10:37	%e5%a5%bd%e5%90%ac%e7%9a%84%e6%85%a2%e6%91%87%e8%ae%a9%e4%bd%a0%e5%85%b4%e5%a5%8b%20%20%64%6a%e8%88%9e%e6%9b%b2
168531045	ip	2017-03-30 00:10:37	%e6%80%9d%e6%85%95%2d%28%e7%94%b5%e8%a7%86%e5%89%a7%e3%80%8a%e4%b8%89%e7%94%9f%e4%b8%89%e4%b8%96%e5%8d%81%e9%87%8c%e6%a1%83%e8%8a%b1%e3%80%8b%e4%b8%bb%e4%ba%ba%e5%85%ac%e4%ba%ba%e7%89%a9%e6%9b%b2%29
168530962	ar	2017-03-30 00:10:38	%E8%8B%8F%E4%B8%89
168531844	ar	2017-03-30 00:10:38	%E4%B9%9F%E8%AE%B8%E4%B8%8D%E8%AF%A5%E8%AE%A4%E8%AF%86%E4%BD%A0
168530480	ip	2017-03-30 00:10:39	%e5%bc%a0%e7%a2%a7%e6%99%a8
168530720	ar	2017-03-30 00:10:39	%E8%BF%98%E5%9C%A8%E8%BF%99%E9%87%8C%E9%93%83%E5%A3%B0%E7%89%88
168531051	ar	2017-03-30 00:10:41	%E6%AD%8C%E6%89%8B
168530962	ar	2017-03-30 00:10:41	%E8%8B%8F%E4%B8%89
168531639	ip	2017-03-30 00:10:43	%e5%8f%a4%e5%a4%a9%e4%b9%90
168531001	ar	2017-03-30 00:10:43	%E8%8E%AB%E5%A4%A7%E4%BA%BA%E8%90%B1%E8%8D%89
168530396	ip	2017-03-30 00:10:44	%e6%b3%b0%e5%8b%92
168529660	ar	2017-03-30 00:10:46	%E5%88%9A%E5%A5%BD%E9%81%87%E8%A7%81%E4%BD%A0++%E6%9D%8E%E7%8E%89%E5%88%9A
168531870	ar	2017-03-30 00:10:46	%E8%8B%97%E6%97%8F%E6%AD%8C%E6%9B%B2_%E6%88%91%E5%BF%83%E9%A3%9E%E6%89%AC
168531503	ar	2017-03-30 00:10:47	%E9%99%8D%E5%A4%AE%E5%8D%93%E7%8E%9B
168531795	ar	2017-03-30 00:10:49	%E9%BE%9A%E7%8E%A5
168531866	ar	2017-03-30 00:10:50	%E4%B8%89%E6%B5%A6%E5%A4%A7%E7%9F%A5
168531521	ip	2017-03-30 00:10:50	%e5%bf%83%e7%bb%8f%20%20%e4%bd%9b%e6%95%99%e9%9f%b3%e4%b9%90
168531684	ar	2017-03-30 00:10:51	%E9%86%89%E7%BE%8E%E5%86%AC%E4%B9%9D%E5%AF%A8++%E9%98%BF%E6%96%AF%E6%BB%A1
168531026	ar	2017-03-30 00:10:51	%E5%B0%8F%E6%B2%88%E9%98%B3%26%E9%AB%98%E8%BF%9B++%E6%88%91%E7%9A%84%E5%A5%BD%E5%85%84%E5%BC%9F
168534660	ip	2017-03-30 00:10:51	%e5%87%a4%e5%87%b0%e4%bc%a0%e5%a5%87
168530639	ar	2017-03-30 00:10:52	%E8%B6%81%E6%97%A9
168531419	ar	2017-03-30 00:10:52	%E5%87%89%E5%87%89
168519439	ar	2017-03-30 00:10:52	MC
168531440	ar	2017-03-30 00:10:53	%E5%AE%B6%E5%92%8C%E4%B8%87%E4%BA%8B%E5%85%B4++%E9%BE%9A%E7%8E%A5
168519439	ar	2017-03-30 00:10:53	MC
168531192	ar	2017-03-30 00:10:54	%E4%B8%8D%E5%AE%8C%E7%BE%8E%E5%A5%B3%E5%AD%A9++%E5%91%A8%E5%86%AC%E9%9B%A8
168531656	ar	2017-03-30 00:10:56	%E9%BB%84%E9%B3%9D%EF%BC%8C%E6%88%91%E4%BB%AC%E8%B5%B0%EF%BC%81
168531001	ar	2017-03-30 00:10:56	%E8%8E%AB%E5%A4%A7%E4%BA%BA%E8%90%B1%E8%8D%89
168531409	ip	2017-03-30 00:10:56	%e6%b5%aa%e8%b4%b9%20%20%e9%83%81%e5%8f%af%e5%94%af%5b%e5%93%88%e5%93%88%e4%b8%80%e7%ac%91%e5%be%88%e5%80%be%e5%9f%8e%5d%26%e6%9e%97%e5%ae%a5%e5%98%89%5b%e5%b8%ae%e6%88%91%e6%b6%88%e6%b6%88%e9%bb%91%e7%9c%bc%e5%9c%88%5d
168531639	ip	2017-03-30 00:10:56	%e5%8f%a4%e5%a4%a9%e4%b9%90
168531059	ip	2017-03-30 00:10:57	%68%65%6c%6c%6f
168531168	ar	2017-03-30 00:10:57	%E9%80%86%E6%B5%81%E6%88%90%E6%B2%B3
168531374	ar	2017-03-30 00:10:58	%E5%88%9A%E5%A5%BD%E9%81%87%E8%A7%81%E4%BD%A0%E6%89%8B%E6%9C%BA%E9%93%83%E5%A3%B0
168531245	ip	2017-03-30 00:10:58	%e4%b8%80%e7%94%9f%e6%89%80%e7%88%b1
112728040	ar	2017-03-30 00:10:59	%E7%97%92++%E9%BB%84%E9%BE%84
168531969	ar	2017-03-30 00:10:59	exo
168530589	ar	2017-03-30 00:11:00	%E5%91%BD%E8%BF%90
168531341	ar	2017-03-30 00:11:01	%E6%97%B6%E5%85%89%E5%80%92%E6%B5%81%E4%BA%8C%E5%8D%81%E5%B9%B4%E9%99%88%E5%A5%95%E8%BF%85%E4%BC%B4%E5%A5%8F
168531045	ip	2017-03-30 00:11:02	%e6%80%9d%e6%85%95%2d%28%e7%94%b5%e8%a7%86%e5%89%a7%e3%80%8a%e4%b8%89%e7%94%9f%e4%b8%89%e4%b8%96%e5%8d%81%e9%87%8c%e6%a1%83%e8%8a%b1%e3%80%8b%e4%b8%bb%e4%ba%ba%e5%85%ac%e4%ba%ba%e7%89%a9%e6%9b%b2%29
168492632	ar	2017-03-30 00:11:03	%E6%81%8B%E5%9F%8E
168531639	ip	2017-03-30 00:11:04	%e5%8f%a4%e5%a4%a9%e4%b9%90
168530962	ar	2017-03-30 00:11:06	%E8%8B%8F%E4%B8%89
168531615	ar	2017-03-30 00:11:07	%E5%82%88%E5%83%B3%E9%85%92%E6%AD%8C
168531656	ar	2017-03-30 00:11:07	%E9%BB%84%E9%B3%9D%EF%BC%8C%E6%88%91%E4%BB%AC%E8%B5%B0%EF%BC%81
168531915	ar	2017-03-30 00:11:07	%E5%8F%A3%E5%93%A8%E8%88%9E%E6%9B%B2%28remix%29
168531409	ip	2017-03-30 00:11:08	%e6%b5%aa%e8%b4%b9
168531036	ar	2017-03-30 00:11:08	%E5%9B%9A%E9%B8%9F++%E5%BD%AD%E7%BE%9A
168531863	ar	2017-03-30 00:11:09	%E5%AD%A4%E5%8D%95%E5%8C%97%E5%8D%8A%E7%90%83
168531856	ar	2017-03-30 00:11:09	%E5%BC%80%E7%81%AB%E8%BD%A6
168530255	ar	2017-03-30 00:11:09	%E7%A6%BB%E5%88%AB%E7%9A%84%E7%A7%8B%E5%A4%A9
168530279	ar	2017-03-30 00:11:10	%E6%83%85%E6%AD%8C%E5%AF%B9%E5%94%B1%E7%B2%BE%E5%93%81%E9%9B%86
168531941	ar	2017-03-30 00:11:10	mc%E9%A9%AC%E5%85%8B
168531096	ar	2017-03-30 00:11:10	DJ%E3%80%8A%E7%BA%AF%E9%9F%B3%E4%B9%90%E8%BD%A6%E8%BD%BD%E4%B8%AD%E5%9B%BD%E9%A3%8E%E7%94%B5%E5%AD%90%E8%88%9E%E6%9B%B2
168530962	ar	2017-03-30 00:11:11	%E8%8B%8F%E4%B8%89
168519439	ar	2017-03-30 00:11:11	%E9%98%B3%E5%AD%90
168531907	ar	2017-03-30 00:11:13	%E6%BC%94%E5%91%98++%E8%96%9B%E4%B9%8B%E8%B0%A6
168492632	ar	2017-03-30 00:11:13	%E6%81%8B%E5%9F%8E
168531639	ip	2017-03-30 00:11:14	%e5%8f%a4%e5%a4%a9%e4%b9%90
168531830	ip	2017-03-30 00:11:14	%e7%97%9b%e5%93%ad%e7%9a%84%e4%ba%ba
168531893	ar	2017-03-30 00:11:15	%E9%82%A3%E5%B0%B1%E8%BF%99%E6%A0%B7%E5%90%A7
168533370	ip	2017-03-30 00:11:16	%6d%6f%76%65%73%20%6c%69%6b%65%20%6a%61%67%67%65%72
168530920	ar	2017-03-30 00:11:17	%E5%A5%B3%E4%BA%BA%E6%98%AF%E4%B8%96%E7%95%8C%E6%9C%80%E7%BE%8E%E4%B8%BD%E7%9A%84%E8%8A%B1++%E6%97%B6%E5%98%89
168531972	ip	2017-03-30 00:11:17	%e7%bf%81%e7%ab%8b%e5%8f%8b
168531245	ip	2017-03-30 00:11:17	%e4%b8%80%e7%94%9f%e6%89%80%e7%88%b1
168531470	ar	2017-03-30 00:11:17	%E7%BA%A2%E8%B1%86%E7%B2%A4%E8%AF%AD
168530964	ar	2017-03-30 00:11:18	%E5%A4%A7%E6%A2%A6%E6%83%B3%E5%AE%B6
168531639	ip	2017-03-30 00:11:18	%e5%8f%a4%e5%a4%a9%e4%b9%90
168532466	ip	2017-03-30 00:11:19	%74%68%65%20%64%61%79
168530367	ar	2017-03-30 00:11:19	j.fla
167414225	ar	2017-03-30 00:11:20	%E6%97%AD%E6%97%A5%E9%98%B3%E5%88%9A%E9%98%B3%E5%88%9A
168531093	ip	2017-03-30 00:11:21	%e4%b8%8d%e6%9f%93%2d%28%e7%94%b5%e8%a7%86%e5%89%a7%e3%80%8a%e4%b8%89%e5%a6%b9%e3%80%8b%e7%89%87%e5%a4%b4%e6%9b%b2%29
168529836	ar	2017-03-30 00:11:21	%E6%9E%97%E8%82%AF%E5%85%AC%E5%9B%AD
168531684	ar	2017-03-30 00:11:21	%E9%86%89%E7%BE%8E%E5%86%AC%E4%B9%9D%E5%AF%A8
168530985	ar	2017-03-30 00:11:21	%E5%8D%8A%E8%B7%AF
168531931	ar	2017-03-30 00:11:23	%E5%A4%A7%E7%8C%AB%E5%B0%8F%E7%8C%AB%E4%BC%B4%E5%A5%8F
168530426	ip	2017-03-30 00:11:23	%6c%6f%6e%65%6c%79%28%64%6a%20%6c%68%61%73%61%20%72%65%6d%69%78%29%70%6f%70%20%74%65%63%68%6e%6f
168531639	ip	2017-03-30 00:11:24	%e5%8f%a4%e5%a4%a9%e4%b9%90
168531905	ar	2017-03-30 00:11:25	%E5%B0%95%E6%A1%91%E4%BA%91%E4%B8%B9
168531374	ar	2017-03-30 00:11:26	%E5%88%9A%E5%A5%BD%E9%81%87%E8%A7%81%E4%BD%A0%E6%89%8B%E6%9C%BA%E9%93%83%E5%A3%B0
168531355	ip	2017-03-30 00:11:26	%e4%b8%8d%e5%bf%85%e5%9c%a8%e4%b9%8e%e6%88%91%e6%98%af%e8%b0%81%e4%bc%b4%e5%a5%8f
168531728	ar	2017-03-30 00:11:26	%E6%88%91%E8%A6%81%E9%A3%9E%E7%9A%84%E6%9B%B4%E9%AB%98
168531374	ar	2017-03-30 00:11:26	%E5%88%9A%E5%A5%BD%E9%81%87%E8%A7%81%E4%BD%A0%E6%89%8B%E6%9C%BA%E9%93%83%E5%A3%B0
168531409	ip	2017-03-30 00:11:26	%e4%bd%a0%e4%b8%8d%e6%98%af%e7%9c%9f%e6%ad%a3%e7%9a%84%e5%bf%ab%e4%b9%90
168529982	ar	2017-03-30 00:11:27	%E6%AD%A4%E7%94%9F%E4%B8%8D%E6%8D%A2
168530985	ar	2017-03-30 00:11:27	%E5%BF%98%E7%BE%A1%E5%8D%81%E4%B8%89%E5%B9%B4
168531941	ar	2017-03-30 00:11:28	mc%E9%AB%98%E8%BF%AA
168531930	ar	2017-03-30 00:11:29	%E6%AC%A0%E4%BD%A0%E7%9A%84%E5%B9%B8%E7%A6%8F++%E9%99%88%E8%AF%97%E6%85%A7
168532103	ar	2017-03-30 00:11:30	%E5%93%87%E4%B8%89%E7%A7%92
168530361	ar	2017-03-30 00:11:30	%E6%9A%B4%E6%9E%97++%E4%B8%8B%E5%AE%9A%E5%86%B3%E5%BF%83%E5%BF%98%E8%AE%B0%E4%BD%A0
168530814	ar	2017-03-30 00:11:31	%E9%87%91%E5%BF%97%E6%96%87
168534660	ip	2017-03-30 00:11:31	%64%6a%e8%88%9e%e6%9b%b2
168531002	ar	2017-03-30 00:11:31	%E5%88%98%E5%BE%B7%E5%8D%8E
163359971	ar	2017-03-30 00:11:31	%E7%BB%8F%E5%85%B8%E5%AF%B9%E7%99%BD
168531656	ar	2017-03-30 00:11:32	%E9%BB%84%E9%B3%9D%EF%BC%8C%E6%88%91%E4%BB%AC%E6%B8%B8
168532491	ip	2017-03-30 00:11:33	%e5%9b%a0%e4%b8%ba%e9%81%87%e8%a7%81%e4%bd%a0%20%e7%94%b5%e8%a7%86%e5%89%a7%e5%8e%9f%e5%a3%b0%e5%b8%a6
168531442	ip	2017-03-30 00:11:33	%e5%b4%87%e6%8b%9c
168530070	ar	2017-03-30 00:11:34	%E5%81%8F%E7%88%B1
168530589	ar	2017-03-30 00:11:34	%E5%91%BD%E8%BF%90
168532019	ar	2017-03-30 00:11:34	%E5%A6%96%E7%B2%BE%E7%9A%84%E5%B0%BE%E5%B7%B4
168532054	ar	2017-03-30 00:11:34	%E5%88%9A%E5%A5%BD%E9%81%87%E8%A7%81%E4%BD%A0
168532028	ar	2017-03-30 00:11:35	%E7%90%86%E6%83%B3%E4%B8%89%E6%97%AC
168532099	ip	2017-03-30 00:11:35	%e5%a4%aa%e6%83%b3%e7%88%b1%e4%bd%a0
168530775	ar	2017-03-30 00:11:36	%E7%AB%A5%E5%AE%89%E6%A0%BC
168531916	ar	2017-03-30 00:11:37	%E5%BC%A0%E5%9B%BD%E8%8D%A3
168530985	ar	2017-03-30 00:11:37	%E9%AD%94%E9%81%93%E7%A5%96%E5%B8%88
168531918	ar	2017-03-30 00:11:37	%E6%83%A0%E5%8D%97++%E6%B2%A1%E6%9C%89%E4%BD%A0%E6%88%91%E6%80%8E%E8%83%BD%E7%8B%AC%E8%87%AA%E6%B5%81%E6%B5%AA
168532019	ar	2017-03-30 00:11:38	%E5%A6%96%E7%B2%BE%E7%9A%84%E5%B0%BE%E5%B7%B4
168531002	ar	2017-03-30 00:11:39	%E5%88%98%E5%BE%B7%E5%8D%8E
168531780	ar	2017-03-30 00:11:39	%E3%80%8A%E5%91%A8%E6%98%9F%E9%A9%B0%E7%94%B5%E5%BD%B1%E9%85%8D%E4%B9%90%E5%A4%A7%E5%85%A8%E3%80%8B%E7%94%B5%E5%BD%B1%E5%8E%9F%E5%A3%B0
168529660	ar	2017-03-30 00:11:40	we+don%27t+talk+anymore
168531859	ar	2017-03-30 00:11:40	%E6%B8%85%E4%BB%93%E5%A4%A7%E7%94%A9%E5%8D%96%E5%B9%BF%E5%91%8A++%E5%B9%BF%E5%91%8A
168531969	ar	2017-03-30 00:11:41	exo
168531941	ar	2017-03-30 00:11:41	mc%E9%AB%98%E8%BF%AA
168530150	ar	2017-03-30 00:11:41	%E7%94%B5%E8%A7%86%E4%B8%BB%E9%A2%98%E6%9B%B2%E4%B8%93%E8%BE%91
168531910	ar	2017-03-30 00:11:45	%E6%AC%A2%E5%AD%90
168531672	ip	2017-03-30 00:11:45	%e5%88%9a%e5%a5%bd%e9%81%87%e8%a7%81%e4%bd%a0
168531537	ip	2017-03-30 00:11:45	%e6%86%a8%e4%ba%ba
168529985	ar	2017-03-30 00:11:45	%E6%9D%8E%E5%AE%87%E6%98%A5
168530481	ar	2017-03-30 00:11:46	%E7%88%B1%E5%A6%82%E6%98%9F%E7%81%AB++%E6%9D%A8%E5%B0%8F%E6%9B%BC%26%E5%86%B7%E6%BC%A0
168530150	ar	2017-03-30 00:11:47	%E7%94%B5%E8%A7%86%E4%B8%BB%E9%A2%98%E6%9B%B2%E4%B8%93%E8%BE%91
168530367	ar	2017-03-30 00:11:47	j.fla
168530639	ar	2017-03-30 00:11:47	%E4%B8%96%E7%95%8C%E4%B8%8A%E4%B8%8D%E5%AD%98%E5%9C%A8%E7%9A%84%E6%AD%8C
168532864	ip	2017-03-30 00:11:48	%e8%b5%b0%e5%a4%a9%e6%b6%af
168531916	ar	2017-03-30 00:11:48	%E5%BC%A0%E5%9B%BD%E8%8D%A3
168532070	ar	2017-03-30 00:11:50	%E5%B0%B1%E6%98%AF%E7%8E%B0%E5%9C%A8
168531636	ar	2017-03-30 00:11:51	%E5%B9%B2%E7%89%A9%E5%A5%B3%E4%BC%B4%E5%A5%8F
168532222	ar	2017-03-30 00:11:52	the+next+episode
168531355	ip	2017-03-30 00:11:52	%e4%b8%8d%e5%bf%85%e5%9c%a8%e4%b9%8e%e6%88%91%e6%98%af%e8%b0%81
168531639	ip	2017-03-30 00:11:53	%e5%83%8f%e6%88%91%e8%bf%99%e4%b8%80%e7%a7%8d%e7%94%b7%e4%ba%ba
